{"C:\\Users\\Usuario\\Desktop\\CURSOS CODER HOUSE\\BackEnd3\\EntregaFinal\\src\\dirname.js": {"path":"C:\\Users\\Usuario\\Desktop\\CURSOS CODER HOUSE\\BackEnd3\\EntregaFinal\\src\\dirname.js","statementMap":{"0":{"start":{"line":4,"column":19},"end":{"line":4,"column":49}},"1":{"start":{"line":5,"column":18},"end":{"line":5,"column":42}}},"fnMap":{},"branchMap":{},"s":{"0":1,"1":1},"f":{},"b":{},"inputSourceMap":null,"_coverageSchema":"1a1c01bbd47fc00a2c39e90264f33305004495a9","hash":"c219b749386bf406ddcf4dd11a0aa231ec2745ab"}
,"C:\\Users\\Usuario\\Desktop\\CURSOS CODER HOUSE\\BackEnd3\\EntregaFinal\\src\\server.js": {"path":"C:\\Users\\Usuario\\Desktop\\CURSOS CODER HOUSE\\BackEnd3\\EntregaFinal\\src\\server.js","statementMap":{"0":{"start":{"line":32,"column":12},"end":{"line":32,"column":21}},"1":{"start":{"line":33,"column":15},"end":{"line":33,"column":26}},"2":{"start":{"line":35,"column":22},"end":{"line":35,"column":36}},"3":{"start":{"line":37,"column":12},"end":{"line":45,"column":2}},"4":{"start":{"line":47,"column":0},"end":{"line":47,"column":59}},"5":{"start":{"line":47,"column":52},"end":{"line":47,"column":57}},"6":{"start":{"line":48,"column":0},"end":{"line":48,"column":72}},"7":{"start":{"line":48,"column":53},"end":{"line":48,"column":68}},"8":{"start":{"line":49,"column":0},"end":{"line":56,"column":3}},"9":{"start":{"line":50,"column":18},"end":{"line":50,"column":62}},"10":{"start":{"line":51,"column":2},"end":{"line":53,"column":3}},"11":{"start":{"line":52,"column":4},"end":{"line":52,"column":33}},"12":{"start":{"line":54,"column":18},"end":{"line":54,"column":104}},"13":{"start":{"line":55,"column":2},"end":{"line":55,"column":61}},"14":{"start":{"line":57,"column":0},"end":{"line":59,"column":3}},"15":{"start":{"line":58,"column":2},"end":{"line":58,"column":16}},"16":{"start":{"line":61,"column":0},"end":{"line":61,"column":30}},"17":{"start":{"line":62,"column":0},"end":{"line":62,"column":30}},"18":{"start":{"line":63,"column":0},"end":{"line":63,"column":48}},"19":{"start":{"line":65,"column":20},"end":{"line":148,"column":1}},"20":{"start":{"line":67,"column":2},"end":{"line":76,"column":3}},"21":{"start":{"line":68,"column":4},"end":{"line":73,"column":5}},"22":{"start":{"line":69,"column":6},"end":{"line":69,"column":54}},"23":{"start":{"line":71,"column":6},"end":{"line":71,"column":85}},"24":{"start":{"line":72,"column":6},"end":{"line":72,"column":22}},"25":{"start":{"line":74,"column":9},"end":{"line":76,"column":3}},"26":{"start":{"line":75,"column":4},"end":{"line":75,"column":47}},"27":{"start":{"line":78,"column":2},"end":{"line":78,"column":23}},"28":{"start":{"line":79,"column":2},"end":{"line":79,"column":33}},"29":{"start":{"line":81,"column":2},"end":{"line":81,"column":66}},"30":{"start":{"line":83,"column":2},"end":{"line":83,"column":25}},"31":{"start":{"line":84,"column":2},"end":{"line":84,"column":26}},"32":{"start":{"line":85,"column":2},"end":{"line":85,"column":50}},"33":{"start":{"line":86,"column":2},"end":{"line":86,"column":64}},"34":{"start":{"line":87,"column":2},"end":{"line":87,"column":26}},"35":{"start":{"line":88,"column":2},"end":{"line":88,"column":18}},"36":{"start":{"line":90,"column":2},"end":{"line":122,"column":5}},"37":{"start":{"line":91,"column":4},"end":{"line":120,"column":5}},"38":{"start":{"line":92,"column":6},"end":{"line":115,"column":7}},"39":{"start":{"line":93,"column":24},"end":{"line":93,"column":61}},"40":{"start":{"line":94,"column":21},"end":{"line":94,"column":65}},"41":{"start":{"line":95,"column":8},"end":{"line":109,"column":7}},"42":{"start":{"line":96,"column":8},"end":{"line":96,"column":66}},"43":{"start":{"line":97,"column":8},"end":{"line":97,"column":24}},"44":{"start":{"line":98,"column":8},"end":{"line":98,"column":38}},"45":{"start":{"line":99,"column":8},"end":{"line":104,"column":9}},"46":{"start":{"line":100,"column":23},"end":{"line":100,"column":65}},"47":{"start":{"line":101,"column":10},"end":{"line":101,"column":104}},"48":{"start":{"line":101,"column":76},"end":{"line":101,"column":95}},"49":{"start":{"line":103,"column":10},"end":{"line":103,"column":35}},"50":{"start":{"line":106,"column":8},"end":{"line":106,"column":24}},"51":{"start":{"line":107,"column":8},"end":{"line":107,"column":38}},"52":{"start":{"line":108,"column":8},"end":{"line":108,"column":33}},"53":{"start":{"line":111,"column":8},"end":{"line":111,"column":69}},"54":{"start":{"line":112,"column":8},"end":{"line":112,"column":24}},"55":{"start":{"line":113,"column":8},"end":{"line":113,"column":38}},"56":{"start":{"line":114,"column":8},"end":{"line":114,"column":33}},"57":{"start":{"line":117,"column":6},"end":{"line":117,"column":21}},"58":{"start":{"line":118,"column":6},"end":{"line":118,"column":36}},"59":{"start":{"line":119,"column":6},"end":{"line":119,"column":31}},"60":{"start":{"line":121,"column":4},"end":{"line":121,"column":11}},"61":{"start":{"line":124,"column":2},"end":{"line":127,"column":5}},"62":{"start":{"line":125,"column":4},"end":{"line":125,"column":44}},"63":{"start":{"line":126,"column":4},"end":{"line":126,"column":11}},"64":{"start":{"line":129,"column":2},"end":{"line":129,"column":28}},"65":{"start":{"line":130,"column":2},"end":{"line":130,"column":43}},"66":{"start":{"line":131,"column":2},"end":{"line":131,"column":37}},"67":{"start":{"line":132,"column":2},"end":{"line":132,"column":42}},"68":{"start":{"line":133,"column":2},"end":{"line":133,"column":27}},"69":{"start":{"line":134,"column":2},"end":{"line":134,"column":39}},"70":{"start":{"line":135,"column":2},"end":{"line":135,"column":37}},"71":{"start":{"line":136,"column":2},"end":{"line":136,"column":37}},"72":{"start":{"line":138,"column":2},"end":{"line":138,"column":24}},"73":{"start":{"line":140,"column":17},"end":{"line":140,"column":34}},"74":{"start":{"line":141,"column":2},"end":{"line":141,"column":21}},"75":{"start":{"line":145,"column":2},"end":{"line":147,"column":5}},"76":{"start":{"line":146,"column":4},"end":{"line":146,"column":74}},"77":{"start":{"line":151,"column":0},"end":{"line":153,"column":1}},"78":{"start":{"line":152,"column":2},"end":{"line":152,"column":16}}},"fnMap":{"0":{"name":"(anonymous_0)","decl":{"start":{"line":47,"column":42},"end":{"line":47,"column":43}},"loc":{"start":{"line":47,"column":52},"end":{"line":47,"column":57}},"line":47},"1":{"name":"(anonymous_1)","decl":{"start":{"line":48,"column":36},"end":{"line":48,"column":37}},"loc":{"start":{"line":48,"column":51},"end":{"line":48,"column":70}},"line":48},"2":{"name":"(anonymous_2)","decl":{"start":{"line":49,"column":44},"end":{"line":49,"column":45}},"loc":{"start":{"line":49,"column":59},"end":{"line":56,"column":1}},"line":49},"3":{"name":"(anonymous_3)","decl":{"start":{"line":57,"column":39},"end":{"line":57,"column":40}},"loc":{"start":{"line":57,"column":54},"end":{"line":59,"column":1}},"line":57},"4":{"name":"(anonymous_4)","decl":{"start":{"line":65,"column":20},"end":{"line":65,"column":21}},"loc":{"start":{"line":65,"column":32},"end":{"line":148,"column":1}},"line":65},"5":{"name":"(anonymous_5)","decl":{"start":{"line":90,"column":10},"end":{"line":90,"column":11}},"loc":{"start":{"line":90,"column":36},"end":{"line":122,"column":3}},"line":90},"6":{"name":"(anonymous_6)","decl":{"start":{"line":101,"column":61},"end":{"line":101,"column":62}},"loc":{"start":{"line":101,"column":76},"end":{"line":101,"column":95}},"line":101},"7":{"name":"(anonymous_7)","decl":{"start":{"line":124,"column":10},"end":{"line":124,"column":11}},"loc":{"start":{"line":124,"column":30},"end":{"line":127,"column":3}},"line":124},"8":{"name":"(anonymous_8)","decl":{"start":{"line":145,"column":29},"end":{"line":145,"column":30}},"loc":{"start":{"line":145,"column":35},"end":{"line":147,"column":3}},"line":145}},"branchMap":{"0":{"loc":{"start":{"line":50,"column":18},"end":{"line":50,"column":62}},"type":"cond-expr","locations":[{"start":{"line":50,"column":41},"end":{"line":50,"column":45}},{"start":{"line":50,"column":48},"end":{"line":50,"column":62}}],"line":50},"1":{"loc":{"start":{"line":51,"column":2},"end":{"line":53,"column":3}},"type":"if","locations":[{"start":{"line":51,"column":2},"end":{"line":53,"column":3}},{"start":{},"end":{}}],"line":51},"2":{"loc":{"start":{"line":51,"column":6},"end":{"line":51,"column":42}},"type":"binary-expr","locations":[{"start":{"line":51,"column":6},"end":{"line":51,"column":14}},{"start":{"line":51,"column":18},"end":{"line":51,"column":42}}],"line":51},"3":{"loc":{"start":{"line":67,"column":2},"end":{"line":76,"column":3}},"type":"if","locations":[{"start":{"line":67,"column":2},"end":{"line":76,"column":3}},{"start":{"line":74,"column":9},"end":{"line":76,"column":3}}],"line":67},"4":{"loc":{"start":{"line":74,"column":9},"end":{"line":76,"column":3}},"type":"if","locations":[{"start":{"line":74,"column":9},"end":{"line":76,"column":3}},{"start":{},"end":{}}],"line":74},"5":{"loc":{"start":{"line":91,"column":4},"end":{"line":120,"column":5}},"type":"if","locations":[{"start":{"line":91,"column":4},"end":{"line":120,"column":5}},{"start":{"line":116,"column":11},"end":{"line":120,"column":5}}],"line":91},"6":{"loc":{"start":{"line":95,"column":8},"end":{"line":109,"column":7}},"type":"if","locations":[{"start":{"line":95,"column":8},"end":{"line":109,"column":7}},{"start":{"line":105,"column":13},"end":{"line":109,"column":7}}],"line":95},"7":{"loc":{"start":{"line":96,"column":22},"end":{"line":96,"column":65}},"type":"cond-expr","locations":[{"start":{"line":96,"column":36},"end":{"line":96,"column":58}},{"start":{"line":96,"column":61},"end":{"line":96,"column":65}}],"line":96},"8":{"loc":{"start":{"line":99,"column":8},"end":{"line":104,"column":9}},"type":"if","locations":[{"start":{"line":99,"column":8},"end":{"line":104,"column":9}},{"start":{"line":102,"column":15},"end":{"line":104,"column":9}}],"line":99},"9":{"loc":{"start":{"line":99,"column":12},"end":{"line":99,"column":41}},"type":"binary-expr","locations":[{"start":{"line":99,"column":12},"end":{"line":99,"column":16}},{"start":{"line":99,"column":20},"end":{"line":99,"column":41}}],"line":99},"10":{"loc":{"start":{"line":101,"column":33},"end":{"line":101,"column":103}},"type":"cond-expr","locations":[{"start":{"line":101,"column":40},"end":{"line":101,"column":99}},{"start":{"line":101,"column":102},"end":{"line":101,"column":103}}],"line":101},"11":{"loc":{"start":{"line":151,"column":0},"end":{"line":153,"column":1}},"type":"if","locations":[{"start":{"line":151,"column":0},"end":{"line":153,"column":1}},{"start":{},"end":{}}],"line":151}},"s":{"0":1,"1":1,"2":1,"3":1,"4":1,"5":0,"6":1,"7":0,"8":1,"9":0,"10":0,"11":0,"12":0,"13":0,"14":1,"15":0,"16":1,"17":1,"18":1,"19":1,"20":0,"21":0,"22":0,"23":0,"24":0,"25":0,"26":0,"27":0,"28":0,"29":0,"30":0,"31":0,"32":0,"33":0,"34":0,"35":0,"36":0,"37":0,"38":0,"39":0,"40":0,"41":0,"42":0,"43":0,"44":0,"45":0,"46":0,"47":0,"48":0,"49":0,"50":0,"51":0,"52":0,"53":0,"54":0,"55":0,"56":0,"57":0,"58":0,"59":0,"60":0,"61":0,"62":0,"63":0,"64":0,"65":0,"66":0,"67":0,"68":0,"69":0,"70":0,"71":0,"72":0,"73":0,"74":0,"75":0,"76":0,"77":1,"78":0},"f":{"0":0,"1":0,"2":0,"3":0,"4":0,"5":0,"6":0,"7":0,"8":0},"b":{"0":[0,0],"1":[0,0],"2":[0,0],"3":[0,0],"4":[0,0],"5":[0,0],"6":[0,0],"7":[0,0],"8":[0,0],"9":[0,0],"10":[0,0],"11":[0,1]},"inputSourceMap":null,"_coverageSchema":"1a1c01bbd47fc00a2c39e90264f33305004495a9","hash":"79f90ee60772369060d00a0a2e90ee8dfea5b01c"}
,"C:\\Users\\Usuario\\Desktop\\CURSOS CODER HOUSE\\BackEnd3\\EntregaFinal\\src\\socket.js": {"path":"C:\\Users\\Usuario\\Desktop\\CURSOS CODER HOUSE\\BackEnd3\\EntregaFinal\\src\\socket.js","statementMap":{"0":{"start":{"line":5,"column":15},"end":{"line":5,"column":26}},"1":{"start":{"line":9,"column":26},"end":{"line":52,"column":1}},"2":{"start":{"line":10,"column":2},"end":{"line":10,"column":26}},"3":{"start":{"line":12,"column":2},"end":{"line":51,"column":5}},"4":{"start":{"line":13,"column":4},"end":{"line":13,"column":55}},"5":{"start":{"line":16,"column":4},"end":{"line":16,"column":55}},"6":{"start":{"line":19,"column":4},"end":{"line":32,"column":7}},"7":{"start":{"line":20,"column":6},"end":{"line":31,"column":7}},"8":{"start":{"line":21,"column":8},"end":{"line":21,"column":50}},"9":{"start":{"line":22,"column":38},"end":{"line":22,"column":79}},"10":{"start":{"line":23,"column":27},"end":{"line":23,"column":59}},"11":{"start":{"line":24,"column":38},"end":{"line":26,"column":10}},"12":{"start":{"line":27,"column":8},"end":{"line":27,"column":74}},"13":{"start":{"line":29,"column":8},"end":{"line":29,"column":66}},"14":{"start":{"line":30,"column":8},"end":{"line":30,"column":44}},"15":{"start":{"line":35,"column":4},"end":{"line":50,"column":7}},"16":{"start":{"line":36,"column":6},"end":{"line":49,"column":7}},"17":{"start":{"line":37,"column":8},"end":{"line":37,"column":52}},"18":{"start":{"line":38,"column":38},"end":{"line":40,"column":10}},"19":{"start":{"line":41,"column":8},"end":{"line":45,"column":10}},"20":{"start":{"line":47,"column":8},"end":{"line":47,"column":67}},"21":{"start":{"line":48,"column":8},"end":{"line":48,"column":44}}},"fnMap":{"0":{"name":"(anonymous_0)","decl":{"start":{"line":9,"column":26},"end":{"line":9,"column":27}},"loc":{"start":{"line":9,"column":38},"end":{"line":52,"column":1}},"line":9},"1":{"name":"(anonymous_1)","decl":{"start":{"line":12,"column":22},"end":{"line":12,"column":23}},"loc":{"start":{"line":12,"column":34},"end":{"line":51,"column":3}},"line":12},"2":{"name":"(anonymous_2)","decl":{"start":{"line":19,"column":33},"end":{"line":19,"column":34}},"loc":{"start":{"line":19,"column":52},"end":{"line":32,"column":5}},"line":19},"3":{"name":"(anonymous_3)","decl":{"start":{"line":35,"column":34},"end":{"line":35,"column":35}},"loc":{"start":{"line":35,"column":69},"end":{"line":50,"column":5}},"line":35}},"branchMap":{},"s":{"0":1,"1":1,"2":0,"3":0,"4":0,"5":0,"6":0,"7":0,"8":0,"9":0,"10":0,"11":0,"12":0,"13":0,"14":0,"15":0,"16":0,"17":0,"18":0,"19":0,"20":0,"21":0},"f":{"0":0,"1":0,"2":0,"3":0},"b":{},"inputSourceMap":null,"_coverageSchema":"1a1c01bbd47fc00a2c39e90264f33305004495a9","hash":"1642be89c5632c96d06a08e92f708f584c10c4c6"}
,"C:\\Users\\Usuario\\Desktop\\CURSOS CODER HOUSE\\BackEnd3\\EntregaFinal\\src\\DAOs\\index.dao.js": {"path":"C:\\Users\\Usuario\\Desktop\\CURSOS CODER HOUSE\\BackEnd3\\EntregaFinal\\src\\DAOs\\index.dao.js","statementMap":{"0":{"start":{"line":6,"column":13},"end":{"line":6,"column":82}},"1":{"start":{"line":8,"column":59},"end":{"line":8,"column":63}}},"fnMap":{},"branchMap":{"0":{"loc":{"start":{"line":6,"column":13},"end":{"line":6,"column":82}},"type":"cond-expr","locations":[{"start":{"line":6,"column":58},"end":{"line":6,"column":69}},{"start":{"line":6,"column":72},"end":{"line":6,"column":82}}],"line":6}},"s":{"0":1,"1":1},"f":{},"b":{"0":[1,0]},"inputSourceMap":null,"_coverageSchema":"1a1c01bbd47fc00a2c39e90264f33305004495a9","hash":"9df48172488f1082d4e9973eb91a820637a83ecc"}
,"C:\\Users\\Usuario\\Desktop\\CURSOS CODER HOUSE\\BackEnd3\\EntregaFinal\\src\\DAOs\\memory\\cart.dao.js": {"path":"C:\\Users\\Usuario\\Desktop\\CURSOS CODER HOUSE\\BackEnd3\\EntregaFinal\\src\\DAOs\\memory\\cart.dao.js","statementMap":{"0":{"start":{"line":3,"column":12},"end":{"line":3,"column":14}},"1":{"start":{"line":7,"column":20},"end":{"line":10,"column":5}},"2":{"start":{"line":11,"column":4},"end":{"line":11,"column":24}},"3":{"start":{"line":12,"column":4},"end":{"line":12,"column":19}},"4":{"start":{"line":16,"column":4},"end":{"line":16,"column":55}},"5":{"start":{"line":16,"column":29},"end":{"line":16,"column":45}},"6":{"start":{"line":20,"column":4},"end":{"line":20,"column":17}},"7":{"start":{"line":24,"column":17},"end":{"line":24,"column":47}},"8":{"start":{"line":25,"column":4},"end":{"line":25,"column":56}},"9":{"start":{"line":25,"column":15},"end":{"line":25,"column":56}},"10":{"start":{"line":27,"column":25},"end":{"line":29,"column":5}},"11":{"start":{"line":28,"column":16},"end":{"line":28,"column":42}},"12":{"start":{"line":31,"column":4},"end":{"line":35,"column":5}},"13":{"start":{"line":32,"column":6},"end":{"line":32,"column":48}},"14":{"start":{"line":34,"column":6},"end":{"line":34,"column":62}},"15":{"start":{"line":37,"column":4},"end":{"line":37,"column":16}},"16":{"start":{"line":41,"column":17},"end":{"line":41,"column":47}},"17":{"start":{"line":42,"column":4},"end":{"line":42,"column":56}},"18":{"start":{"line":42,"column":15},"end":{"line":42,"column":56}},"19":{"start":{"line":44,"column":25},"end":{"line":46,"column":5}},"20":{"start":{"line":45,"column":16},"end":{"line":45,"column":42}},"21":{"start":{"line":48,"column":4},"end":{"line":48,"column":85}},"22":{"start":{"line":48,"column":29},"end":{"line":48,"column":85}},"23":{"start":{"line":50,"column":4},"end":{"line":50,"column":52}},"24":{"start":{"line":51,"column":4},"end":{"line":51,"column":16}},"25":{"start":{"line":55,"column":17},"end":{"line":55,"column":47}},"26":{"start":{"line":56,"column":4},"end":{"line":56,"column":56}},"27":{"start":{"line":56,"column":15},"end":{"line":56,"column":56}},"28":{"start":{"line":58,"column":4},"end":{"line":60,"column":6}},"29":{"start":{"line":59,"column":16},"end":{"line":59,"column":42}},"30":{"start":{"line":61,"column":4},"end":{"line":61,"column":16}},"31":{"start":{"line":65,"column":17},"end":{"line":65,"column":47}},"32":{"start":{"line":66,"column":4},"end":{"line":66,"column":56}},"33":{"start":{"line":66,"column":15},"end":{"line":66,"column":56}},"34":{"start":{"line":68,"column":4},"end":{"line":68,"column":29}},"35":{"start":{"line":69,"column":4},"end":{"line":69,"column":16}},"36":{"start":{"line":73,"column":17},"end":{"line":73,"column":47}},"37":{"start":{"line":74,"column":4},"end":{"line":74,"column":56}},"38":{"start":{"line":74,"column":15},"end":{"line":74,"column":56}},"39":{"start":{"line":76,"column":4},"end":{"line":76,"column":23}},"40":{"start":{"line":77,"column":4},"end":{"line":77,"column":16}}},"fnMap":{"0":{"name":"(anonymous_0)","decl":{"start":{"line":6,"column":2},"end":{"line":6,"column":3}},"loc":{"start":{"line":6,"column":21},"end":{"line":13,"column":3}},"line":6},"1":{"name":"(anonymous_1)","decl":{"start":{"line":15,"column":2},"end":{"line":15,"column":3}},"loc":{"start":{"line":15,"column":28},"end":{"line":17,"column":3}},"line":15},"2":{"name":"(anonymous_2)","decl":{"start":{"line":16,"column":22},"end":{"line":16,"column":23}},"loc":{"start":{"line":16,"column":29},"end":{"line":16,"column":45}},"line":16},"3":{"name":"(anonymous_3)","decl":{"start":{"line":19,"column":2},"end":{"line":19,"column":3}},"loc":{"start":{"line":19,"column":22},"end":{"line":21,"column":3}},"line":19},"4":{"name":"(anonymous_4)","decl":{"start":{"line":23,"column":2},"end":{"line":23,"column":3}},"loc":{"start":{"line":23,"column":44},"end":{"line":38,"column":3}},"line":23},"5":{"name":"(anonymous_5)","decl":{"start":{"line":28,"column":6},"end":{"line":28,"column":7}},"loc":{"start":{"line":28,"column":16},"end":{"line":28,"column":42}},"line":28},"6":{"name":"(anonymous_6)","decl":{"start":{"line":40,"column":2},"end":{"line":40,"column":3}},"loc":{"start":{"line":40,"column":59},"end":{"line":52,"column":3}},"line":40},"7":{"name":"(anonymous_7)","decl":{"start":{"line":45,"column":6},"end":{"line":45,"column":7}},"loc":{"start":{"line":45,"column":16},"end":{"line":45,"column":42}},"line":45},"8":{"name":"(anonymous_8)","decl":{"start":{"line":54,"column":2},"end":{"line":54,"column":3}},"loc":{"start":{"line":54,"column":49},"end":{"line":62,"column":3}},"line":54},"9":{"name":"(anonymous_9)","decl":{"start":{"line":59,"column":6},"end":{"line":59,"column":7}},"loc":{"start":{"line":59,"column":16},"end":{"line":59,"column":42}},"line":59},"10":{"name":"(anonymous_10)","decl":{"start":{"line":64,"column":2},"end":{"line":64,"column":3}},"loc":{"start":{"line":64,"column":37},"end":{"line":70,"column":3}},"line":64},"11":{"name":"(anonymous_11)","decl":{"start":{"line":72,"column":2},"end":{"line":72,"column":3}},"loc":{"start":{"line":72,"column":26},"end":{"line":78,"column":3}},"line":72}},"branchMap":{"0":{"loc":{"start":{"line":16,"column":11},"end":{"line":16,"column":54}},"type":"binary-expr","locations":[{"start":{"line":16,"column":11},"end":{"line":16,"column":46}},{"start":{"line":16,"column":50},"end":{"line":16,"column":54}}],"line":16},"1":{"loc":{"start":{"line":25,"column":4},"end":{"line":25,"column":56}},"type":"if","locations":[{"start":{"line":25,"column":4},"end":{"line":25,"column":56}},{"start":{},"end":{}}],"line":25},"2":{"loc":{"start":{"line":31,"column":4},"end":{"line":35,"column":5}},"type":"if","locations":[{"start":{"line":31,"column":4},"end":{"line":35,"column":5}},{"start":{"line":33,"column":11},"end":{"line":35,"column":5}}],"line":31},"3":{"loc":{"start":{"line":42,"column":4},"end":{"line":42,"column":56}},"type":"if","locations":[{"start":{"line":42,"column":4},"end":{"line":42,"column":56}},{"start":{},"end":{}}],"line":42},"4":{"loc":{"start":{"line":48,"column":4},"end":{"line":48,"column":85}},"type":"if","locations":[{"start":{"line":48,"column":4},"end":{"line":48,"column":85}},{"start":{},"end":{}}],"line":48},"5":{"loc":{"start":{"line":56,"column":4},"end":{"line":56,"column":56}},"type":"if","locations":[{"start":{"line":56,"column":4},"end":{"line":56,"column":56}},{"start":{},"end":{}}],"line":56},"6":{"loc":{"start":{"line":66,"column":4},"end":{"line":66,"column":56}},"type":"if","locations":[{"start":{"line":66,"column":4},"end":{"line":66,"column":56}},{"start":{},"end":{}}],"line":66},"7":{"loc":{"start":{"line":74,"column":4},"end":{"line":74,"column":56}},"type":"if","locations":[{"start":{"line":74,"column":4},"end":{"line":74,"column":56}},{"start":{},"end":{}}],"line":74}},"s":{"0":1,"1":0,"2":0,"3":0,"4":0,"5":0,"6":0,"7":0,"8":0,"9":0,"10":0,"11":0,"12":0,"13":0,"14":0,"15":0,"16":0,"17":0,"18":0,"19":0,"20":0,"21":0,"22":0,"23":0,"24":0,"25":0,"26":0,"27":0,"28":0,"29":0,"30":0,"31":0,"32":0,"33":0,"34":0,"35":0,"36":0,"37":0,"38":0,"39":0,"40":0},"f":{"0":0,"1":0,"2":0,"3":0,"4":0,"5":0,"6":0,"7":0,"8":0,"9":0,"10":0,"11":0},"b":{"0":[0,0],"1":[0,0],"2":[0,0],"3":[0,0],"4":[0,0],"5":[0,0],"6":[0,0],"7":[0,0]},"inputSourceMap":null,"_coverageSchema":"1a1c01bbd47fc00a2c39e90264f33305004495a9","hash":"ae8295d467e6849c29f1a761fc71031cb8eb609a"}
,"C:\\Users\\Usuario\\Desktop\\CURSOS CODER HOUSE\\BackEnd3\\EntregaFinal\\src\\DAOs\\memory\\index.js": {"path":"C:\\Users\\Usuario\\Desktop\\CURSOS CODER HOUSE\\BackEnd3\\EntregaFinal\\src\\DAOs\\memory\\index.js","statementMap":{"0":{"start":{"line":6,"column":26},"end":{"line":11,"column":1}}},"fnMap":{},"branchMap":{},"s":{"0":1},"f":{},"b":{},"inputSourceMap":null,"_coverageSchema":"1a1c01bbd47fc00a2c39e90264f33305004495a9","hash":"962895161de3a397733189395bcdc1ddba93341a"}
,"C:\\Users\\Usuario\\Desktop\\CURSOS CODER HOUSE\\BackEnd3\\EntregaFinal\\src\\DAOs\\memory\\product.dao.js": {"path":"C:\\Users\\Usuario\\Desktop\\CURSOS CODER HOUSE\\BackEnd3\\EntregaFinal\\src\\DAOs\\memory\\product.dao.js","statementMap":{"0":{"start":{"line":3,"column":15},"end":{"line":3,"column":17}},"1":{"start":{"line":7,"column":18},"end":{"line":7,"column":36}},"2":{"start":{"line":8,"column":16},"end":{"line":8,"column":29}},"3":{"start":{"line":9,"column":4},"end":{"line":15,"column":6}},"4":{"start":{"line":19,"column":4},"end":{"line":19,"column":61}},"5":{"start":{"line":19,"column":32},"end":{"line":19,"column":51}},"6":{"start":{"line":23,"column":23},"end":{"line":26,"column":5}},"7":{"start":{"line":27,"column":4},"end":{"line":27,"column":30}},"8":{"start":{"line":28,"column":4},"end":{"line":28,"column":22}},"9":{"start":{"line":32,"column":18},"end":{"line":32,"column":64}},"10":{"start":{"line":32,"column":44},"end":{"line":32,"column":63}},"11":{"start":{"line":33,"column":4},"end":{"line":33,"column":34}},"12":{"start":{"line":33,"column":22},"end":{"line":33,"column":34}},"13":{"start":{"line":34,"column":4},"end":{"line":34,"column":61}},"14":{"start":{"line":35,"column":4},"end":{"line":35,"column":27}},"15":{"start":{"line":39,"column":18},"end":{"line":39,"column":64}},"16":{"start":{"line":39,"column":44},"end":{"line":39,"column":63}},"17":{"start":{"line":40,"column":4},"end":{"line":40,"column":34}},"18":{"start":{"line":40,"column":22},"end":{"line":40,"column":34}},"19":{"start":{"line":41,"column":20},"end":{"line":41,"column":48}},"20":{"start":{"line":42,"column":4},"end":{"line":42,"column":19}},"21":{"start":{"line":46,"column":4},"end":{"line":46,"column":27}},"22":{"start":{"line":50,"column":18},"end":{"line":50,"column":64}},"23":{"start":{"line":50,"column":44},"end":{"line":50,"column":63}},"24":{"start":{"line":51,"column":4},"end":{"line":51,"column":34}},"25":{"start":{"line":51,"column":22},"end":{"line":51,"column":34}},"26":{"start":{"line":52,"column":20},"end":{"line":52,"column":48}},"27":{"start":{"line":53,"column":4},"end":{"line":53,"column":19}}},"fnMap":{"0":{"name":"(anonymous_0)","decl":{"start":{"line":6,"column":2},"end":{"line":6,"column":3}},"loc":{"start":{"line":6,"column":28},"end":{"line":16,"column":3}},"line":6},"1":{"name":"(anonymous_1)","decl":{"start":{"line":18,"column":2},"end":{"line":18,"column":3}},"loc":{"start":{"line":18,"column":27},"end":{"line":20,"column":3}},"line":18},"2":{"name":"(anonymous_2)","decl":{"start":{"line":19,"column":25},"end":{"line":19,"column":26}},"loc":{"start":{"line":19,"column":32},"end":{"line":19,"column":51}},"line":19},"3":{"name":"(anonymous_3)","decl":{"start":{"line":22,"column":2},"end":{"line":22,"column":3}},"loc":{"start":{"line":22,"column":28},"end":{"line":29,"column":3}},"line":22},"4":{"name":"(anonymous_4)","decl":{"start":{"line":31,"column":2},"end":{"line":31,"column":3}},"loc":{"start":{"line":31,"column":39},"end":{"line":36,"column":3}},"line":31},"5":{"name":"(anonymous_5)","decl":{"start":{"line":32,"column":37},"end":{"line":32,"column":38}},"loc":{"start":{"line":32,"column":44},"end":{"line":32,"column":63}},"line":32},"6":{"name":"(anonymous_6)","decl":{"start":{"line":38,"column":2},"end":{"line":38,"column":3}},"loc":{"start":{"line":38,"column":26},"end":{"line":43,"column":3}},"line":38},"7":{"name":"(anonymous_7)","decl":{"start":{"line":39,"column":37},"end":{"line":39,"column":38}},"loc":{"start":{"line":39,"column":44},"end":{"line":39,"column":63}},"line":39},"8":{"name":"(anonymous_8)","decl":{"start":{"line":45,"column":2},"end":{"line":45,"column":3}},"loc":{"start":{"line":45,"column":36},"end":{"line":47,"column":3}},"line":45},"9":{"name":"(anonymous_9)","decl":{"start":{"line":49,"column":2},"end":{"line":49,"column":3}},"loc":{"start":{"line":49,"column":29},"end":{"line":54,"column":3}},"line":49},"10":{"name":"(anonymous_10)","decl":{"start":{"line":50,"column":37},"end":{"line":50,"column":38}},"loc":{"start":{"line":50,"column":44},"end":{"line":50,"column":63}},"line":50}},"branchMap":{"0":{"loc":{"start":{"line":19,"column":11},"end":{"line":19,"column":60}},"type":"binary-expr","locations":[{"start":{"line":19,"column":11},"end":{"line":19,"column":52}},{"start":{"line":19,"column":56},"end":{"line":19,"column":60}}],"line":19},"1":{"loc":{"start":{"line":33,"column":4},"end":{"line":33,"column":34}},"type":"if","locations":[{"start":{"line":33,"column":4},"end":{"line":33,"column":34}},{"start":{},"end":{}}],"line":33},"2":{"loc":{"start":{"line":40,"column":4},"end":{"line":40,"column":34}},"type":"if","locations":[{"start":{"line":40,"column":4},"end":{"line":40,"column":34}},{"start":{},"end":{}}],"line":40},"3":{"loc":{"start":{"line":45,"column":23},"end":{"line":45,"column":34}},"type":"default-arg","locations":[{"start":{"line":45,"column":32},"end":{"line":45,"column":34}}],"line":45},"4":{"loc":{"start":{"line":51,"column":4},"end":{"line":51,"column":34}},"type":"if","locations":[{"start":{"line":51,"column":4},"end":{"line":51,"column":34}},{"start":{},"end":{}}],"line":51}},"s":{"0":1,"1":0,"2":0,"3":0,"4":0,"5":0,"6":0,"7":0,"8":0,"9":0,"10":0,"11":0,"12":0,"13":0,"14":0,"15":0,"16":0,"17":0,"18":0,"19":0,"20":0,"21":0,"22":0,"23":0,"24":0,"25":0,"26":0,"27":0},"f":{"0":0,"1":0,"2":0,"3":0,"4":0,"5":0,"6":0,"7":0,"8":0,"9":0,"10":0},"b":{"0":[0,0],"1":[0,0],"2":[0,0],"3":[0],"4":[0,0]},"inputSourceMap":null,"_coverageSchema":"1a1c01bbd47fc00a2c39e90264f33305004495a9","hash":"4a829b447aa5c7ea2f05a0ca63ad22b92a1b0b94"}
,"C:\\Users\\Usuario\\Desktop\\CURSOS CODER HOUSE\\BackEnd3\\EntregaFinal\\src\\DAOs\\memory\\ticket.dao.js": {"path":"C:\\Users\\Usuario\\Desktop\\CURSOS CODER HOUSE\\BackEnd3\\EntregaFinal\\src\\DAOs\\memory\\ticket.dao.js","statementMap":{"0":{"start":{"line":3,"column":14},"end":{"line":3,"column":16}},"1":{"start":{"line":7,"column":22},"end":{"line":12,"column":5}},"2":{"start":{"line":13,"column":4},"end":{"line":13,"column":28}},"3":{"start":{"line":14,"column":4},"end":{"line":14,"column":21}},"4":{"start":{"line":18,"column":4},"end":{"line":18,"column":59}},"5":{"start":{"line":18,"column":31},"end":{"line":18,"column":49}},"6":{"start":{"line":22,"column":4},"end":{"line":22,"column":57}},"7":{"start":{"line":22,"column":42},"end":{"line":22,"column":57}},"8":{"start":{"line":23,"column":4},"end":{"line":25,"column":6}},"9":{"start":{"line":24,"column":6},"end":{"line":24,"column":69}},"10":{"start":{"line":24,"column":41},"end":{"line":24,"column":68}}},"fnMap":{"0":{"name":"(anonymous_0)","decl":{"start":{"line":6,"column":2},"end":{"line":6,"column":3}},"loc":{"start":{"line":6,"column":27},"end":{"line":15,"column":3}},"line":6},"1":{"name":"(anonymous_1)","decl":{"start":{"line":17,"column":2},"end":{"line":17,"column":3}},"loc":{"start":{"line":17,"column":26},"end":{"line":19,"column":3}},"line":17},"2":{"name":"(anonymous_2)","decl":{"start":{"line":18,"column":24},"end":{"line":18,"column":25}},"loc":{"start":{"line":18,"column":31},"end":{"line":18,"column":49}},"line":18},"3":{"name":"(anonymous_3)","decl":{"start":{"line":21,"column":2},"end":{"line":21,"column":3}},"loc":{"start":{"line":21,"column":28},"end":{"line":26,"column":3}},"line":21},"4":{"name":"(anonymous_4)","decl":{"start":{"line":23,"column":26},"end":{"line":23,"column":27}},"loc":{"start":{"line":24,"column":6},"end":{"line":24,"column":69}},"line":24},"5":{"name":"(anonymous_5)","decl":{"start":{"line":24,"column":32},"end":{"line":24,"column":33}},"loc":{"start":{"line":24,"column":41},"end":{"line":24,"column":68}},"line":24}},"branchMap":{"0":{"loc":{"start":{"line":18,"column":11},"end":{"line":18,"column":58}},"type":"binary-expr","locations":[{"start":{"line":18,"column":11},"end":{"line":18,"column":50}},{"start":{"line":18,"column":54},"end":{"line":18,"column":58}}],"line":18},"1":{"loc":{"start":{"line":21,"column":15},"end":{"line":21,"column":26}},"type":"default-arg","locations":[{"start":{"line":21,"column":24},"end":{"line":21,"column":26}}],"line":21},"2":{"loc":{"start":{"line":22,"column":4},"end":{"line":22,"column":57}},"type":"if","locations":[{"start":{"line":22,"column":4},"end":{"line":22,"column":57}},{"start":{},"end":{}}],"line":22}},"s":{"0":1,"1":0,"2":0,"3":0,"4":0,"5":0,"6":0,"7":0,"8":0,"9":0,"10":0},"f":{"0":0,"1":0,"2":0,"3":0,"4":0,"5":0},"b":{"0":[0,0],"1":[0],"2":[0,0]},"inputSourceMap":null,"_coverageSchema":"1a1c01bbd47fc00a2c39e90264f33305004495a9","hash":"e17bdeb7056d656dbc697c0119a977ffd378376f"}
,"C:\\Users\\Usuario\\Desktop\\CURSOS CODER HOUSE\\BackEnd3\\EntregaFinal\\src\\DAOs\\memory\\user.dao.js": {"path":"C:\\Users\\Usuario\\Desktop\\CURSOS CODER HOUSE\\BackEnd3\\EntregaFinal\\src\\DAOs\\memory\\user.dao.js","statementMap":{"0":{"start":{"line":3,"column":12},"end":{"line":3,"column":14}},"1":{"start":{"line":7,"column":4},"end":{"line":7,"column":17}},"2":{"start":{"line":11,"column":4},"end":{"line":11,"column":55}},"3":{"start":{"line":11,"column":29},"end":{"line":11,"column":45}},"4":{"start":{"line":15,"column":20},"end":{"line":18,"column":5}},"5":{"start":{"line":19,"column":4},"end":{"line":19,"column":24}},"6":{"start":{"line":20,"column":4},"end":{"line":20,"column":19}},"7":{"start":{"line":24,"column":18},"end":{"line":24,"column":58}},"8":{"start":{"line":24,"column":41},"end":{"line":24,"column":57}},"9":{"start":{"line":25,"column":4},"end":{"line":25,"column":34}},"10":{"start":{"line":25,"column":22},"end":{"line":25,"column":34}},"11":{"start":{"line":26,"column":4},"end":{"line":26,"column":52}},"12":{"start":{"line":27,"column":4},"end":{"line":27,"column":24}},"13":{"start":{"line":31,"column":18},"end":{"line":31,"column":58}},"14":{"start":{"line":31,"column":41},"end":{"line":31,"column":57}},"15":{"start":{"line":32,"column":4},"end":{"line":32,"column":34}},"16":{"start":{"line":32,"column":22},"end":{"line":32,"column":34}},"17":{"start":{"line":33,"column":20},"end":{"line":33,"column":45}},"18":{"start":{"line":34,"column":4},"end":{"line":34,"column":19}},"19":{"start":{"line":38,"column":4},"end":{"line":38,"column":56}},"20":{"start":{"line":38,"column":29},"end":{"line":38,"column":46}}},"fnMap":{"0":{"name":"(anonymous_0)","decl":{"start":{"line":6,"column":2},"end":{"line":6,"column":3}},"loc":{"start":{"line":6,"column":17},"end":{"line":8,"column":3}},"line":6},"1":{"name":"(anonymous_1)","decl":{"start":{"line":10,"column":2},"end":{"line":10,"column":3}},"loc":{"start":{"line":10,"column":24},"end":{"line":12,"column":3}},"line":10},"2":{"name":"(anonymous_2)","decl":{"start":{"line":11,"column":22},"end":{"line":11,"column":23}},"loc":{"start":{"line":11,"column":29},"end":{"line":11,"column":45}},"line":11},"3":{"name":"(anonymous_3)","decl":{"start":{"line":14,"column":2},"end":{"line":14,"column":3}},"loc":{"start":{"line":14,"column":25},"end":{"line":21,"column":3}},"line":14},"4":{"name":"(anonymous_4)","decl":{"start":{"line":23,"column":2},"end":{"line":23,"column":3}},"loc":{"start":{"line":23,"column":33},"end":{"line":28,"column":3}},"line":23},"5":{"name":"(anonymous_5)","decl":{"start":{"line":24,"column":34},"end":{"line":24,"column":35}},"loc":{"start":{"line":24,"column":41},"end":{"line":24,"column":57}},"line":24},"6":{"name":"(anonymous_6)","decl":{"start":{"line":30,"column":2},"end":{"line":30,"column":3}},"loc":{"start":{"line":30,"column":23},"end":{"line":35,"column":3}},"line":30},"7":{"name":"(anonymous_7)","decl":{"start":{"line":31,"column":34},"end":{"line":31,"column":35}},"loc":{"start":{"line":31,"column":41},"end":{"line":31,"column":57}},"line":31},"8":{"name":"(anonymous_8)","decl":{"start":{"line":37,"column":2},"end":{"line":37,"column":3}},"loc":{"start":{"line":37,"column":27},"end":{"line":39,"column":3}},"line":37},"9":{"name":"(anonymous_9)","decl":{"start":{"line":38,"column":22},"end":{"line":38,"column":23}},"loc":{"start":{"line":38,"column":29},"end":{"line":38,"column":46}},"line":38}},"branchMap":{"0":{"loc":{"start":{"line":11,"column":11},"end":{"line":11,"column":54}},"type":"binary-expr","locations":[{"start":{"line":11,"column":11},"end":{"line":11,"column":46}},{"start":{"line":11,"column":50},"end":{"line":11,"column":54}}],"line":11},"1":{"loc":{"start":{"line":25,"column":4},"end":{"line":25,"column":34}},"type":"if","locations":[{"start":{"line":25,"column":4},"end":{"line":25,"column":34}},{"start":{},"end":{}}],"line":25},"2":{"loc":{"start":{"line":32,"column":4},"end":{"line":32,"column":34}},"type":"if","locations":[{"start":{"line":32,"column":4},"end":{"line":32,"column":34}},{"start":{},"end":{}}],"line":32},"3":{"loc":{"start":{"line":38,"column":11},"end":{"line":38,"column":55}},"type":"binary-expr","locations":[{"start":{"line":38,"column":11},"end":{"line":38,"column":47}},{"start":{"line":38,"column":51},"end":{"line":38,"column":55}}],"line":38}},"s":{"0":1,"1":0,"2":0,"3":0,"4":0,"5":0,"6":0,"7":0,"8":0,"9":0,"10":0,"11":0,"12":0,"13":0,"14":0,"15":0,"16":0,"17":0,"18":0,"19":0,"20":0},"f":{"0":0,"1":0,"2":0,"3":0,"4":0,"5":0,"6":0,"7":0,"8":0,"9":0},"b":{"0":[0,0],"1":[0,0],"2":[0,0],"3":[0,0]},"inputSourceMap":null,"_coverageSchema":"1a1c01bbd47fc00a2c39e90264f33305004495a9","hash":"7d9de047bde4c92a4f92aa650084a87109c6c033"}
,"C:\\Users\\Usuario\\Desktop\\CURSOS CODER HOUSE\\BackEnd3\\EntregaFinal\\src\\DAOs\\mongodb\\cart.dao.js": {"path":"C:\\Users\\Usuario\\Desktop\\CURSOS CODER HOUSE\\BackEnd3\\EntregaFinal\\src\\DAOs\\mongodb\\cart.dao.js","statementMap":{"0":{"start":{"line":5,"column":4},"end":{"line":5,"column":47}},"1":{"start":{"line":9,"column":4},"end":{"line":9,"column":68}},"2":{"start":{"line":13,"column":4},"end":{"line":13,"column":60}},"3":{"start":{"line":17,"column":17},"end":{"line":17,"column":47}},"4":{"start":{"line":18,"column":4},"end":{"line":18,"column":56}},"5":{"start":{"line":18,"column":15},"end":{"line":18,"column":56}},"6":{"start":{"line":20,"column":25},"end":{"line":20,"column":45}},"7":{"start":{"line":21,"column":25},"end":{"line":23,"column":5}},"8":{"start":{"line":22,"column":16},"end":{"line":22,"column":60}},"9":{"start":{"line":25,"column":4},"end":{"line":29,"column":5}},"10":{"start":{"line":26,"column":6},"end":{"line":26,"column":48}},"11":{"start":{"line":28,"column":6},"end":{"line":28,"column":62}},"12":{"start":{"line":31,"column":4},"end":{"line":31,"column":29}},"13":{"start":{"line":35,"column":17},"end":{"line":35,"column":47}},"14":{"start":{"line":36,"column":4},"end":{"line":36,"column":56}},"15":{"start":{"line":36,"column":15},"end":{"line":36,"column":56}},"16":{"start":{"line":38,"column":25},"end":{"line":40,"column":5}},"17":{"start":{"line":39,"column":16},"end":{"line":39,"column":53}},"18":{"start":{"line":42,"column":4},"end":{"line":42,"column":85}},"19":{"start":{"line":42,"column":29},"end":{"line":42,"column":85}},"20":{"start":{"line":44,"column":4},"end":{"line":44,"column":52}},"21":{"start":{"line":45,"column":4},"end":{"line":45,"column":29}},"22":{"start":{"line":49,"column":17},"end":{"line":49,"column":47}},"23":{"start":{"line":50,"column":4},"end":{"line":50,"column":56}},"24":{"start":{"line":50,"column":15},"end":{"line":50,"column":56}},"25":{"start":{"line":52,"column":4},"end":{"line":54,"column":6}},"26":{"start":{"line":53,"column":16},"end":{"line":53,"column":57}},"27":{"start":{"line":55,"column":4},"end":{"line":55,"column":29}},"28":{"start":{"line":59,"column":17},"end":{"line":59,"column":47}},"29":{"start":{"line":60,"column":4},"end":{"line":60,"column":56}},"30":{"start":{"line":60,"column":15},"end":{"line":60,"column":56}},"31":{"start":{"line":62,"column":4},"end":{"line":62,"column":29}},"32":{"start":{"line":63,"column":4},"end":{"line":63,"column":29}},"33":{"start":{"line":67,"column":17},"end":{"line":67,"column":47}},"34":{"start":{"line":68,"column":4},"end":{"line":68,"column":56}},"35":{"start":{"line":68,"column":15},"end":{"line":68,"column":56}},"36":{"start":{"line":70,"column":4},"end":{"line":70,"column":23}},"37":{"start":{"line":71,"column":4},"end":{"line":71,"column":29}}},"fnMap":{"0":{"name":"(anonymous_0)","decl":{"start":{"line":4,"column":2},"end":{"line":4,"column":3}},"loc":{"start":{"line":4,"column":21},"end":{"line":6,"column":3}},"line":4},"1":{"name":"(anonymous_1)","decl":{"start":{"line":8,"column":2},"end":{"line":8,"column":3}},"loc":{"start":{"line":8,"column":28},"end":{"line":10,"column":3}},"line":8},"2":{"name":"(anonymous_2)","decl":{"start":{"line":12,"column":2},"end":{"line":12,"column":3}},"loc":{"start":{"line":12,"column":22},"end":{"line":14,"column":3}},"line":12},"3":{"name":"(anonymous_3)","decl":{"start":{"line":16,"column":2},"end":{"line":16,"column":3}},"loc":{"start":{"line":16,"column":44},"end":{"line":32,"column":3}},"line":16},"4":{"name":"(anonymous_4)","decl":{"start":{"line":22,"column":6},"end":{"line":22,"column":7}},"loc":{"start":{"line":22,"column":16},"end":{"line":22,"column":60}},"line":22},"5":{"name":"(anonymous_5)","decl":{"start":{"line":34,"column":2},"end":{"line":34,"column":3}},"loc":{"start":{"line":34,"column":59},"end":{"line":46,"column":3}},"line":34},"6":{"name":"(anonymous_6)","decl":{"start":{"line":39,"column":6},"end":{"line":39,"column":7}},"loc":{"start":{"line":39,"column":16},"end":{"line":39,"column":53}},"line":39},"7":{"name":"(anonymous_7)","decl":{"start":{"line":48,"column":2},"end":{"line":48,"column":3}},"loc":{"start":{"line":48,"column":49},"end":{"line":56,"column":3}},"line":48},"8":{"name":"(anonymous_8)","decl":{"start":{"line":53,"column":6},"end":{"line":53,"column":7}},"loc":{"start":{"line":53,"column":16},"end":{"line":53,"column":57}},"line":53},"9":{"name":"(anonymous_9)","decl":{"start":{"line":58,"column":2},"end":{"line":58,"column":3}},"loc":{"start":{"line":58,"column":37},"end":{"line":64,"column":3}},"line":58},"10":{"name":"(anonymous_10)","decl":{"start":{"line":66,"column":2},"end":{"line":66,"column":3}},"loc":{"start":{"line":66,"column":26},"end":{"line":72,"column":3}},"line":66}},"branchMap":{"0":{"loc":{"start":{"line":18,"column":4},"end":{"line":18,"column":56}},"type":"if","locations":[{"start":{"line":18,"column":4},"end":{"line":18,"column":56}},{"start":{},"end":{}}],"line":18},"1":{"loc":{"start":{"line":25,"column":4},"end":{"line":29,"column":5}},"type":"if","locations":[{"start":{"line":25,"column":4},"end":{"line":29,"column":5}},{"start":{"line":27,"column":11},"end":{"line":29,"column":5}}],"line":25},"2":{"loc":{"start":{"line":36,"column":4},"end":{"line":36,"column":56}},"type":"if","locations":[{"start":{"line":36,"column":4},"end":{"line":36,"column":56}},{"start":{},"end":{}}],"line":36},"3":{"loc":{"start":{"line":42,"column":4},"end":{"line":42,"column":85}},"type":"if","locations":[{"start":{"line":42,"column":4},"end":{"line":42,"column":85}},{"start":{},"end":{}}],"line":42},"4":{"loc":{"start":{"line":50,"column":4},"end":{"line":50,"column":56}},"type":"if","locations":[{"start":{"line":50,"column":4},"end":{"line":50,"column":56}},{"start":{},"end":{}}],"line":50},"5":{"loc":{"start":{"line":60,"column":4},"end":{"line":60,"column":56}},"type":"if","locations":[{"start":{"line":60,"column":4},"end":{"line":60,"column":56}},{"start":{},"end":{}}],"line":60},"6":{"loc":{"start":{"line":68,"column":4},"end":{"line":68,"column":56}},"type":"if","locations":[{"start":{"line":68,"column":4},"end":{"line":68,"column":56}},{"start":{},"end":{}}],"line":68}},"s":{"0":7,"1":2,"2":0,"3":0,"4":0,"5":0,"6":0,"7":0,"8":0,"9":0,"10":0,"11":0,"12":0,"13":0,"14":0,"15":0,"16":0,"17":0,"18":0,"19":0,"20":0,"21":0,"22":0,"23":0,"24":0,"25":0,"26":0,"27":0,"28":0,"29":0,"30":0,"31":0,"32":0,"33":0,"34":0,"35":0,"36":0,"37":0},"f":{"0":7,"1":2,"2":0,"3":0,"4":0,"5":0,"6":0,"7":0,"8":0,"9":0,"10":0},"b":{"0":[0,0],"1":[0,0],"2":[0,0],"3":[0,0],"4":[0,0],"5":[0,0],"6":[0,0]},"inputSourceMap":null,"_coverageSchema":"1a1c01bbd47fc00a2c39e90264f33305004495a9","hash":"e1e56ed943621453f164ec3f5424429189ba8a94"}
,"C:\\Users\\Usuario\\Desktop\\CURSOS CODER HOUSE\\BackEnd3\\EntregaFinal\\src\\DAOs\\mongodb\\index.js": {"path":"C:\\Users\\Usuario\\Desktop\\CURSOS CODER HOUSE\\BackEnd3\\EntregaFinal\\src\\DAOs\\mongodb\\index.js","statementMap":{"0":{"start":{"line":6,"column":27},"end":{"line":11,"column":1}}},"fnMap":{},"branchMap":{},"s":{"0":1},"f":{},"b":{},"inputSourceMap":null,"_coverageSchema":"1a1c01bbd47fc00a2c39e90264f33305004495a9","hash":"2c684ba72832eb58d40301832d3829a07df9d619"}
,"C:\\Users\\Usuario\\Desktop\\CURSOS CODER HOUSE\\BackEnd3\\EntregaFinal\\src\\DAOs\\mongodb\\product.dao.js": {"path":"C:\\Users\\Usuario\\Desktop\\CURSOS CODER HOUSE\\BackEnd3\\EntregaFinal\\src\\DAOs\\mongodb\\product.dao.js","statementMap":{"0":{"start":{"line":5,"column":4},"end":{"line":5,"column":84}},"1":{"start":{"line":9,"column":4},"end":{"line":9,"column":45}},"2":{"start":{"line":13,"column":4},"end":{"line":13,"column":45}},"3":{"start":{"line":17,"column":4},"end":{"line":17,"column":82}},"4":{"start":{"line":21,"column":4},"end":{"line":21,"column":54}},"5":{"start":{"line":25,"column":4},"end":{"line":25,"column":48}},"6":{"start":{"line":29,"column":4},"end":{"line":29,"column":54}}},"fnMap":{"0":{"name":"(anonymous_0)","decl":{"start":{"line":4,"column":2},"end":{"line":4,"column":3}},"loc":{"start":{"line":4,"column":28},"end":{"line":6,"column":3}},"line":4},"1":{"name":"(anonymous_1)","decl":{"start":{"line":8,"column":2},"end":{"line":8,"column":3}},"loc":{"start":{"line":8,"column":27},"end":{"line":10,"column":3}},"line":8},"2":{"name":"(anonymous_2)","decl":{"start":{"line":12,"column":2},"end":{"line":12,"column":3}},"loc":{"start":{"line":12,"column":28},"end":{"line":14,"column":3}},"line":12},"3":{"name":"(anonymous_3)","decl":{"start":{"line":16,"column":2},"end":{"line":16,"column":3}},"loc":{"start":{"line":16,"column":39},"end":{"line":18,"column":3}},"line":16},"4":{"name":"(anonymous_4)","decl":{"start":{"line":20,"column":2},"end":{"line":20,"column":3}},"loc":{"start":{"line":20,"column":26},"end":{"line":22,"column":3}},"line":20},"5":{"name":"(anonymous_5)","decl":{"start":{"line":24,"column":2},"end":{"line":24,"column":3}},"loc":{"start":{"line":24,"column":36},"end":{"line":26,"column":3}},"line":24},"6":{"name":"(anonymous_6)","decl":{"start":{"line":28,"column":2},"end":{"line":28,"column":3}},"loc":{"start":{"line":28,"column":29},"end":{"line":30,"column":3}},"line":28}},"branchMap":{"0":{"loc":{"start":{"line":24,"column":23},"end":{"line":24,"column":34}},"type":"default-arg","locations":[{"start":{"line":24,"column":32},"end":{"line":24,"column":34}}],"line":24}},"s":{"0":0,"1":0,"2":0,"3":0,"4":0,"5":0,"6":0},"f":{"0":0,"1":0,"2":0,"3":0,"4":0,"5":0,"6":0},"b":{"0":[0]},"inputSourceMap":null,"_coverageSchema":"1a1c01bbd47fc00a2c39e90264f33305004495a9","hash":"791e25117d11086524fc9977d6743f0466538e47"}
,"C:\\Users\\Usuario\\Desktop\\CURSOS CODER HOUSE\\BackEnd3\\EntregaFinal\\src\\DAOs\\mongodb\\ticket.dao.js": {"path":"C:\\Users\\Usuario\\Desktop\\CURSOS CODER HOUSE\\BackEnd3\\EntregaFinal\\src\\DAOs\\mongodb\\ticket.dao.js","statementMap":{"0":{"start":{"line":5,"column":4},"end":{"line":5,"column":43}},"1":{"start":{"line":9,"column":4},"end":{"line":9,"column":79}},"2":{"start":{"line":13,"column":4},"end":{"line":13,"column":73}}},"fnMap":{"0":{"name":"(anonymous_0)","decl":{"start":{"line":4,"column":2},"end":{"line":4,"column":3}},"loc":{"start":{"line":4,"column":27},"end":{"line":6,"column":3}},"line":4},"1":{"name":"(anonymous_1)","decl":{"start":{"line":8,"column":2},"end":{"line":8,"column":3}},"loc":{"start":{"line":8,"column":26},"end":{"line":10,"column":3}},"line":8},"2":{"name":"(anonymous_2)","decl":{"start":{"line":12,"column":2},"end":{"line":12,"column":3}},"loc":{"start":{"line":12,"column":28},"end":{"line":14,"column":3}},"line":12}},"branchMap":{"0":{"loc":{"start":{"line":12,"column":15},"end":{"line":12,"column":26}},"type":"default-arg","locations":[{"start":{"line":12,"column":24},"end":{"line":12,"column":26}}],"line":12}},"s":{"0":0,"1":0,"2":0},"f":{"0":0,"1":0,"2":0},"b":{"0":[0]},"inputSourceMap":null,"_coverageSchema":"1a1c01bbd47fc00a2c39e90264f33305004495a9","hash":"587f411753867573e3193354d847ded8b43fd186"}
,"C:\\Users\\Usuario\\Desktop\\CURSOS CODER HOUSE\\BackEnd3\\EntregaFinal\\src\\DAOs\\mongodb\\user.dao.js": {"path":"C:\\Users\\Usuario\\Desktop\\CURSOS CODER HOUSE\\BackEnd3\\EntregaFinal\\src\\DAOs\\mongodb\\user.dao.js","statementMap":{"0":{"start":{"line":5,"column":4},"end":{"line":5,"column":34}},"1":{"start":{"line":9,"column":4},"end":{"line":9,"column":44}},"2":{"start":{"line":13,"column":4},"end":{"line":13,"column":44}},"3":{"start":{"line":17,"column":4},"end":{"line":17,"column":78}},"4":{"start":{"line":21,"column":4},"end":{"line":21,"column":53}},"5":{"start":{"line":25,"column":4},"end":{"line":25,"column":46}}},"fnMap":{"0":{"name":"(anonymous_0)","decl":{"start":{"line":4,"column":2},"end":{"line":4,"column":3}},"loc":{"start":{"line":4,"column":17},"end":{"line":6,"column":3}},"line":4},"1":{"name":"(anonymous_1)","decl":{"start":{"line":8,"column":2},"end":{"line":8,"column":3}},"loc":{"start":{"line":8,"column":24},"end":{"line":10,"column":3}},"line":8},"2":{"name":"(anonymous_2)","decl":{"start":{"line":12,"column":2},"end":{"line":12,"column":3}},"loc":{"start":{"line":12,"column":25},"end":{"line":14,"column":3}},"line":12},"3":{"name":"(anonymous_3)","decl":{"start":{"line":16,"column":2},"end":{"line":16,"column":3}},"loc":{"start":{"line":16,"column":33},"end":{"line":18,"column":3}},"line":16},"4":{"name":"(anonymous_4)","decl":{"start":{"line":20,"column":2},"end":{"line":20,"column":3}},"loc":{"start":{"line":20,"column":23},"end":{"line":22,"column":3}},"line":20},"5":{"name":"(anonymous_5)","decl":{"start":{"line":24,"column":2},"end":{"line":24,"column":3}},"loc":{"start":{"line":24,"column":27},"end":{"line":26,"column":3}},"line":24}},"branchMap":{},"s":{"0":0,"1":1,"2":7,"3":1,"4":0,"5":14},"f":{"0":0,"1":1,"2":7,"3":1,"4":0,"5":14},"b":{},"inputSourceMap":null,"_coverageSchema":"1a1c01bbd47fc00a2c39e90264f33305004495a9","hash":"18227f105a185a86d8265d5035c056d6b4a4f9d6"}
,"C:\\Users\\Usuario\\Desktop\\CURSOS CODER HOUSE\\BackEnd3\\EntregaFinal\\src\\DTO\\cart.dto.js": {"path":"C:\\Users\\Usuario\\Desktop\\CURSOS CODER HOUSE\\BackEnd3\\EntregaFinal\\src\\DTO\\cart.dto.js","statementMap":{"0":{"start":{"line":3,"column":23},"end":{"line":23,"column":2}},"1":{"start":{"line":25,"column":31},"end":{"line":32,"column":2}}},"fnMap":{},"branchMap":{},"s":{"0":1,"1":1},"f":{},"b":{},"inputSourceMap":null,"_coverageSchema":"1a1c01bbd47fc00a2c39e90264f33305004495a9","hash":"395de11e600c59a728888d4dbdcd3c694dae1ce2"}
,"C:\\Users\\Usuario\\Desktop\\CURSOS CODER HOUSE\\BackEnd3\\EntregaFinal\\src\\DTO\\products.dto.js": {"path":"C:\\Users\\Usuario\\Desktop\\CURSOS CODER HOUSE\\BackEnd3\\EntregaFinal\\src\\DTO\\products.dto.js","statementMap":{"0":{"start":{"line":3,"column":26},"end":{"line":29,"column":2}}},"fnMap":{},"branchMap":{},"s":{"0":1},"f":{},"b":{},"inputSourceMap":null,"_coverageSchema":"1a1c01bbd47fc00a2c39e90264f33305004495a9","hash":"53f99ccd7ec154f90f9b5898216e89ff80f8980d"}
,"C:\\Users\\Usuario\\Desktop\\CURSOS CODER HOUSE\\BackEnd3\\EntregaFinal\\src\\DTO\\user.dto.js": {"path":"C:\\Users\\Usuario\\Desktop\\CURSOS CODER HOUSE\\BackEnd3\\EntregaFinal\\src\\DTO\\user.dto.js","statementMap":{"0":{"start":{"line":3,"column":23},"end":{"line":49,"column":2}}},"fnMap":{},"branchMap":{},"s":{"0":1},"f":{},"b":{},"inputSourceMap":null,"_coverageSchema":"1a1c01bbd47fc00a2c39e90264f33305004495a9","hash":"1de74f59d8f456d76172f18aac4bbead98642588"}
,"C:\\Users\\Usuario\\Desktop\\CURSOS CODER HOUSE\\BackEnd3\\EntregaFinal\\src\\common\\constants\\emailTypes.js": {"path":"C:\\Users\\Usuario\\Desktop\\CURSOS CODER HOUSE\\BackEnd3\\EntregaFinal\\src\\common\\constants\\emailTypes.js","statementMap":{"0":{"start":{"line":1,"column":27},"end":{"line":4,"column":1}}},"fnMap":{},"branchMap":{},"s":{"0":1},"f":{},"b":{},"inputSourceMap":null,"_coverageSchema":"1a1c01bbd47fc00a2c39e90264f33305004495a9","hash":"5e3d7a6a5d5874c5daf1278087ac160b6930a8cb"}
,"C:\\Users\\Usuario\\Desktop\\CURSOS CODER HOUSE\\BackEnd3\\EntregaFinal\\src\\common\\constants\\persistence.js": {"path":"C:\\Users\\Usuario\\Desktop\\CURSOS CODER HOUSE\\BackEnd3\\EntregaFinal\\src\\common\\constants\\persistence.js","statementMap":{"0":{"start":{"line":1,"column":27},"end":{"line":4,"column":1}}},"fnMap":{},"branchMap":{},"s":{"0":1},"f":{},"b":{},"inputSourceMap":null,"_coverageSchema":"1a1c01bbd47fc00a2c39e90264f33305004495a9","hash":"919d703469193c8a82e62107cb30f2d3ea2c3d37"}
,"C:\\Users\\Usuario\\Desktop\\CURSOS CODER HOUSE\\BackEnd3\\EntregaFinal\\src\\config\\config.js": {"path":"C:\\Users\\Usuario\\Desktop\\CURSOS CODER HOUSE\\BackEnd3\\EntregaFinal\\src\\config\\config.js","statementMap":{"0":{"start":{"line":4,"column":0},"end":{"line":4,"column":9}},"1":{"start":{"line":6,"column":21},"end":{"line":17,"column":1}}},"fnMap":{},"branchMap":{"0":{"loc":{"start":{"line":7,"column":10},"end":{"line":7,"column":34}},"type":"binary-expr","locations":[{"start":{"line":7,"column":10},"end":{"line":7,"column":26}},{"start":{"line":7,"column":30},"end":{"line":7,"column":34}}],"line":7},"1":{"loc":{"start":{"line":9,"column":17},"end":{"line":9,"column":63}},"type":"binary-expr","locations":[{"start":{"line":9,"column":17},"end":{"line":9,"column":40}},{"start":{"line":9,"column":44},"end":{"line":9,"column":63}}],"line":9}},"s":{"0":1,"1":1},"f":{},"b":{"0":[1,0],"1":[1,0]},"inputSourceMap":null,"_coverageSchema":"1a1c01bbd47fc00a2c39e90264f33305004495a9","hash":"3f8036a16defa8b053b6463f3f6ca41f9fbe1c5f"}
,"C:\\Users\\Usuario\\Desktop\\CURSOS CODER HOUSE\\BackEnd3\\EntregaFinal\\src\\config\\mongodbProvider.js": {"path":"C:\\Users\\Usuario\\Desktop\\CURSOS CODER HOUSE\\BackEnd3\\EntregaFinal\\src\\config\\mongodbProvider.js","statementMap":{"0":{"start":{"line":4,"column":15},"end":{"line":4,"column":26}},"1":{"start":{"line":7,"column":15},"end":{"line":7,"column":19}},"2":{"start":{"line":11,"column":4},"end":{"line":13,"column":5}},"3":{"start":{"line":12,"column":6},"end":{"line":12,"column":38}},"4":{"start":{"line":14,"column":4},"end":{"line":14,"column":36}},"5":{"start":{"line":18,"column":4},"end":{"line":26,"column":5}},"6":{"start":{"line":19,"column":6},"end":{"line":25,"column":7}},"7":{"start":{"line":20,"column":8},"end":{"line":20,"column":58}},"8":{"start":{"line":21,"column":8},"end":{"line":21,"column":44}},"9":{"start":{"line":23,"column":8},"end":{"line":23,"column":59}},"10":{"start":{"line":24,"column":8},"end":{"line":24,"column":20}},"11":{"start":{"line":27,"column":4},"end":{"line":27,"column":27}},"12":{"start":{"line":31,"column":4},"end":{"line":31,"column":27}},"13":{"start":{"line":35,"column":31},"end":{"line":35,"column":52}}},"fnMap":{"0":{"name":"(anonymous_0)","decl":{"start":{"line":10,"column":2},"end":{"line":10,"column":3}},"loc":{"start":{"line":10,"column":16},"end":{"line":15,"column":3}},"line":10},"1":{"name":"(anonymous_1)","decl":{"start":{"line":17,"column":2},"end":{"line":17,"column":3}},"loc":{"start":{"line":17,"column":21},"end":{"line":28,"column":3}},"line":17},"2":{"name":"(anonymous_2)","decl":{"start":{"line":30,"column":2},"end":{"line":30,"column":3}},"loc":{"start":{"line":30,"column":16},"end":{"line":32,"column":3}},"line":30}},"branchMap":{"0":{"loc":{"start":{"line":11,"column":4},"end":{"line":13,"column":5}},"type":"if","locations":[{"start":{"line":11,"column":4},"end":{"line":13,"column":5}},{"start":{},"end":{}}],"line":11},"1":{"loc":{"start":{"line":18,"column":4},"end":{"line":26,"column":5}},"type":"if","locations":[{"start":{"line":18,"column":4},"end":{"line":26,"column":5}},{"start":{},"end":{}}],"line":18}},"s":{"0":1,"1":1,"2":1,"3":0,"4":1,"5":1,"6":1,"7":1,"8":1,"9":0,"10":0,"11":1,"12":0,"13":1},"f":{"0":1,"1":1,"2":0},"b":{"0":[0,1],"1":[1,0]},"inputSourceMap":null,"_coverageSchema":"1a1c01bbd47fc00a2c39e90264f33305004495a9","hash":"9b88cef63a503c2d505c235f6f74d4e9c10f5202"}
,"C:\\Users\\Usuario\\Desktop\\CURSOS CODER HOUSE\\BackEnd3\\EntregaFinal\\src\\config\\passport.config.js": {"path":"C:\\Users\\Usuario\\Desktop\\CURSOS CODER HOUSE\\BackEnd3\\EntregaFinal\\src\\config\\passport.config.js","statementMap":{"0":{"start":{"line":13,"column":15},"end":{"line":13,"column":26}},"1":{"start":{"line":16,"column":2},"end":{"line":64,"column":4}},"2":{"start":{"line":22,"column":59},"end":{"line":22,"column":67}},"3":{"start":{"line":24,"column":8},"end":{"line":25,"column":83}},"4":{"start":{"line":25,"column":10},"end":{"line":25,"column":83}},"5":{"start":{"line":27,"column":8},"end":{"line":61,"column":9}},"6":{"start":{"line":28,"column":29},"end":{"line":28,"column":65}},"7":{"start":{"line":30,"column":10},"end":{"line":31,"column":71}},"8":{"start":{"line":31,"column":12},"end":{"line":31,"column":71}},"9":{"start":{"line":33,"column":33},"end":{"line":33,"column":61}},"10":{"start":{"line":34,"column":26},"end":{"line":34,"column":56}},"11":{"start":{"line":36,"column":27},"end":{"line":44,"column":11}},"12":{"start":{"line":46,"column":23},"end":{"line":46,"column":57}},"13":{"start":{"line":48,"column":10},"end":{"line":56,"column":11}},"14":{"start":{"line":49,"column":12},"end":{"line":53,"column":15}},"15":{"start":{"line":55,"column":12},"end":{"line":55,"column":69}},"16":{"start":{"line":58,"column":10},"end":{"line":58,"column":34}},"17":{"start":{"line":60,"column":10},"end":{"line":60,"column":22}},"18":{"start":{"line":66,"column":2},"end":{"line":90,"column":4}},"19":{"start":{"line":73,"column":8},"end":{"line":87,"column":9}},"20":{"start":{"line":74,"column":23},"end":{"line":74,"column":59}},"21":{"start":{"line":76,"column":10},"end":{"line":77,"column":75}},"22":{"start":{"line":77,"column":12},"end":{"line":77,"column":75}},"23":{"start":{"line":79,"column":36},"end":{"line":79,"column":83}},"24":{"start":{"line":81,"column":10},"end":{"line":82,"column":71}},"25":{"start":{"line":82,"column":12},"end":{"line":82,"column":71}},"26":{"start":{"line":84,"column":10},"end":{"line":84,"column":34}},"27":{"start":{"line":86,"column":10},"end":{"line":86,"column":29}},"28":{"start":{"line":92,"column":2},"end":{"line":117,"column":4}},"29":{"start":{"line":99,"column":8},"end":{"line":114,"column":9}},"30":{"start":{"line":100,"column":23},"end":{"line":100,"column":59}},"31":{"start":{"line":102,"column":10},"end":{"line":102,"column":84}},"32":{"start":{"line":102,"column":21},"end":{"line":102,"column":84}},"33":{"start":{"line":104,"column":33},"end":{"line":104,"column":61}},"34":{"start":{"line":106,"column":10},"end":{"line":109,"column":12}},"35":{"start":{"line":111,"column":10},"end":{"line":111,"column":34}},"36":{"start":{"line":113,"column":10},"end":{"line":113,"column":29}},"37":{"start":{"line":119,"column":26},"end":{"line":123,"column":3}},"38":{"start":{"line":120,"column":16},"end":{"line":120,"column":20}},"39":{"start":{"line":121,"column":4},"end":{"line":121,"column":57}},"40":{"start":{"line":121,"column":28},"end":{"line":121,"column":57}},"41":{"start":{"line":122,"column":4},"end":{"line":122,"column":17}},"42":{"start":{"line":125,"column":2},"end":{"line":143,"column":4}},"43":{"start":{"line":133,"column":8},"end":{"line":140,"column":9}},"44":{"start":{"line":134,"column":23},"end":{"line":134,"column":64}},"45":{"start":{"line":135,"column":10},"end":{"line":135,"column":46}},"46":{"start":{"line":135,"column":21},"end":{"line":135,"column":46}},"47":{"start":{"line":136,"column":10},"end":{"line":136,"column":68}},"48":{"start":{"line":137,"column":10},"end":{"line":137,"column":34}},"49":{"start":{"line":139,"column":10},"end":{"line":139,"column":29}}},"fnMap":{"0":{"name":"initializePassport","decl":{"start":{"line":15,"column":16},"end":{"line":15,"column":34}},"loc":{"start":{"line":15,"column":37},"end":{"line":145,"column":1}},"line":15},"1":{"name":"(anonymous_1)","decl":{"start":{"line":21,"column":6},"end":{"line":21,"column":7}},"loc":{"start":{"line":21,"column":44},"end":{"line":62,"column":7}},"line":21},"2":{"name":"(anonymous_2)","decl":{"start":{"line":72,"column":6},"end":{"line":72,"column":7}},"loc":{"start":{"line":72,"column":39},"end":{"line":88,"column":7}},"line":72},"3":{"name":"(anonymous_3)","decl":{"start":{"line":98,"column":6},"end":{"line":98,"column":7}},"loc":{"start":{"line":98,"column":39},"end":{"line":115,"column":7}},"line":98},"4":{"name":"(anonymous_4)","decl":{"start":{"line":119,"column":26},"end":{"line":119,"column":27}},"loc":{"start":{"line":119,"column":35},"end":{"line":123,"column":3}},"line":119},"5":{"name":"(anonymous_5)","decl":{"start":{"line":132,"column":6},"end":{"line":132,"column":7}},"loc":{"start":{"line":132,"column":34},"end":{"line":141,"column":7}},"line":132}},"branchMap":{"0":{"loc":{"start":{"line":24,"column":8},"end":{"line":25,"column":83}},"type":"if","locations":[{"start":{"line":24,"column":8},"end":{"line":25,"column":83}},{"start":{},"end":{}}],"line":24},"1":{"loc":{"start":{"line":24,"column":12},"end":{"line":24,"column":45}},"type":"binary-expr","locations":[{"start":{"line":24,"column":12},"end":{"line":24,"column":23}},{"start":{"line":24,"column":27},"end":{"line":24,"column":37}},{"start":{"line":24,"column":41},"end":{"line":24,"column":45}}],"line":24},"2":{"loc":{"start":{"line":30,"column":10},"end":{"line":31,"column":71}},"type":"if","locations":[{"start":{"line":30,"column":10},"end":{"line":31,"column":71}},{"start":{},"end":{}}],"line":30},"3":{"loc":{"start":{"line":43,"column":24},"end":{"line":43,"column":43}},"type":"binary-expr","locations":[{"start":{"line":43,"column":24},"end":{"line":43,"column":34}},{"start":{"line":43,"column":38},"end":{"line":43,"column":43}}],"line":43},"4":{"loc":{"start":{"line":76,"column":10},"end":{"line":77,"column":75}},"type":"if","locations":[{"start":{"line":76,"column":10},"end":{"line":77,"column":75}},{"start":{},"end":{}}],"line":76},"5":{"loc":{"start":{"line":81,"column":10},"end":{"line":82,"column":71}},"type":"if","locations":[{"start":{"line":81,"column":10},"end":{"line":82,"column":71}},{"start":{},"end":{}}],"line":81},"6":{"loc":{"start":{"line":102,"column":10},"end":{"line":102,"column":84}},"type":"if","locations":[{"start":{"line":102,"column":10},"end":{"line":102,"column":84}},{"start":{},"end":{}}],"line":102},"7":{"loc":{"start":{"line":121,"column":4},"end":{"line":121,"column":57}},"type":"if","locations":[{"start":{"line":121,"column":4},"end":{"line":121,"column":57}},{"start":{},"end":{}}],"line":121},"8":{"loc":{"start":{"line":121,"column":8},"end":{"line":121,"column":26}},"type":"binary-expr","locations":[{"start":{"line":121,"column":8},"end":{"line":121,"column":11}},{"start":{"line":121,"column":15},"end":{"line":121,"column":26}}],"line":121},"9":{"loc":{"start":{"line":135,"column":10},"end":{"line":135,"column":46}},"type":"if","locations":[{"start":{"line":135,"column":10},"end":{"line":135,"column":46}},{"start":{},"end":{}}],"line":135},"10":{"loc":{"start":{"line":136,"column":24},"end":{"line":136,"column":67}},"type":"cond-expr","locations":[{"start":{"line":136,"column":38},"end":{"line":136,"column":60}},{"start":{"line":136,"column":63},"end":{"line":136,"column":67}}],"line":136}},"s":{"0":1,"1":1,"2":8,"3":8,"4":0,"5":8,"6":8,"7":8,"8":1,"9":7,"10":7,"11":7,"12":7,"13":7,"14":7,"15":0,"16":7,"17":0,"18":1,"19":5,"20":5,"21":5,"22":0,"23":5,"24":5,"25":1,"26":4,"27":0,"28":1,"29":1,"30":1,"31":1,"32":0,"33":1,"34":1,"35":1,"36":0,"37":1,"38":1,"39":1,"40":1,"41":1,"42":1,"43":1,"44":1,"45":1,"46":0,"47":1,"48":1,"49":0},"f":{"0":1,"1":8,"2":5,"3":1,"4":1,"5":1},"b":{"0":[0,8],"1":[8,8,8],"2":[1,7],"3":[7,2],"4":[0,5],"5":[1,4],"6":[0,1],"7":[1,0],"8":[1,1],"9":[0,1],"10":[1,0]},"inputSourceMap":null,"_coverageSchema":"1a1c01bbd47fc00a2c39e90264f33305004495a9","hash":"c75bafe8fd01055752c9456e118269185a901bb1"}
,"C:\\Users\\Usuario\\Desktop\\CURSOS CODER HOUSE\\BackEnd3\\EntregaFinal\\src\\config\\swagger.js": {"path":"C:\\Users\\Usuario\\Desktop\\CURSOS CODER HOUSE\\BackEnd3\\EntregaFinal\\src\\config\\swagger.js","statementMap":{"0":{"start":{"line":3,"column":16},"end":{"line":41,"column":1}},"1":{"start":{"line":43,"column":20},"end":{"line":43,"column":41}}},"fnMap":{},"branchMap":{},"s":{"0":1,"1":1},"f":{},"b":{},"inputSourceMap":null,"_coverageSchema":"1a1c01bbd47fc00a2c39e90264f33305004495a9","hash":"b363680b65e8925acd25d39e029c5db1283d2a6e"}
,"C:\\Users\\Usuario\\Desktop\\CURSOS CODER HOUSE\\BackEnd3\\EntregaFinal\\src\\controllers\\carts.controller.js": {"path":"C:\\Users\\Usuario\\Desktop\\CURSOS CODER HOUSE\\BackEnd3\\EntregaFinal\\src\\controllers\\carts.controller.js","statementMap":{"0":{"start":{"line":7,"column":15},"end":{"line":7,"column":26}},"1":{"start":{"line":11,"column":4},"end":{"line":17,"column":5}},"2":{"start":{"line":12,"column":6},"end":{"line":12,"column":51}},"3":{"start":{"line":13,"column":20},"end":{"line":13,"column":51}},"4":{"start":{"line":14,"column":6},"end":{"line":14,"column":22}},"5":{"start":{"line":16,"column":6},"end":{"line":16,"column":18}},"6":{"start":{"line":21,"column":23},"end":{"line":21,"column":33}},"7":{"start":{"line":22,"column":4},"end":{"line":30,"column":5}},"8":{"start":{"line":23,"column":19},"end":{"line":23,"column":56}},"9":{"start":{"line":24,"column":6},"end":{"line":26,"column":7}},"10":{"start":{"line":25,"column":8},"end":{"line":25,"column":72}},"11":{"start":{"line":27,"column":6},"end":{"line":27,"column":21}},"12":{"start":{"line":29,"column":6},"end":{"line":29,"column":18}},"13":{"start":{"line":34,"column":4},"end":{"line":39,"column":5}},"14":{"start":{"line":35,"column":22},"end":{"line":35,"column":52}},"15":{"start":{"line":36,"column":6},"end":{"line":36,"column":36}},"16":{"start":{"line":38,"column":6},"end":{"line":38,"column":18}},"17":{"start":{"line":43,"column":34},"end":{"line":43,"column":44}},"18":{"start":{"line":44,"column":4},"end":{"line":53,"column":5}},"19":{"start":{"line":45,"column":22},"end":{"line":45,"column":62}},"20":{"start":{"line":46,"column":6},"end":{"line":48,"column":7}},"21":{"start":{"line":47,"column":8},"end":{"line":47,"column":73}},"22":{"start":{"line":49,"column":26},"end":{"line":49,"column":79}},"23":{"start":{"line":50,"column":6},"end":{"line":50,"column":28}},"24":{"start":{"line":52,"column":6},"end":{"line":52,"column":18}},"25":{"start":{"line":57,"column":23},"end":{"line":57,"column":33}},"26":{"start":{"line":58,"column":25},"end":{"line":58,"column":33}},"27":{"start":{"line":59,"column":4},"end":{"line":64,"column":5}},"28":{"start":{"line":60,"column":26},"end":{"line":60,"column":72}},"29":{"start":{"line":61,"column":6},"end":{"line":61,"column":28}},"30":{"start":{"line":63,"column":6},"end":{"line":63,"column":18}},"31":{"start":{"line":68,"column":34},"end":{"line":68,"column":44}},"32":{"start":{"line":69,"column":25},"end":{"line":69,"column":33}},"33":{"start":{"line":70,"column":4},"end":{"line":72,"column":5}},"34":{"start":{"line":71,"column":6},"end":{"line":71,"column":95}},"35":{"start":{"line":73,"column":4},"end":{"line":78,"column":5}},"36":{"start":{"line":74,"column":26},"end":{"line":74,"column":94}},"37":{"start":{"line":75,"column":6},"end":{"line":75,"column":28}},"38":{"start":{"line":77,"column":6},"end":{"line":77,"column":18}},"39":{"start":{"line":82,"column":34},"end":{"line":82,"column":44}},"40":{"start":{"line":83,"column":4},"end":{"line":88,"column":5}},"41":{"start":{"line":84,"column":26},"end":{"line":84,"column":84}},"42":{"start":{"line":85,"column":6},"end":{"line":85,"column":28}},"43":{"start":{"line":87,"column":6},"end":{"line":87,"column":18}},"44":{"start":{"line":92,"column":23},"end":{"line":92,"column":33}},"45":{"start":{"line":93,"column":4},"end":{"line":98,"column":5}},"46":{"start":{"line":94,"column":26},"end":{"line":94,"column":61}},"47":{"start":{"line":95,"column":6},"end":{"line":95,"column":87}},"48":{"start":{"line":97,"column":6},"end":{"line":97,"column":18}},"49":{"start":{"line":102,"column":23},"end":{"line":102,"column":33}},"50":{"start":{"line":103,"column":4},"end":{"line":151,"column":5}},"51":{"start":{"line":104,"column":19},"end":{"line":104,"column":56}},"52":{"start":{"line":105,"column":6},"end":{"line":107,"column":7}},"53":{"start":{"line":106,"column":8},"end":{"line":106,"column":84}},"54":{"start":{"line":109,"column":24},"end":{"line":109,"column":25}},"55":{"start":{"line":110,"column":34},"end":{"line":110,"column":36}},"56":{"start":{"line":111,"column":32},"end":{"line":111,"column":34}},"57":{"start":{"line":113,"column":6},"end":{"line":123,"column":7}},"58":{"start":{"line":114,"column":24},"end":{"line":114,"column":71}},"59":{"start":{"line":115,"column":8},"end":{"line":122,"column":9}},"60":{"start":{"line":116,"column":10},"end":{"line":116,"column":41}},"61":{"start":{"line":117,"column":10},"end":{"line":117,"column":78}},"62":{"start":{"line":118,"column":10},"end":{"line":118,"column":56}},"63":{"start":{"line":119,"column":10},"end":{"line":119,"column":89}},"64":{"start":{"line":121,"column":10},"end":{"line":121,"column":64}},"65":{"start":{"line":125,"column":6},"end":{"line":127,"column":8}},"66":{"start":{"line":126,"column":8},"end":{"line":126,"column":65}},"67":{"start":{"line":128,"column":6},"end":{"line":128,"column":58}},"68":{"start":{"line":130,"column":6},"end":{"line":148,"column":7}},"69":{"start":{"line":131,"column":27},"end":{"line":136,"column":9}},"70":{"start":{"line":137,"column":23},"end":{"line":137,"column":61}},"71":{"start":{"line":138,"column":8},"end":{"line":142,"column":11}},"72":{"start":{"line":144,"column":8},"end":{"line":147,"column":11}},"73":{"start":{"line":150,"column":6},"end":{"line":150,"column":18}},"74":{"start":{"line":155,"column":31},"end":{"line":155,"column":52}}},"fnMap":{"0":{"name":"(anonymous_0)","decl":{"start":{"line":10,"column":2},"end":{"line":10,"column":3}},"loc":{"start":{"line":10,"column":31},"end":{"line":18,"column":3}},"line":10},"1":{"name":"(anonymous_1)","decl":{"start":{"line":20,"column":2},"end":{"line":20,"column":3}},"loc":{"start":{"line":20,"column":32},"end":{"line":31,"column":3}},"line":20},"2":{"name":"(anonymous_2)","decl":{"start":{"line":33,"column":2},"end":{"line":33,"column":3}},"loc":{"start":{"line":33,"column":31},"end":{"line":40,"column":3}},"line":33},"3":{"name":"(anonymous_3)","decl":{"start":{"line":42,"column":2},"end":{"line":42,"column":3}},"loc":{"start":{"line":42,"column":41},"end":{"line":54,"column":3}},"line":42},"4":{"name":"(anonymous_4)","decl":{"start":{"line":56,"column":2},"end":{"line":56,"column":3}},"loc":{"start":{"line":56,"column":35},"end":{"line":65,"column":3}},"line":56},"5":{"name":"(anonymous_5)","decl":{"start":{"line":67,"column":2},"end":{"line":67,"column":3}},"loc":{"start":{"line":67,"column":46},"end":{"line":79,"column":3}},"line":67},"6":{"name":"(anonymous_6)","decl":{"start":{"line":81,"column":2},"end":{"line":81,"column":3}},"loc":{"start":{"line":81,"column":46},"end":{"line":89,"column":3}},"line":81},"7":{"name":"(anonymous_7)","decl":{"start":{"line":91,"column":2},"end":{"line":91,"column":3}},"loc":{"start":{"line":91,"column":34},"end":{"line":99,"column":3}},"line":91},"8":{"name":"(anonymous_8)","decl":{"start":{"line":101,"column":2},"end":{"line":101,"column":3}},"loc":{"start":{"line":101,"column":33},"end":{"line":152,"column":3}},"line":101},"9":{"name":"(anonymous_9)","decl":{"start":{"line":125,"column":43},"end":{"line":125,"column":44}},"loc":{"start":{"line":126,"column":8},"end":{"line":126,"column":65}},"line":126}},"branchMap":{"0":{"loc":{"start":{"line":24,"column":6},"end":{"line":26,"column":7}},"type":"if","locations":[{"start":{"line":24,"column":6},"end":{"line":26,"column":7}},{"start":{},"end":{}}],"line":24},"1":{"loc":{"start":{"line":46,"column":6},"end":{"line":48,"column":7}},"type":"if","locations":[{"start":{"line":46,"column":6},"end":{"line":48,"column":7}},{"start":{},"end":{}}],"line":46},"2":{"loc":{"start":{"line":70,"column":4},"end":{"line":72,"column":5}},"type":"if","locations":[{"start":{"line":70,"column":4},"end":{"line":72,"column":5}},{"start":{},"end":{}}],"line":70},"3":{"loc":{"start":{"line":70,"column":8},"end":{"line":70,"column":51}},"type":"binary-expr","locations":[{"start":{"line":70,"column":8},"end":{"line":70,"column":35}},{"start":{"line":70,"column":39},"end":{"line":70,"column":51}}],"line":70},"4":{"loc":{"start":{"line":105,"column":6},"end":{"line":107,"column":7}},"type":"if","locations":[{"start":{"line":105,"column":6},"end":{"line":107,"column":7}},{"start":{},"end":{}}],"line":105},"5":{"loc":{"start":{"line":105,"column":10},"end":{"line":105,"column":40}},"type":"binary-expr","locations":[{"start":{"line":105,"column":10},"end":{"line":105,"column":15}},{"start":{"line":105,"column":19},"end":{"line":105,"column":40}}],"line":105},"6":{"loc":{"start":{"line":115,"column":8},"end":{"line":122,"column":9}},"type":"if","locations":[{"start":{"line":115,"column":8},"end":{"line":122,"column":9}},{"start":{"line":120,"column":15},"end":{"line":122,"column":9}}],"line":115},"7":{"loc":{"start":{"line":130,"column":6},"end":{"line":148,"column":7}},"type":"if","locations":[{"start":{"line":130,"column":6},"end":{"line":148,"column":7}},{"start":{"line":143,"column":13},"end":{"line":148,"column":7}}],"line":130},"8":{"loc":{"start":{"line":141,"column":31},"end":{"line":141,"column":91}},"type":"cond-expr","locations":[{"start":{"line":141,"column":60},"end":{"line":141,"column":79}},{"start":{"line":141,"column":82},"end":{"line":141,"column":91}}],"line":141}},"s":{"0":1,"1":0,"2":0,"3":0,"4":0,"5":0,"6":0,"7":0,"8":0,"9":0,"10":0,"11":0,"12":0,"13":0,"14":0,"15":0,"16":0,"17":0,"18":0,"19":0,"20":0,"21":0,"22":0,"23":0,"24":0,"25":0,"26":0,"27":0,"28":0,"29":0,"30":0,"31":0,"32":0,"33":0,"34":0,"35":0,"36":0,"37":0,"38":0,"39":0,"40":0,"41":0,"42":0,"43":0,"44":0,"45":0,"46":0,"47":0,"48":0,"49":0,"50":0,"51":0,"52":0,"53":0,"54":0,"55":0,"56":0,"57":0,"58":0,"59":0,"60":0,"61":0,"62":0,"63":0,"64":0,"65":0,"66":0,"67":0,"68":0,"69":0,"70":0,"71":0,"72":0,"73":0,"74":1},"f":{"0":0,"1":0,"2":0,"3":0,"4":0,"5":0,"6":0,"7":0,"8":0,"9":0},"b":{"0":[0,0],"1":[0,0],"2":[0,0],"3":[0,0],"4":[0,0],"5":[0,0],"6":[0,0],"7":[0,0],"8":[0,0]},"inputSourceMap":null,"_coverageSchema":"1a1c01bbd47fc00a2c39e90264f33305004495a9","hash":"00024de60cbc827139e20ab0aca98f952c015bac"}
,"C:\\Users\\Usuario\\Desktop\\CURSOS CODER HOUSE\\BackEnd3\\EntregaFinal\\src\\controllers\\products.controller.js": {"path":"C:\\Users\\Usuario\\Desktop\\CURSOS CODER HOUSE\\BackEnd3\\EntregaFinal\\src\\controllers\\products.controller.js","statementMap":{"0":{"start":{"line":5,"column":15},"end":{"line":5,"column":26}},"1":{"start":{"line":9,"column":4},"end":{"line":15,"column":5}},"2":{"start":{"line":10,"column":23},"end":{"line":10,"column":53}},"3":{"start":{"line":11,"column":6},"end":{"line":11,"column":37}},"4":{"start":{"line":13,"column":6},"end":{"line":13,"column":69}},"5":{"start":{"line":14,"column":6},"end":{"line":14,"column":72}},"6":{"start":{"line":19,"column":26},"end":{"line":19,"column":36}},"7":{"start":{"line":20,"column":4},"end":{"line":29,"column":5}},"8":{"start":{"line":21,"column":22},"end":{"line":21,"column":62}},"9":{"start":{"line":22,"column":6},"end":{"line":24,"column":7}},"10":{"start":{"line":23,"column":8},"end":{"line":23,"column":73}},"11":{"start":{"line":25,"column":6},"end":{"line":25,"column":36}},"12":{"start":{"line":27,"column":6},"end":{"line":27,"column":67}},"13":{"start":{"line":28,"column":6},"end":{"line":28,"column":70}},"14":{"start":{"line":33,"column":23},"end":{"line":33,"column":31}},"15":{"start":{"line":34,"column":4},"end":{"line":41,"column":5}},"16":{"start":{"line":35,"column":29},"end":{"line":35,"column":69}},"17":{"start":{"line":36,"column":6},"end":{"line":36,"column":48}},"18":{"start":{"line":37,"column":6},"end":{"line":37,"column":43}},"19":{"start":{"line":39,"column":6},"end":{"line":39,"column":65}},"20":{"start":{"line":40,"column":6},"end":{"line":40,"column":68}},"21":{"start":{"line":45,"column":26},"end":{"line":45,"column":36}},"22":{"start":{"line":46,"column":27},"end":{"line":46,"column":35}},"23":{"start":{"line":47,"column":4},"end":{"line":56,"column":5}},"24":{"start":{"line":48,"column":22},"end":{"line":48,"column":77}},"25":{"start":{"line":49,"column":6},"end":{"line":51,"column":7}},"26":{"start":{"line":50,"column":8},"end":{"line":50,"column":73}},"27":{"start":{"line":52,"column":6},"end":{"line":52,"column":36}},"28":{"start":{"line":54,"column":6},"end":{"line":54,"column":70}},"29":{"start":{"line":55,"column":6},"end":{"line":55,"column":73}},"30":{"start":{"line":60,"column":26},"end":{"line":60,"column":36}},"31":{"start":{"line":61,"column":4},"end":{"line":70,"column":5}},"32":{"start":{"line":62,"column":29},"end":{"line":62,"column":68}},"33":{"start":{"line":63,"column":6},"end":{"line":65,"column":7}},"34":{"start":{"line":64,"column":8},"end":{"line":64,"column":73}},"35":{"start":{"line":66,"column":6},"end":{"line":66,"column":72}},"36":{"start":{"line":68,"column":6},"end":{"line":68,"column":68}},"37":{"start":{"line":69,"column":6},"end":{"line":69,"column":71}},"38":{"start":{"line":74,"column":34},"end":{"line":74,"column":58}}},"fnMap":{"0":{"name":"(anonymous_0)","decl":{"start":{"line":8,"column":2},"end":{"line":8,"column":3}},"loc":{"start":{"line":8,"column":25},"end":{"line":16,"column":3}},"line":8},"1":{"name":"(anonymous_1)","decl":{"start":{"line":18,"column":2},"end":{"line":18,"column":3}},"loc":{"start":{"line":18,"column":26},"end":{"line":30,"column":3}},"line":18},"2":{"name":"(anonymous_2)","decl":{"start":{"line":32,"column":2},"end":{"line":32,"column":3}},"loc":{"start":{"line":32,"column":25},"end":{"line":42,"column":3}},"line":32},"3":{"name":"(anonymous_3)","decl":{"start":{"line":44,"column":2},"end":{"line":44,"column":3}},"loc":{"start":{"line":44,"column":25},"end":{"line":57,"column":3}},"line":44},"4":{"name":"(anonymous_4)","decl":{"start":{"line":59,"column":2},"end":{"line":59,"column":3}},"loc":{"start":{"line":59,"column":25},"end":{"line":71,"column":3}},"line":59}},"branchMap":{"0":{"loc":{"start":{"line":22,"column":6},"end":{"line":24,"column":7}},"type":"if","locations":[{"start":{"line":22,"column":6},"end":{"line":24,"column":7}},{"start":{},"end":{}}],"line":22},"1":{"loc":{"start":{"line":49,"column":6},"end":{"line":51,"column":7}},"type":"if","locations":[{"start":{"line":49,"column":6},"end":{"line":51,"column":7}},{"start":{},"end":{}}],"line":49},"2":{"loc":{"start":{"line":63,"column":6},"end":{"line":65,"column":7}},"type":"if","locations":[{"start":{"line":63,"column":6},"end":{"line":65,"column":7}},{"start":{},"end":{}}],"line":63}},"s":{"0":1,"1":0,"2":0,"3":0,"4":0,"5":0,"6":0,"7":0,"8":0,"9":0,"10":0,"11":0,"12":0,"13":0,"14":0,"15":0,"16":0,"17":0,"18":0,"19":0,"20":0,"21":0,"22":0,"23":0,"24":0,"25":0,"26":0,"27":0,"28":0,"29":0,"30":0,"31":0,"32":0,"33":0,"34":0,"35":0,"36":0,"37":0,"38":1},"f":{"0":0,"1":0,"2":0,"3":0,"4":0},"b":{"0":[0,0],"1":[0,0],"2":[0,0]},"inputSourceMap":null,"_coverageSchema":"1a1c01bbd47fc00a2c39e90264f33305004495a9","hash":"b15c89d493a6b358dade293944206ec257b162fc"}
[...]
umn":7}},{"start":{},"end":{}}],"line":92},"25":{"loc":{"start":{"line":92,"column":10},"end":{"line":92,"column":76}},"type":"binary-expr","locations":[{"start":{"line":92,"column":10},"end":{"line":92,"column":40}},{"start":{"line":92,"column":44},"end":{"line":92,"column":76}}],"line":92},"26":{"loc":{"start":{"line":101,"column":6},"end":{"line":101,"column":72}},"type":"if","locations":[{"start":{"line":101,"column":6},"end":{"line":101,"column":72}},{"start":{},"end":{}}],"line":101},"27":{"loc":{"start":{"line":103,"column":6},"end":{"line":103,"column":66}},"type":"if","locations":[{"start":{"line":103,"column":6},"end":{"line":103,"column":66}},{"start":{},"end":{}}],"line":103},"28":{"loc":{"start":{"line":106,"column":6},"end":{"line":108,"column":7}},"type":"if","locations":[{"start":{"line":106,"column":6},"end":{"line":108,"column":7}},{"start":{},"end":{}}],"line":106},"29":{"loc":{"start":{"line":106,"column":10},"end":{"line":106,"column":76}},"type":"binary-expr","locations":[{"start":{"line":106,"column":10},"end":{"line":106,"column":40}},{"start":{"line":106,"column":44},"end":{"line":106,"column":76}}],"line":106}},"s":{"0":1,"1":7,"2":7,"3":0,"4":2,"5":2,"6":0,"7":2,"8":2,"9":2,"10":0,"11":2,"12":0,"13":0,"14":0,"15":0,"16":0,"17":0,"18":0,"19":0,"20":0,"21":0,"22":0,"23":0,"24":0,"25":0,"26":0,"27":0,"28":0,"29":0,"30":0,"31":0,"32":0,"33":0,"34":0,"35":0,"36":0,"37":0,"38":0,"39":0,"40":0,"41":0,"42":0,"43":0,"44":0,"45":0,"46":0,"47":0,"48":0,"49":0,"50":0,"51":0,"52":0,"53":0,"54":0,"55":0,"56":0,"57":0,"58":0,"59":0,"60":0,"61":0,"62":0,"63":0,"64":0,"65":0,"66":0,"67":0,"68":0,"69":0,"70":0,"71":0,"72":1},"f":{"0":7,"1":2,"2":0,"3":0,"4":0,"5":0,"6":0,"7":0},"b":{"0":[0,2],"1":[0,2],"2":[0,0],"3":[0,0],"4":[0,0],"5":[0,0],"6":[0,0],"7":[0,0],"8":[0,0],"9":[0,0],"10":[0,0],"11":[0,0],"12":[0,0],"13":[0,0],"14":[0,0],"15":[0,0],"16":[0,0],"17":[0,0],"18":[0,0],"19":[0,0],"20":[0,0],"21":[0,0],"22":[0,0],"23":[0,0],"24":[0,0],"25":[0,0],"26":[0,0],"27":[0,0],"28":[0,0],"29":[0,0]},"inputSourceMap":null,"_coverageSchema":"1a1c01bbd47fc00a2c39e90264f33305004495a9","hash":"4c922a4be3188a6112bb6e89ed29df392c12aa6e"}
,"C:\\Users\\Usuario\\Desktop\\CURSOS CODER HOUSE\\BackEnd3\\EntregaFinal\\src\\services\\mail.service.js": {"path":"C:\\Users\\Usuario\\Desktop\\CURSOS CODER HOUSE\\BackEnd3\\EntregaFinal\\src\\services\\mail.service.js","statementMap":{"0":{"start":{"line":8,"column":4},"end":{"line":18,"column":7}},"1":{"start":{"line":22,"column":18},"end":{"line":22,"column":46}},"2":{"start":{"line":23,"column":4},"end":{"line":33,"column":5}},"3":{"start":{"line":25,"column":8},"end":{"line":31,"column":10}},"4":{"start":{"line":32,"column":8},"end":{"line":32,"column":14}},"5":{"start":{"line":35,"column":4},"end":{"line":43,"column":6}},"6":{"start":{"line":45,"column":4},"end":{"line":45,"column":19}},"7":{"start":{"line":49,"column":4},"end":{"line":71,"column":5}},"8":{"start":{"line":50,"column":19},"end":{"line":50,"column":69}},"9":{"start":{"line":53,"column":19},"end":{"line":65,"column":8}},"10":{"start":{"line":67,"column":6},"end":{"line":67,"column":52}},"11":{"start":{"line":69,"column":6},"end":{"line":69,"column":52}},"12":{"start":{"line":70,"column":6},"end":{"line":70,"column":18}},"13":{"start":{"line":75,"column":27},"end":{"line":75,"column":44}}},"fnMap":{"0":{"name":"(anonymous_0)","decl":{"start":{"line":7,"column":2},"end":{"line":7,"column":3}},"loc":{"start":{"line":7,"column":16},"end":{"line":19,"column":3}},"line":7},"1":{"name":"(anonymous_1)","decl":{"start":{"line":21,"column":2},"end":{"line":21,"column":3}},"loc":{"start":{"line":21,"column":44},"end":{"line":46,"column":3}},"line":21},"2":{"name":"(anonymous_2)","decl":{"start":{"line":48,"column":2},"end":{"line":48,"column":3}},"loc":{"start":{"line":48,"column":40},"end":{"line":72,"column":3}},"line":48}},"branchMap":{"0":{"loc":{"start":{"line":23,"column":4},"end":{"line":33,"column":5}},"type":"switch","locations":[{"start":{"line":24,"column":6},"end":{"line":32,"column":14}}],"line":23}},"s":{"0":1,"1":0,"2":0,"3":0,"4":0,"5":0,"6":0,"7":0,"8":0,"9":0,"10":0,"11":0,"12":0,"13":1},"f":{"0":1,"1":0,"2":0},"b":{"0":[0]},"inputSourceMap":null,"_coverageSchema":"1a1c01bbd47fc00a2c39e90264f33305004495a9","hash":"a96119ce78aa8b5c599fc25dc4a8de54f2b3b0b5"}
,"C:\\Users\\Usuario\\Desktop\\CURSOS CODER HOUSE\\BackEnd3\\EntregaFinal\\src\\services\\products.service.js": {"path":"C:\\Users\\Usuario\\Desktop\\CURSOS CODER HOUSE\\BackEnd3\\EntregaFinal\\src\\services\\products.service.js","statementMap":{"0":{"start":{"line":6,"column":4},"end":{"line":6,"column":48}},"1":{"start":{"line":10,"column":4},"end":{"line":10,"column":51}},"2":{"start":{"line":14,"column":4},"end":{"line":14,"column":47}},"3":{"start":{"line":18,"column":4},"end":{"line":18,"column":48}},"4":{"start":{"line":22,"column":4},"end":{"line":24,"column":5}},"5":{"start":{"line":23,"column":6},"end":{"line":23,"column":75}},"6":{"start":{"line":25,"column":24},"end":{"line":32,"column":5}},"7":{"start":{"line":33,"column":4},"end":{"line":33,"column":48}},"8":{"start":{"line":37,"column":4},"end":{"line":37,"column":59}},"9":{"start":{"line":41,"column":4},"end":{"line":41,"column":46}},"10":{"start":{"line":45,"column":4},"end":{"line":45,"column":49}},"11":{"start":{"line":49,"column":31},"end":{"line":49,"column":52}}},"fnMap":{"0":{"name":"(anonymous_0)","decl":{"start":{"line":5,"column":2},"end":{"line":5,"column":3}},"loc":{"start":{"line":5,"column":29},"end":{"line":7,"column":3}},"line":5},"1":{"name":"(anonymous_1)","decl":{"start":{"line":9,"column":2},"end":{"line":9,"column":3}},"loc":{"start":{"line":9,"column":36},"end":{"line":11,"column":3}},"line":9},"2":{"name":"(anonymous_2)","decl":{"start":{"line":13,"column":2},"end":{"line":13,"column":3}},"loc":{"start":{"line":13,"column":27},"end":{"line":15,"column":3}},"line":13},"3":{"name":"(anonymous_3)","decl":{"start":{"line":17,"column":2},"end":{"line":17,"column":3}},"loc":{"start":{"line":17,"column":28},"end":{"line":19,"column":3}},"line":17},"4":{"name":"(anonymous_4)","decl":{"start":{"line":21,"column":2},"end":{"line":21,"column":3}},"loc":{"start":{"line":21,"column":46},"end":{"line":34,"column":3}},"line":21},"5":{"name":"(anonymous_5)","decl":{"start":{"line":36,"column":2},"end":{"line":36,"column":3}},"loc":{"start":{"line":36,"column":39},"end":{"line":38,"column":3}},"line":36},"6":{"name":"(anonymous_6)","decl":{"start":{"line":40,"column":2},"end":{"line":40,"column":3}},"loc":{"start":{"line":40,"column":26},"end":{"line":42,"column":3}},"line":40},"7":{"name":"(anonymous_7)","decl":{"start":{"line":44,"column":2},"end":{"line":44,"column":3}},"loc":{"start":{"line":44,"column":30},"end":{"line":46,"column":3}},"line":44}},"branchMap":{"0":{"loc":{"start":{"line":9,"column":23},"end":{"line":9,"column":34}},"type":"default-arg","locations":[{"start":{"line":9,"column":32},"end":{"line":9,"column":34}}],"line":9},"1":{"loc":{"start":{"line":22,"column":4},"end":{"line":24,"column":5}},"type":"if","locations":[{"start":{"line":22,"column":4},"end":{"line":24,"column":5}},{"start":{},"end":{}}],"line":22},"2":{"loc":{"start":{"line":22,"column":8},"end":{"line":22,"column":36}},"type":"binary-expr","locations":[{"start":{"line":22,"column":8},"end":{"line":22,"column":15}},{"start":{"line":22,"column":19},"end":{"line":22,"column":26}},{"start":{"line":22,"column":30},"end":{"line":22,"column":36}}],"line":22}},"s":{"0":0,"1":0,"2":0,"3":0,"4":0,"5":0,"6":0,"7":0,"8":0,"9":0,"10":0,"11":1},"f":{"0":0,"1":0,"2":0,"3":0,"4":0,"5":0,"6":0,"7":0},"b":{"0":[0],"1":[0,0],"2":[0,0,0]},"inputSourceMap":null,"_coverageSchema":"1a1c01bbd47fc00a2c39e90264f33305004495a9","hash":"c9e0cc1667b497beb423d8167735d38659403217"}
,"C:\\Users\\Usuario\\Desktop\\CURSOS CODER HOUSE\\BackEnd3\\EntregaFinal\\src\\services\\ticket.service.js": {"path":"C:\\Users\\Usuario\\Desktop\\CURSOS CODER HOUSE\\BackEnd3\\EntregaFinal\\src\\services\\ticket.service.js","statementMap":{"0":{"start":{"line":5,"column":4},"end":{"line":5,"column":46}},"1":{"start":{"line":9,"column":4},"end":{"line":9,"column":45}},"2":{"start":{"line":13,"column":4},"end":{"line":13,"column":42}},"3":{"start":{"line":17,"column":29},"end":{"line":17,"column":48}}},"fnMap":{"0":{"name":"(anonymous_0)","decl":{"start":{"line":4,"column":2},"end":{"line":4,"column":3}},"loc":{"start":{"line":4,"column":27},"end":{"line":6,"column":3}},"line":4},"1":{"name":"(anonymous_1)","decl":{"start":{"line":8,"column":2},"end":{"line":8,"column":3}},"loc":{"start":{"line":8,"column":26},"end":{"line":10,"column":3}},"line":8},"2":{"name":"(anonymous_2)","decl":{"start":{"line":12,"column":2},"end":{"line":12,"column":3}},"loc":{"start":{"line":12,"column":27},"end":{"line":14,"column":3}},"line":12}},"branchMap":{"0":{"loc":{"start":{"line":12,"column":15},"end":{"line":12,"column":25}},"type":"default-arg","locations":[{"start":{"line":12,"column":23},"end":{"line":12,"column":25}}],"line":12}},"s":{"0":0,"1":0,"2":0,"3":1},"f":{"0":0,"1":0,"2":0},"b":{"0":[0]},"inputSourceMap":null,"_coverageSchema":"1a1c01bbd47fc00a2c39e90264f33305004495a9","hash":"67521f855eb334dd4b6f4b5c8c11699aff488952"}
,"C:\\Users\\Usuario\\Desktop\\CURSOS CODER HOUSE\\BackEnd3\\EntregaFinal\\src\\services\\user.service.js": {"path":"C:\\Users\\Usuario\\Desktop\\CURSOS CODER HOUSE\\BackEnd3\\EntregaFinal\\src\\services\\user.service.js","statementMap":{"0":{"start":{"line":5,"column":4},"end":{"line":5,"column":34}},"1":{"start":{"line":9,"column":4},"end":{"line":9,"column":41}},"2":{"start":{"line":13,"column":4},"end":{"line":13,"column":42}},"3":{"start":{"line":17,"column":4},"end":{"line":17,"column":50}},"4":{"start":{"line":21,"column":4},"end":{"line":21,"column":40}},"5":{"start":{"line":25,"column":4},"end":{"line":25,"column":44}},"6":{"start":{"line":29,"column":27},"end":{"line":29,"column":44}}},"fnMap":{"0":{"name":"(anonymous_0)","decl":{"start":{"line":4,"column":2},"end":{"line":4,"column":3}},"loc":{"start":{"line":4,"column":17},"end":{"line":6,"column":3}},"line":4},"1":{"name":"(anonymous_1)","decl":{"start":{"line":8,"column":2},"end":{"line":8,"column":3}},"loc":{"start":{"line":8,"column":24},"end":{"line":10,"column":3}},"line":8},"2":{"name":"(anonymous_2)","decl":{"start":{"line":12,"column":2},"end":{"line":12,"column":3}},"loc":{"start":{"line":12,"column":25},"end":{"line":14,"column":3}},"line":12},"3":{"name":"(anonymous_3)","decl":{"start":{"line":16,"column":2},"end":{"line":16,"column":3}},"loc":{"start":{"line":16,"column":33},"end":{"line":18,"column":3}},"line":16},"4":{"name":"(anonymous_4)","decl":{"start":{"line":20,"column":2},"end":{"line":20,"column":3}},"loc":{"start":{"line":20,"column":23},"end":{"line":22,"column":3}},"line":20},"5":{"name":"(anonymous_5)","decl":{"start":{"line":24,"column":2},"end":{"line":24,"column":3}},"loc":{"start":{"line":24,"column":27},"end":{"line":26,"column":3}},"line":24}},"branchMap":{},"s":{"0":0,"1":1,"2":7,"3":1,"4":0,"5":14,"6":1},"f":{"0":0,"1":1,"2":7,"3":1,"4":0,"5":14},"b":{},"inputSourceMap":null,"_coverageSchema":"1a1c01bbd47fc00a2c39e90264f33305004495a9","hash":"334078ef6387130325396fbc15369e477aac770a"}
,"C:\\Users\\Usuario\\Desktop\\CURSOS CODER HOUSE\\BackEnd3\\EntregaFinal\\src\\utils\\customErrors.js": {"path":"C:\\Users\\Usuario\\Desktop\\CURSOS CODER HOUSE\\BackEnd3\\EntregaFinal\\src\\utils\\customErrors.js","statementMap":{"0":{"start":{"line":3,"column":4},"end":{"line":3,"column":19}},"1":{"start":{"line":4,"column":4},"end":{"line":4,"column":25}},"2":{"start":{"line":5,"column":4},"end":{"line":5,"column":21}},"3":{"start":{"line":11,"column":4},"end":{"line":11,"column":41}},"4":{"start":{"line":17,"column":4},"end":{"line":17,"column":43}}},"fnMap":{"0":{"name":"(anonymous_0)","decl":{"start":{"line":2,"column":2},"end":{"line":2,"column":3}},"loc":{"start":{"line":2,"column":37},"end":{"line":6,"column":3}},"line":2},"1":{"name":"(anonymous_1)","decl":{"start":{"line":10,"column":2},"end":{"line":10,"column":3}},"loc":{"start":{"line":10,"column":49},"end":{"line":12,"column":3}},"line":10},"2":{"name":"(anonymous_2)","decl":{"start":{"line":16,"column":2},"end":{"line":16,"column":3}},"loc":{"start":{"line":16,"column":43},"end":{"line":18,"column":3}},"line":16}},"branchMap":{"0":{"loc":{"start":{"line":10,"column":14},"end":{"line":10,"column":47}},"type":"default-arg","locations":[{"start":{"line":10,"column":24},"end":{"line":10,"column":47}}],"line":10},"1":{"loc":{"start":{"line":16,"column":14},"end":{"line":16,"column":41}},"type":"default-arg","locations":[{"start":{"line":16,"column":24},"end":{"line":16,"column":41}}],"line":16}},"s":{"0":0,"1":0,"2":0,"3":0,"4":0},"f":{"0":0,"1":0,"2":0},"b":{"0":[0],"1":[0]},"inputSourceMap":null,"_coverageSchema":"1a1c01bbd47fc00a2c39e90264f33305004495a9","hash":"669784571c6d1b217619df18f0523630e31ab277"}
,"C:\\Users\\Usuario\\Desktop\\CURSOS CODER HOUSE\\BackEnd3\\EntregaFinal\\src\\utils\\logger.js": {"path":"C:\\Users\\Usuario\\Desktop\\CURSOS CODER HOUSE\\BackEnd3\\EntregaFinal\\src\\utils\\logger.js","statementMap":{"0":{"start":{"line":4,"column":0},"end":{"line":11,"column":3}},"1":{"start":{"line":13,"column":0},"end":{"line":46,"column":3}},"2":{"start":{"line":48,"column":25},"end":{"line":51,"column":1}},"3":{"start":{"line":49,"column":14},"end":{"line":49,"column":51}},"4":{"start":{"line":50,"column":2},"end":{"line":50,"column":75}}},"fnMap":{"0":{"name":"(anonymous_0)","decl":{"start":{"line":48,"column":25},"end":{"line":48,"column":26}},"loc":{"start":{"line":48,"column":31},"end":{"line":51,"column":1}},"line":48}},"branchMap":{"0":{"loc":{"start":{"line":49,"column":14},"end":{"line":49,"column":51}},"type":"binary-expr","locations":[{"start":{"line":49,"column":14},"end":{"line":49,"column":34}},{"start":{"line":49,"column":38},"end":{"line":49,"column":51}}],"line":49},"1":{"loc":{"start":{"line":50,"column":26},"end":{"line":50,"column":73}},"type":"cond-expr","locations":[{"start":{"line":50,"column":49},"end":{"line":50,"column":61}},{"start":{"line":50,"column":64},"end":{"line":50,"column":73}}],"line":50}},"s":{"0":1,"1":1,"2":1,"3":10,"4":10},"f":{"0":10},"b":{"0":[10,0],"1":[0,10]},"inputSourceMap":null,"_coverageSchema":"1a1c01bbd47fc00a2c39e90264f33305004495a9","hash":"7c38ecc29b78466e949cf29b9b4a9fd229404774"}
,"C:\\Users\\Usuario\\Desktop\\CURSOS CODER HOUSE\\BackEnd3\\EntregaFinal\\src\\utils\\mocking.js": {"path":"C:\\Users\\Usuario\\Desktop\\CURSOS CODER HOUSE\\BackEnd3\\EntregaFinal\\src\\utils\\mocking.js","statementMap":{"0":{"start":{"line":9,"column":33},"end":{"line":26,"column":1}},"1":{"start":{"line":10,"column":16},"end":{"line":10,"column":18}},"2":{"start":{"line":11,"column":2},"end":{"line":24,"column":3}},"3":{"start":{"line":11,"column":15},"end":{"line":11,"column":16}},"4":{"start":{"line":12,"column":19},"end":{"line":12,"column":51}},"5":{"start":{"line":13,"column":17},"end":{"line":22,"column":5}},"6":{"start":{"line":23,"column":4},"end":{"line":23,"column":21}},"7":{"start":{"line":25,"column":2},"end":{"line":25,"column":15}},"8":{"start":{"line":28,"column":36},"end":{"line":43,"column":1}},"9":{"start":{"line":29,"column":19},"end":{"line":29,"column":21}},"10":{"start":{"line":30,"column":2},"end":{"line":41,"column":3}},"11":{"start":{"line":30,"column":15},"end":{"line":30,"column":16}},"12":{"start":{"line":31,"column":4},"end":{"line":40,"column":7}},"13":{"start":{"line":42,"column":2},"end":{"line":42,"column":18}},"14":{"start":{"line":45,"column":30},"end":{"line":81,"column":1}},"15":{"start":{"line":46,"column":24},"end":{"line":46,"column":26}},"16":{"start":{"line":47,"column":27},"end":{"line":47,"column":29}},"17":{"start":{"line":50,"column":2},"end":{"line":63,"column":3}},"18":{"start":{"line":50,"column":15},"end":{"line":50,"column":16}},"19":{"start":{"line":51,"column":17},"end":{"line":51,"column":47}},"20":{"start":{"line":52,"column":17},"end":{"line":60,"column":5}},"21":{"start":{"line":61,"column":25},"end":{"line":61,"column":53}},"22":{"start":{"line":62,"column":4},"end":{"line":62,"column":37}},"23":{"start":{"line":66,"column":2},"end":{"line":78,"column":3}},"24":{"start":{"line":66,"column":15},"end":{"line":66,"column":16}},"25":{"start":{"line":67,"column":20},"end":{"line":75,"column":5}},"26":{"start":{"line":76,"column":28},"end":{"line":76,"column":57}},"27":{"start":{"line":77,"column":4},"end":{"line":77,"column":43}},"28":{"start":{"line":80,"column":2},"end":{"line":80,"column":62}},"29":{"start":{"line":83,"column":29},"end":{"line":111,"column":1}},"30":{"start":{"line":84,"column":2},"end":{"line":110,"column":3}},"31":{"start":{"line":85,"column":22},"end":{"line":85,"column":53}},"32":{"start":{"line":86,"column":24},"end":{"line":86,"column":26}},"33":{"start":{"line":87,"column":24},"end":{"line":87,"column":26}},"34":{"start":{"line":89,"column":4},"end":{"line":95,"column":5}},"35":{"start":{"line":90,"column":29},"end":{"line":90,"column":76}},"36":{"start":{"line":91,"column":6},"end":{"line":94,"column":7}},"37":{"start":{"line":92,"column":8},"end":{"line":92,"column":35}},"38":{"start":{"line":93,"column":8},"end":{"line":93,"column":38}},"39":{"start":{"line":97,"column":25},"end":{"line":97,"column":82}},"40":{"start":{"line":99,"column":25},"end":{"line":99,"column":77}},"41":{"start":{"line":101,"column":28},"end":{"line":101,"column":143}},"42":{"start":{"line":103,"column":4},"end":{"line":107,"column":6}},"43":{"start":{"line":109,"column":4},"end":{"line":109,"column":67}}},"fnMap":{"0":{"name":"(anonymous_0)","decl":{"start":{"line":9,"column":33},"end":{"line":9,"column":34}},"loc":{"start":{"line":9,"column":50},"end":{"line":26,"column":1}},"line":9},"1":{"name":"(anonymous_1)","decl":{"start":{"line":28,"column":36},"end":{"line":28,"column":37}},"loc":{"start":{"line":28,"column":47},"end":{"line":43,"column":1}},"line":28},"2":{"name":"(anonymous_2)","decl":{"start":{"line":45,"column":30},"end":{"line":45,"column":31}},"loc":{"start":{"line":45,"column":61},"end":{"line":81,"column":1}},"line":45},"3":{"name":"(anonymous_3)","decl":{"start":{"line":83,"column":29},"end":{"line":83,"column":30}},"loc":{"start":{"line":83,"column":41},"end":{"line":111,"column":1}},"line":83}},"branchMap":{"0":{"loc":{"start":{"line":91,"column":6},"end":{"line":94,"column":7}},"type":"if","locations":[{"start":{"line":91,"column":6},"end":{"line":94,"column":7}},{"start":{},"end":{}}],"line":91}},"s":{"0":1,"1":0,"2":0,"3":0,"4":0,"5":0,"6":0,"7":0,"8":1,"9":0,"10":0,"11":0,"12":0,"13":0,"14":1,"15":0,"16":0,"17":0,"18":0,"19":0,"20":0,"21":0,"22":0,"23":0,"24":0,"25":0,"26":0,"27":0,"28":0,"29":1,"30":0,"31":0,"32":0,"33":0,"34":0,"35":0,"36":0,"37":0,"38":0,"39":0,"40":0,"41":0,"42":0,"43":0},"f":{"0":0,"1":0,"2":0,"3":0},"b":{"0":[0,0]},"inputSourceMap":null,"_coverageSchema":"1a1c01bbd47fc00a2c39e90264f33305004495a9","hash":"0d4db1e20cf9e6471c4754cae3b07dbdc9e8515c"}
,"C:\\Users\\Usuario\\Desktop\\CURSOS CODER HOUSE\\BackEnd3\\EntregaFinal\\src\\utils\\password.utils.js": {"path":"C:\\Users\\Usuario\\Desktop\\CURSOS CODER HOUSE\\BackEnd3\\EntregaFinal\\src\\utils\\password.utils.js","statementMap":{"0":{"start":{"line":4,"column":2},"end":{"line":4,"column":61}},"1":{"start":{"line":8,"column":2},"end":{"line":8,"column":46}}},"fnMap":{"0":{"name":"hashPassword","decl":{"start":{"line":3,"column":22},"end":{"line":3,"column":34}},"loc":{"start":{"line":3,"column":45},"end":{"line":5,"column":1}},"line":3},"1":{"name":"verifyPassword","decl":{"start":{"line":7,"column":22},"end":{"line":7,"column":36}},"loc":{"start":{"line":7,"column":53},"end":{"line":9,"column":1}},"line":7}},"branchMap":{},"s":{"0":15,"1":5},"f":{"0":15,"1":5},"b":{},"inputSourceMap":null,"_coverageSchema":"1a1c01bbd47fc00a2c39e90264f33305004495a9","hash":"3e48f07f92ee22d77728d025e9384e86a68db552"}
}
