{"C:\\Users\\Usuario\\Desktop\\CURSOS CODER HOUSE\\BackEnd3\\EntregaFinal\\src\\DAOs\\index.dao.js": {"path":"C:\\Users\\Usuario\\Desktop\\CURSOS CODER HOUSE\\BackEnd3\\EntregaFinal\\src\\DAOs\\index.dao.js","statementMap":{"0":{"start":{"line":6,"column":13},"end":{"line":6,"column":82}},"1":{"start":{"line":8,"column":59},"end":{"line":8,"column":63}}},"fnMap":{},"branchMap":{"0":{"loc":{"start":{"line":6,"column":13},"end":{"line":6,"column":82}},"type":"cond-expr","locations":[{"start":{"line":6,"column":58},"end":{"line":6,"column":69}},{"start":{"line":6,"column":72},"end":{"line":6,"column":82}}],"line":6}},"s":{"0":4,"1":4},"f":{},"b":{"0":[4,0]},"_coverageSchema":"1a1c01bbd47fc00a2c39e90264f33305004495a9","hash":"9d53778cc55770a5768c4edc9f3e3ddb99bcc732"}
,"C:\\Users\\Usuario\\Desktop\\CURSOS CODER HOUSE\\BackEnd3\\EntregaFinal\\src\\DAOs\\memory\\cart.dao.js": {"path":"C:\\Users\\Usuario\\Desktop\\CURSOS CODER HOUSE\\BackEnd3\\EntregaFinal\\src\\DAOs\\memory\\cart.dao.js","statementMap":{"0":{"start":{"line":3,"column":12},"end":{"line":3,"column":14}},"1":{"start":{"line":7,"column":20},"end":{"line":10,"column":5}},"2":{"start":{"line":11,"column":4},"end":{"line":11,"column":24}},"3":{"start":{"line":12,"column":4},"end":{"line":12,"column":19}},"4":{"start":{"line":16,"column":4},"end":{"line":16,"column":55}},"5":{"start":{"line":16,"column":29},"end":{"line":16,"column":45}},"6":{"start":{"line":20,"column":4},"end":{"line":20,"column":17}},"7":{"start":{"line":24,"column":17},"end":{"line":24,"column":47}},"8":{"start":{"line":25,"column":4},"end":{"line":25,"column":56}},"9":{"start":{"line":25,"column":15},"end":{"line":25,"column":56}},"10":{"start":{"line":27,"column":25},"end":{"line":29,"column":5}},"11":{"start":{"line":28,"column":16},"end":{"line":28,"column":42}},"12":{"start":{"line":31,"column":4},"end":{"line":35,"column":5}},"13":{"start":{"line":32,"column":6},"end":{"line":32,"column":48}},"14":{"start":{"line":34,"column":6},"end":{"line":34,"column":62}},"15":{"start":{"line":37,"column":4},"end":{"line":37,"column":16}},"16":{"start":{"line":41,"column":17},"end":{"line":41,"column":47}},"17":{"start":{"line":42,"column":4},"end":{"line":42,"column":56}},"18":{"start":{"line":42,"column":15},"end":{"line":42,"column":56}},"19":{"start":{"line":44,"column":25},"end":{"line":46,"column":5}},"20":{"start":{"line":45,"column":16},"end":{"line":45,"column":42}},"21":{"start":{"line":48,"column":4},"end":{"line":48,"column":85}},"22":{"start":{"line":48,"column":29},"end":{"line":48,"column":85}},"23":{"start":{"line":50,"column":4},"end":{"line":50,"column":52}},"24":{"start":{"line":51,"column":4},"end":{"line":51,"column":16}},"25":{"start":{"line":55,"column":17},"end":{"line":55,"column":47}},"26":{"start":{"line":56,"column":4},"end":{"line":56,"column":56}},"27":{"start":{"line":56,"column":15},"end":{"line":56,"column":56}},"28":{"start":{"line":58,"column":4},"end":{"line":60,"column":6}},"29":{"start":{"line":59,"column":16},"end":{"line":59,"column":42}},"30":{"start":{"line":61,"column":4},"end":{"line":61,"column":16}},"31":{"start":{"line":65,"column":17},"end":{"line":65,"column":47}},"32":{"start":{"line":66,"column":4},"end":{"line":66,"column":56}},"33":{"start":{"line":66,"column":15},"end":{"line":66,"column":56}},"34":{"start":{"line":68,"column":4},"end":{"line":68,"column":29}},"35":{"start":{"line":69,"column":4},"end":{"line":69,"column":16}},"36":{"start":{"line":73,"column":17},"end":{"line":73,"column":47}},"37":{"start":{"line":74,"column":4},"end":{"line":74,"column":56}},"38":{"start":{"line":74,"column":15},"end":{"line":74,"column":56}},"39":{"start":{"line":76,"column":4},"end":{"line":76,"column":23}},"40":{"start":{"line":77,"column":4},"end":{"line":77,"column":16}}},"fnMap":{"0":{"name":"(anonymous_0)","decl":{"start":{"line":6,"column":2},"end":{"line":6,"column":3}},"loc":{"start":{"line":6,"column":21},"end":{"line":13,"column":3}},"line":6},"1":{"name":"(anonymous_1)","decl":{"start":{"line":15,"column":2},"end":{"line":15,"column":3}},"loc":{"start":{"line":15,"column":28},"end":{"line":17,"column":3}},"line":15},"2":{"name":"(anonymous_2)","decl":{"start":{"line":16,"column":22},"end":{"line":16,"column":23}},"loc":{"start":{"line":16,"column":29},"end":{"line":16,"column":45}},"line":16},"3":{"name":"(anonymous_3)","decl":{"start":{"line":19,"column":2},"end":{"line":19,"column":3}},"loc":{"start":{"line":19,"column":22},"end":{"line":21,"column":3}},"line":19},"4":{"name":"(anonymous_4)","decl":{"start":{"line":23,"column":2},"end":{"line":23,"column":3}},"loc":{"start":{"line":23,"column":44},"end":{"line":38,"column":3}},"line":23},"5":{"name":"(anonymous_5)","decl":{"start":{"line":28,"column":6},"end":{"line":28,"column":7}},"loc":{"start":{"line":28,"column":16},"end":{"line":28,"column":42}},"line":28},"6":{"name":"(anonymous_6)","decl":{"start":{"line":40,"column":2},"end":{"line":40,"column":3}},"loc":{"start":{"line":40,"column":59},"end":{"line":52,"column":3}},"line":40},"7":{"name":"(anonymous_7)","decl":{"start":{"line":45,"column":6},"end":{"line":45,"column":7}},"loc":{"start":{"line":45,"column":16},"end":{"line":45,"column":42}},"line":45},"8":{"name":"(anonymous_8)","decl":{"start":{"line":54,"column":2},"end":{"line":54,"column":3}},"loc":{"start":{"line":54,"column":49},"end":{"line":62,"column":3}},"line":54},"9":{"name":"(anonymous_9)","decl":{"start":{"line":59,"column":6},"end":{"line":59,"column":7}},"loc":{"start":{"line":59,"column":16},"end":{"line":59,"column":42}},"line":59},"10":{"name":"(anonymous_10)","decl":{"start":{"line":64,"column":2},"end":{"line":64,"column":3}},"loc":{"start":{"line":64,"column":37},"end":{"line":70,"column":3}},"line":64},"11":{"name":"(anonymous_11)","decl":{"start":{"line":72,"column":2},"end":{"line":72,"column":3}},"loc":{"start":{"line":72,"column":26},"end":{"line":78,"column":3}},"line":72}},"branchMap":{"0":{"loc":{"start":{"line":16,"column":11},"end":{"line":16,"column":54}},"type":"binary-expr","locations":[{"start":{"line":16,"column":11},"end":{"line":16,"column":46}},{"start":{"line":16,"column":50},"end":{"line":16,"column":54}}],"line":16},"1":{"loc":{"start":{"line":25,"column":4},"end":{"line":25,"column":56}},"type":"if","locations":[{"start":{"line":25,"column":4},"end":{"line":25,"column":56}},{"start":{},"end":{}}],"line":25},"2":{"loc":{"start":{"line":31,"column":4},"end":{"line":35,"column":5}},"type":"if","locations":[{"start":{"line":31,"column":4},"end":{"line":35,"column":5}},{"start":{"line":33,"column":11},"end":{"line":35,"column":5}}],"line":31},"3":{"loc":{"start":{"line":42,"column":4},"end":{"line":42,"column":56}},"type":"if","locations":[{"start":{"line":42,"column":4},"end":{"line":42,"column":56}},{"start":{},"end":{}}],"line":42},"4":{"loc":{"start":{"line":48,"column":4},"end":{"line":48,"column":85}},"type":"if","locations":[{"start":{"line":48,"column":4},"end":{"line":48,"column":85}},{"start":{},"end":{}}],"line":48},"5":{"loc":{"start":{"line":56,"column":4},"end":{"line":56,"column":56}},"type":"if","locations":[{"start":{"line":56,"column":4},"end":{"line":56,"column":56}},{"start":{},"end":{}}],"line":56},"6":{"loc":{"start":{"line":66,"column":4},"end":{"line":66,"column":56}},"type":"if","locations":[{"start":{"line":66,"column":4},"end":{"line":66,"column":56}},{"start":{},"end":{}}],"line":66},"7":{"loc":{"start":{"line":74,"column":4},"end":{"line":74,"column":56}},"type":"if","locations":[{"start":{"line":74,"column":4},"end":{"line":74,"column":56}},{"start":{},"end":{}}],"line":74}},"s":{"0":4,"1":0,"2":0,"3":0,"4":0,"5":0,"6":0,"7":0,"8":0,"9":0,"10":0,"11":0,"12":0,"13":0,"14":0,"15":0,"16":0,"17":0,"18":0,"19":0,"20":0,"21":0,"22":0,"23":0,"24":0,"25":0,"26":0,"27":0,"28":0,"29":0,"30":0,"31":0,"32":0,"33":0,"34":0,"35":0,"36":0,"37":0,"38":0,"39":0,"40":0},"f":{"0":0,"1":0,"2":0,"3":0,"4":0,"5":0,"6":0,"7":0,"8":0,"9":0,"10":0,"11":0},"b":{"0":[0,0],"1":[0,0],"2":[0,0],"3":[0,0],"4":[0,0],"5":[0,0],"6":[0,0],"7":[0,0]},"_coverageSchema":"1a1c01bbd47fc00a2c39e90264f33305004495a9","hash":"ee94eeb15232036d9dabf282f84bcc742a2694eb"}
,"C:\\Users\\Usuario\\Desktop\\CURSOS CODER HOUSE\\BackEnd3\\EntregaFinal\\src\\DAOs\\memory\\index.js": {"path":"C:\\Users\\Usuario\\Desktop\\CURSOS CODER HOUSE\\BackEnd3\\EntregaFinal\\src\\DAOs\\memory\\index.js","statementMap":{"0":{"start":{"line":6,"column":26},"end":{"line":11,"column":1}}},"fnMap":{},"branchMap":{},"s":{"0":4},"f":{},"b":{},"_coverageSchema":"1a1c01bbd47fc00a2c39e90264f33305004495a9","hash":"e6f04b7f9fecd4079edf1b39b06c650bbd84639f"}
,"C:\\Users\\Usuario\\Desktop\\CURSOS CODER HOUSE\\BackEnd3\\EntregaFinal\\src\\DAOs\\memory\\product.dao.js": {"path":"C:\\Users\\Usuario\\Desktop\\CURSOS CODER HOUSE\\BackEnd3\\EntregaFinal\\src\\DAOs\\memory\\product.dao.js","statementMap":{"0":{"start":{"line":3,"column":15},"end":{"line":3,"column":17}},"1":{"start":{"line":7,"column":18},"end":{"line":7,"column":36}},"2":{"start":{"line":8,"column":16},"end":{"line":8,"column":29}},"3":{"start":{"line":9,"column":4},"end":{"line":15,"column":6}},"4":{"start":{"line":19,"column":4},"end":{"line":19,"column":61}},"5":{"start":{"line":19,"column":32},"end":{"line":19,"column":51}},"6":{"start":{"line":23,"column":23},"end":{"line":26,"column":5}},"7":{"start":{"line":27,"column":4},"end":{"line":27,"column":30}},"8":{"start":{"line":28,"column":4},"end":{"line":28,"column":22}},"9":{"start":{"line":32,"column":18},"end":{"line":32,"column":64}},"10":{"start":{"line":32,"column":44},"end":{"line":32,"column":63}},"11":{"start":{"line":33,"column":4},"end":{"line":33,"column":34}},"12":{"start":{"line":33,"column":22},"end":{"line":33,"column":34}},"13":{"start":{"line":34,"column":4},"end":{"line":34,"column":61}},"14":{"start":{"line":35,"column":4},"end":{"line":35,"column":27}},"15":{"start":{"line":39,"column":18},"end":{"line":39,"column":64}},"16":{"start":{"line":39,"column":44},"end":{"line":39,"column":63}},"17":{"start":{"line":40,"column":4},"end":{"line":40,"column":34}},"18":{"start":{"line":40,"column":22},"end":{"line":40,"column":34}},"19":{"start":{"line":41,"column":20},"end":{"line":41,"column":48}},"20":{"start":{"line":42,"column":4},"end":{"line":42,"column":19}},"21":{"start":{"line":46,"column":4},"end":{"line":46,"column":27}},"22":{"start":{"line":50,"column":18},"end":{"line":50,"column":64}},"23":{"start":{"line":50,"column":44},"end":{"line":50,"column":63}},"24":{"start":{"line":51,"column":4},"end":{"line":51,"column":34}},"25":{"start":{"line":51,"column":22},"end":{"line":51,"column":34}},"26":{"start":{"line":52,"column":20},"end":{"line":52,"column":48}},"27":{"start":{"line":53,"column":4},"end":{"line":53,"column":19}}},"fnMap":{"0":{"name":"(anonymous_0)","decl":{"start":{"line":6,"column":2},"end":{"line":6,"column":3}},"loc":{"start":{"line":6,"column":28},"end":{"line":16,"column":3}},"line":6},"1":{"name":"(anonymous_1)","decl":{"start":{"line":18,"column":2},"end":{"line":18,"column":3}},"loc":{"start":{"line":18,"column":27},"end":{"line":20,"column":3}},"line":18},"2":{"name":"(anonymous_2)","decl":{"start":{"line":19,"column":25},"end":{"line":19,"column":26}},"loc":{"start":{"line":19,"column":32},"end":{"line":19,"column":51}},"line":19},"3":{"name":"(anonymous_3)","decl":{"start":{"line":22,"column":2},"end":{"line":22,"column":3}},"loc":{"start":{"line":22,"column":28},"end":{"line":29,"column":3}},"line":22},"4":{"name":"(anonymous_4)","decl":{"start":{"line":31,"column":2},"end":{"line":31,"column":3}},"loc":{"start":{"line":31,"column":39},"end":{"line":36,"column":3}},"line":31},"5":{"name":"(anonymous_5)","decl":{"start":{"line":32,"column":37},"end":{"line":32,"column":38}},"loc":{"start":{"line":32,"column":44},"end":{"line":32,"column":63}},"line":32},"6":{"name":"(anonymous_6)","decl":{"start":{"line":38,"column":2},"end":{"line":38,"column":3}},"loc":{"start":{"line":38,"column":26},"end":{"line":43,"column":3}},"line":38},"7":{"name":"(anonymous_7)","decl":{"start":{"line":39,"column":37},"end":{"line":39,"column":38}},"loc":{"start":{"line":39,"column":44},"end":{"line":39,"column":63}},"line":39},"8":{"name":"(anonymous_8)","decl":{"start":{"line":45,"column":2},"end":{"line":45,"column":3}},"loc":{"start":{"line":45,"column":36},"end":{"line":47,"column":3}},"line":45},"9":{"name":"(anonymous_9)","decl":{"start":{"line":49,"column":2},"end":{"line":49,"column":3}},"loc":{"start":{"line":49,"column":29},"end":{"line":54,"column":3}},"line":49},"10":{"name":"(anonymous_10)","decl":{"start":{"line":50,"column":37},"end":{"line":50,"column":38}},"loc":{"start":{"line":50,"column":44},"end":{"line":50,"column":63}},"line":50}},"branchMap":{"0":{"loc":{"start":{"line":19,"column":11},"end":{"line":19,"column":60}},"type":"binary-expr","locations":[{"start":{"line":19,"column":11},"end":{"line":19,"column":52}},{"start":{"line":19,"column":56},"end":{"line":19,"column":60}}],"line":19},"1":{"loc":{"start":{"line":33,"column":4},"end":{"line":33,"column":34}},"type":"if","locations":[{"start":{"line":33,"column":4},"end":{"line":33,"column":34}},{"start":{},"end":{}}],"line":33},"2":{"loc":{"start":{"line":40,"column":4},"end":{"line":40,"column":34}},"type":"if","locations":[{"start":{"line":40,"column":4},"end":{"line":40,"column":34}},{"start":{},"end":{}}],"line":40},"3":{"loc":{"start":{"line":45,"column":23},"end":{"line":45,"column":34}},"type":"default-arg","locations":[{"start":{"line":45,"column":32},"end":{"line":45,"column":34}}],"line":45},"4":{"loc":{"start":{"line":51,"column":4},"end":{"line":51,"column":34}},"type":"if","locations":[{"start":{"line":51,"column":4},"end":{"line":51,"column":34}},{"start":{},"end":{}}],"line":51}},"s":{"0":4,"1":0,"2":0,"3":0,"4":0,"5":0,"6":0,"7":0,"8":0,"9":0,"10":0,"11":0,"12":0,"13":0,"14":0,"15":0,"16":0,"17":0,"18":0,"19":0,"20":0,"21":0,"22":0,"23":0,"24":0,"25":0,"26":0,"27":0},"f":{"0":0,"1":0,"2":0,"3":0,"4":0,"5":0,"6":0,"7":0,"8":0,"9":0,"10":0},"b":{"0":[0,0],"1":[0,0],"2":[0,0],"3":[0],"4":[0,0]},"_coverageSchema":"1a1c01bbd47fc00a2c39e90264f33305004495a9","hash":"9822c574612464c27c01e8d2bf94e93c10e20349"}
,"C:\\Users\\Usuario\\Desktop\\CURSOS CODER HOUSE\\BackEnd3\\EntregaFinal\\src\\DAOs\\memory\\ticket.dao.js": {"path":"C:\\Users\\Usuario\\Desktop\\CURSOS CODER HOUSE\\BackEnd3\\EntregaFinal\\src\\DAOs\\memory\\ticket.dao.js","statementMap":{"0":{"start":{"line":3,"column":14},"end":{"line":3,"column":16}},"1":{"start":{"line":7,"column":22},"end":{"line":12,"column":5}},"2":{"start":{"line":13,"column":4},"end":{"line":13,"column":28}},"3":{"start":{"line":14,"column":4},"end":{"line":14,"column":21}},"4":{"start":{"line":18,"column":4},"end":{"line":18,"column":59}},"5":{"start":{"line":18,"column":31},"end":{"line":18,"column":49}},"6":{"start":{"line":22,"column":4},"end":{"line":22,"column":57}},"7":{"start":{"line":22,"column":42},"end":{"line":22,"column":57}},"8":{"start":{"line":23,"column":4},"end":{"line":25,"column":6}},"9":{"start":{"line":24,"column":6},"end":{"line":24,"column":69}},"10":{"start":{"line":24,"column":41},"end":{"line":24,"column":68}}},"fnMap":{"0":{"name":"(anonymous_0)","decl":{"start":{"line":6,"column":2},"end":{"line":6,"column":3}},"loc":{"start":{"line":6,"column":27},"end":{"line":15,"column":3}},"line":6},"1":{"name":"(anonymous_1)","decl":{"start":{"line":17,"column":2},"end":{"line":17,"column":3}},"loc":{"start":{"line":17,"column":26},"end":{"line":19,"column":3}},"line":17},"2":{"name":"(anonymous_2)","decl":{"start":{"line":18,"column":24},"end":{"line":18,"column":25}},"loc":{"start":{"line":18,"column":31},"end":{"line":18,"column":49}},"line":18},"3":{"name":"(anonymous_3)","decl":{"start":{"line":21,"column":2},"end":{"line":21,"column":3}},"loc":{"start":{"line":21,"column":28},"end":{"line":26,"column":3}},"line":21},"4":{"name":"(anonymous_4)","decl":{"start":{"line":23,"column":26},"end":{"line":23,"column":27}},"loc":{"start":{"line":24,"column":6},"end":{"line":24,"column":69}},"line":24},"5":{"name":"(anonymous_5)","decl":{"start":{"line":24,"column":32},"end":{"line":24,"column":33}},"loc":{"start":{"line":24,"column":41},"end":{"line":24,"column":68}},"line":24}},"branchMap":{"0":{"loc":{"start":{"line":18,"column":11},"end":{"line":18,"column":58}},"type":"binary-expr","locations":[{"start":{"line":18,"column":11},"end":{"line":18,"column":50}},{"start":{"line":18,"column":54},"end":{"line":18,"column":58}}],"line":18},"1":{"loc":{"start":{"line":21,"column":15},"end":{"line":21,"column":26}},"type":"default-arg","locations":[{"start":{"line":21,"column":24},"end":{"line":21,"column":26}}],"line":21},"2":{"loc":{"start":{"line":22,"column":4},"end":{"line":22,"column":57}},"type":"if","locations":[{"start":{"line":22,"column":4},"end":{"line":22,"column":57}},{"start":{},"end":{}}],"line":22}},"s":{"0":4,"1":0,"2":0,"3":0,"4":0,"5":0,"6":0,"7":0,"8":0,"9":0,"10":0},"f":{"0":0,"1":0,"2":0,"3":0,"4":0,"5":0},"b":{"0":[0,0],"1":[0],"2":[0,0]},"_coverageSchema":"1a1c01bbd47fc00a2c39e90264f33305004495a9","hash":"281f0d2966fd407484c2421a39c82e9ebeb6987d"}
,"C:\\Users\\Usuario\\Desktop\\CURSOS CODER HOUSE\\BackEnd3\\EntregaFinal\\src\\DAOs\\memory\\user.dao.js": {"path":"C:\\Users\\Usuario\\Desktop\\CURSOS CODER HOUSE\\BackEnd3\\EntregaFinal\\src\\DAOs\\memory\\user.dao.js","statementMap":{"0":{"start":{"line":3,"column":12},"end":{"line":3,"column":14}},"1":{"start":{"line":7,"column":4},"end":{"line":7,"column":17}},"2":{"start":{"line":11,"column":4},"end":{"line":11,"column":55}},"3":{"start":{"line":11,"column":29},"end":{"line":11,"column":45}},"4":{"start":{"line":15,"column":20},"end":{"line":18,"column":5}},"5":{"start":{"line":19,"column":4},"end":{"line":19,"column":24}},"6":{"start":{"line":20,"column":4},"end":{"line":20,"column":19}},"7":{"start":{"line":24,"column":18},"end":{"line":24,"column":58}},"8":{"start":{"line":24,"column":41},"end":{"line":24,"column":57}},"9":{"start":{"line":25,"column":4},"end":{"line":25,"column":34}},"10":{"start":{"line":25,"column":22},"end":{"line":25,"column":34}},"11":{"start":{"line":26,"column":4},"end":{"line":26,"column":52}},"12":{"start":{"line":27,"column":4},"end":{"line":27,"column":24}},"13":{"start":{"line":31,"column":18},"end":{"line":31,"column":58}},"14":{"start":{"line":31,"column":41},"end":{"line":31,"column":57}},"15":{"start":{"line":32,"column":4},"end":{"line":32,"column":34}},"16":{"start":{"line":32,"column":22},"end":{"line":32,"column":34}},"17":{"start":{"line":33,"column":20},"end":{"line":33,"column":45}},"18":{"start":{"line":34,"column":4},"end":{"line":34,"column":19}},"19":{"start":{"line":38,"column":4},"end":{"line":38,"column":56}},"20":{"start":{"line":38,"column":29},"end":{"line":38,"column":46}}},"fnMap":{"0":{"name":"(anonymous_0)","decl":{"start":{"line":6,"column":2},"end":{"line":6,"column":3}},"loc":{"start":{"line":6,"column":17},"end":{"line":8,"column":3}},"line":6},"1":{"name":"(anonymous_1)","decl":{"start":{"line":10,"column":2},"end":{"line":10,"column":3}},"loc":{"start":{"line":10,"column":24},"end":{"line":12,"column":3}},"line":10},"2":{"name":"(anonymous_2)","decl":{"start":{"line":11,"column":22},"end":{"line":11,"column":23}},"loc":{"start":{"line":11,"column":29},"end":{"line":11,"column":45}},"line":11},"3":{"name":"(anonymous_3)","decl":{"start":{"line":14,"column":2},"end":{"line":14,"column":3}},"loc":{"start":{"line":14,"column":25},"end":{"line":21,"column":3}},"line":14},"4":{"name":"(anonymous_4)","decl":{"start":{"line":23,"column":2},"end":{"line":23,"column":3}},"loc":{"start":{"line":23,"column":33},"end":{"line":28,"column":3}},"line":23},"5":{"name":"(anonymous_5)","decl":{"start":{"line":24,"column":34},"end":{"line":24,"column":35}},"loc":{"start":{"line":24,"column":41},"end":{"line":24,"column":57}},"line":24},"6":{"name":"(anonymous_6)","decl":{"start":{"line":30,"column":2},"end":{"line":30,"column":3}},"loc":{"start":{"line":30,"column":23},"end":{"line":35,"column":3}},"line":30},"7":{"name":"(anonymous_7)","decl":{"start":{"line":31,"column":34},"end":{"line":31,"column":35}},"loc":{"start":{"line":31,"column":41},"end":{"line":31,"column":57}},"line":31},"8":{"name":"(anonymous_8)","decl":{"start":{"line":37,"column":2},"end":{"line":37,"column":3}},"loc":{"start":{"line":37,"column":27},"end":{"line":39,"column":3}},"line":37},"9":{"name":"(anonymous_9)","decl":{"start":{"line":38,"column":22},"end":{"line":38,"column":23}},"loc":{"start":{"line":38,"column":29},"end":{"line":38,"column":46}},"line":38}},"branchMap":{"0":{"loc":{"start":{"line":11,"column":11},"end":{"line":11,"column":54}},"type":"binary-expr","locations":[{"start":{"line":11,"column":11},"end":{"line":11,"column":46}},{"start":{"line":11,"column":50},"end":{"line":11,"column":54}}],"line":11},"1":{"loc":{"start":{"line":25,"column":4},"end":{"line":25,"column":34}},"type":"if","locations":[{"start":{"line":25,"column":4},"end":{"line":25,"column":34}},{"start":{},"end":{}}],"line":25},"2":{"loc":{"start":{"line":32,"column":4},"end":{"line":32,"column":34}},"type":"if","locations":[{"start":{"line":32,"column":4},"end":{"line":32,"column":34}},{"start":{},"end":{}}],"line":32},"3":{"loc":{"start":{"line":38,"column":11},"end":{"line":38,"column":55}},"type":"binary-expr","locations":[{"start":{"line":38,"column":11},"end":{"line":38,"column":47}},{"start":{"line":38,"column":51},"end":{"line":38,"column":55}}],"line":38}},"s":{"0":4,"1":0,"2":0,"3":0,"4":0,"5":0,"6":0,"7":0,"8":0,"9":0,"10":0,"11":0,"12":0,"13":0,"14":0,"15":0,"16":0,"17":0,"18":0,"19":0,"20":0},"f":{"0":0,"1":0,"2":0,"3":0,"4":0,"5":0,"6":0,"7":0,"8":0,"9":0},"b":{"0":[0,0],"1":[0,0],"2":[0,0],"3":[0,0]},"_coverageSchema":"1a1c01bbd47fc00a2c39e90264f33305004495a9","hash":"0f2a147d84d8ff715262d53e8d286fc6be9aadfb"}
,"C:\\Users\\Usuario\\Desktop\\CURSOS CODER HOUSE\\BackEnd3\\EntregaFinal\\src\\DAOs\\mongodb\\cart.dao.js": {"path":"C:\\Users\\Usuario\\Desktop\\CURSOS CODER HOUSE\\BackEnd3\\EntregaFinal\\src\\DAOs\\mongodb\\cart.dao.js","statementMap":{"0":{"start":{"line":5,"column":4},"end":{"line":5,"column":47}},"1":{"start":{"line":9,"column":4},"end":{"line":9,"column":68}},"2":{"start":{"line":13,"column":4},"end":{"line":13,"column":60}},"3":{"start":{"line":17,"column":17},"end":{"line":17,"column":47}},"4":{"start":{"line":18,"column":4},"end":{"line":18,"column":56}},"5":{"start":{"line":18,"column":15},"end":{"line":18,"column":56}},"6":{"start":{"line":20,"column":25},"end":{"line":20,"column":45}},"7":{"start":{"line":21,"column":25},"end":{"line":23,"column":5}},"8":{"start":{"line":22,"column":16},"end":{"line":22,"column":60}},"9":{"start":{"line":25,"column":4},"end":{"line":29,"column":5}},"10":{"start":{"line":26,"column":6},"end":{"line":26,"column":48}},"11":{"start":{"line":28,"column":6},"end":{"line":28,"column":62}},"12":{"start":{"line":31,"column":4},"end":{"line":31,"column":29}},"13":{"start":{"line":35,"column":17},"end":{"line":35,"column":47}},"14":{"start":{"line":36,"column":4},"end":{"line":36,"column":56}},"15":{"start":{"line":36,"column":15},"end":{"line":36,"column":56}},"16":{"start":{"line":38,"column":25},"end":{"line":40,"column":5}},"17":{"start":{"line":39,"column":16},"end":{"line":39,"column":53}},"18":{"start":{"line":42,"column":4},"end":{"line":42,"column":85}},"19":{"start":{"line":42,"column":29},"end":{"line":42,"column":85}},"20":{"start":{"line":44,"column":4},"end":{"line":44,"column":52}},"21":{"start":{"line":45,"column":4},"end":{"line":45,"column":29}},"22":{"start":{"line":49,"column":17},"end":{"line":49,"column":47}},"23":{"start":{"line":50,"column":4},"end":{"line":50,"column":56}},"24":{"start":{"line":50,"column":15},"end":{"line":50,"column":56}},"25":{"start":{"line":52,"column":4},"end":{"line":54,"column":6}},"26":{"start":{"line":53,"column":16},"end":{"line":53,"column":57}},"27":{"start":{"line":55,"column":4},"end":{"line":55,"column":29}},"28":{"start":{"line":59,"column":17},"end":{"line":59,"column":47}},"29":{"start":{"line":60,"column":4},"end":{"line":60,"column":56}},"30":{"start":{"line":60,"column":15},"end":{"line":60,"column":56}},"31":{"start":{"line":62,"column":4},"end":{"line":62,"column":29}},"32":{"start":{"line":63,"column":4},"end":{"line":63,"column":29}},"33":{"start":{"line":67,"column":17},"end":{"line":67,"column":47}},"34":{"start":{"line":68,"column":4},"end":{"line":68,"column":56}},"35":{"start":{"line":68,"column":15},"end":{"line":68,"column":56}},"36":{"start":{"line":70,"column":4},"end":{"line":70,"column":23}},"37":{"start":{"line":71,"column":4},"end":{"line":71,"column":29}}},"fnMap":{"0":{"name":"(anonymous_0)","decl":{"start":{"line":4,"column":2},"end":{"line":4,"column":3}},"loc":{"start":{"line":4,"column":21},"end":{"line":6,"column":3}},"line":4},"1":{"name":"(anonymous_1)","decl":{"start":{"line":8,"column":2},"end":{"line":8,"column":3}},"loc":{"start":{"line":8,"column":28},"end":{"line":10,"column":3}},"line":8},"2":{"name":"(anonymous_2)","decl":{"start":{"line":12,"column":2},"end":{"line":12,"column":3}},"loc":{"start":{"line":12,"column":22},"end":{"line":14,"column":3}},"line":12},"3":{"name":"(anonymous_3)","decl":{"start":{"line":16,"column":2},"end":{"line":16,"column":3}},"loc":{"start":{"line":16,"column":44},"end":{"line":32,"column":3}},"line":16},"4":{"name":"(anonymous_4)","decl":{"start":{"line":22,"column":6},"end":{"line":22,"column":7}},"loc":{"start":{"line":22,"column":16},"end":{"line":22,"column":60}},"line":22},"5":{"name":"(anonymous_5)","decl":{"start":{"line":34,"column":2},"end":{"line":34,"column":3}},"loc":{"start":{"line":34,"column":59},"end":{"line":46,"column":3}},"line":34},"6":{"name":"(anonymous_6)","decl":{"start":{"line":39,"column":6},"end":{"line":39,"column":7}},"loc":{"start":{"line":39,"column":16},"end":{"line":39,"column":53}},"line":39},"7":{"name":"(anonymous_7)","decl":{"start":{"line":48,"column":2},"end":{"line":48,"column":3}},"loc":{"start":{"line":48,"column":49},"end":{"line":56,"column":3}},"line":48},"8":{"name":"(anonymous_8)","decl":{"start":{"line":53,"column":6},"end":{"line":53,"column":7}},"loc":{"start":{"line":53,"column":16},"end":{"line":53,"column":57}},"line":53},"9":{"name":"(anonymous_9)","decl":{"start":{"line":58,"column":2},"end":{"line":58,"column":3}},"loc":{"start":{"line":58,"column":37},"end":{"line":64,"column":3}},"line":58},"10":{"name":"(anonymous_10)","decl":{"start":{"line":66,"column":2},"end":{"line":66,"column":3}},"loc":{"start":{"line":66,"column":26},"end":{"line":72,"column":3}},"line":66}},"branchMap":{"0":{"loc":{"start":{"line":18,"column":4},"end":{"line":18,"column":56}},"type":"if","locations":[{"start":{"line":18,"column":4},"end":{"line":18,"column":56}},{"start":{},"end":{}}],"line":18},"1":{"loc":{"start":{"line":25,"column":4},"end":{"line":29,"column":5}},"type":"if","locations":[{"start":{"line":25,"column":4},"end":{"line":29,"column":5}},{"start":{"line":27,"column":11},"end":{"line":29,"column":5}}],"line":25},"2":{"loc":{"start":{"line":36,"column":4},"end":{"line":36,"column":56}},"type":"if","locations":[{"start":{"line":36,"column":4},"end":{"line":36,"column":56}},{"start":{},"end":{}}],"line":36},"3":{"loc":{"start":{"line":42,"column":4},"end":{"line":42,"column":85}},"type":"if","locations":[{"start":{"line":42,"column":4},"end":{"line":42,"column":85}},{"start":{},"end":{}}],"line":42},"4":{"loc":{"start":{"line":50,"column":4},"end":{"line":50,"column":56}},"type":"if","locations":[{"start":{"line":50,"column":4},"end":{"line":50,"column":56}},{"start":{},"end":{}}],"line":50},"5":{"loc":{"start":{"line":60,"column":4},"end":{"line":60,"column":56}},"type":"if","locations":[{"start":{"line":60,"column":4},"end":{"line":60,"column":56}},{"start":{},"end":{}}],"line":60},"6":{"loc":{"start":{"line":68,"column":4},"end":{"line":68,"column":56}},"type":"if","locations":[{"start":{"line":68,"column":4},"end":{"line":68,"column":56}},{"start":{},"end":{}}],"line":68}},"s":{"0":0,"1":0,"2":0,"3":0,"4":0,"5":0,"6":0,"7":0,"8":0,"9":0,"10":0,"11":0,"12":0,"13":0,"14":0,"15":0,"16":0,"17":0,"18":0,"19":0,"20":0,"21":0,"22":0,"23":0,"24":0,"25":0,"26":0,"27":0,"28":0,"29":0,"30":0,"31":0,"32":0,"33":0,"34":0,"35":0,"36":0,"37":0},"f":{"0":0,"1":0,"2":0,"3":0,"4":0,"5":0,"6":0,"7":0,"8":0,"9":0,"10":0},"b":{"0":[0,0],"1":[0,0],"2":[0,0],"3":[0,0],"4":[0,0],"5":[0,0],"6":[0,0]},"_coverageSchema":"1a1c01bbd47fc00a2c39e90264f33305004495a9","hash":"9d756ea22cf13e2a2255795a1909ecb43836e128"}
,"C:\\Users\\Usuario\\Desktop\\CURSOS CODER HOUSE\\BackEnd3\\EntregaFinal\\src\\DAOs\\mongodb\\index.js": {"path":"C:\\Users\\Usuario\\Desktop\\CURSOS CODER HOUSE\\BackEnd3\\EntregaFinal\\src\\DAOs\\mongodb\\index.js","statementMap":{"0":{"start":{"line":6,"column":27},"end":{"line":11,"column":1}}},"fnMap":{},"branchMap":{},"s":{"0":4},"f":{},"b":{},"_coverageSchema":"1a1c01bbd47fc00a2c39e90264f33305004495a9","hash":"56bce83dad6e6fb3cf41426c089eff4ec1a30cd1"}
,"C:\\Users\\Usuario\\Desktop\\CURSOS CODER HOUSE\\BackEnd3\\EntregaFinal\\src\\DAOs\\mongodb\\product.dao.js": {"path":"C:\\Users\\Usuario\\Desktop\\CURSOS CODER HOUSE\\BackEnd3\\EntregaFinal\\src\\DAOs\\mongodb\\product.dao.js","statementMap":{"0":{"start":{"line":5,"column":4},"end":{"line":5,"column":84}},"1":{"start":{"line":9,"column":4},"end":{"line":9,"column":45}},"2":{"start":{"line":13,"column":4},"end":{"line":13,"column":45}},"3":{"start":{"line":17,"column":4},"end":{"line":17,"column":82}},"4":{"start":{"line":21,"column":4},"end":{"line":21,"column":54}},"5":{"start":{"line":25,"column":4},"end":{"line":25,"column":48}},"6":{"start":{"line":29,"column":4},"end":{"line":29,"column":54}}},"fnMap":{"0":{"name":"(anonymous_0)","decl":{"start":{"line":4,"column":2},"end":{"line":4,"column":3}},"loc":{"start":{"line":4,"column":28},"end":{"line":6,"column":3}},"line":4},"1":{"name":"(anonymous_1)","decl":{"start":{"line":8,"column":2},"end":{"line":8,"column":3}},"loc":{"start":{"line":8,"column":27},"end":{"line":10,"column":3}},"line":8},"2":{"name":"(anonymous_2)","decl":{"start":{"line":12,"column":2},"end":{"line":12,"column":3}},"loc":{"start":{"line":12,"column":28},"end":{"line":14,"column":3}},"line":12},"3":{"name":"(anonymous_3)","decl":{"start":{"line":16,"column":2},"end":{"line":16,"column":3}},"loc":{"start":{"line":16,"column":39},"end":{"line":18,"column":3}},"line":16},"4":{"name":"(anonymous_4)","decl":{"start":{"line":20,"column":2},"end":{"line":20,"column":3}},"loc":{"start":{"line":20,"column":26},"end":{"line":22,"column":3}},"line":20},"5":{"name":"(anonymous_5)","decl":{"start":{"line":24,"column":2},"end":{"line":24,"column":3}},"loc":{"start":{"line":24,"column":36},"end":{"line":26,"column":3}},"line":24},"6":{"name":"(anonymous_6)","decl":{"start":{"line":28,"column":2},"end":{"line":28,"column":3}},"loc":{"start":{"line":28,"column":29},"end":{"line":30,"column":3}},"line":28}},"branchMap":{"0":{"loc":{"start":{"line":24,"column":23},"end":{"line":24,"column":34}},"type":"default-arg","locations":[{"start":{"line":24,"column":32},"end":{"line":24,"column":34}}],"line":24}},"s":{"0":0,"1":0,"2":0,"3":0,"4":0,"5":0,"6":0},"f":{"0":0,"1":0,"2":0,"3":0,"4":0,"5":0,"6":0},"b":{"0":[0]},"_coverageSchema":"1a1c01bbd47fc00a2c39e90264f33305004495a9","hash":"38722485fd96bcd691ec44bee71aa4e1cff2a30e"}
,"C:\\Users\\Usuario\\Desktop\\CURSOS CODER HOUSE\\BackEnd3\\EntregaFinal\\src\\DAOs\\mongodb\\ticket.dao.js": {"path":"C:\\Users\\Usuario\\Desktop\\CURSOS CODER HOUSE\\BackEnd3\\EntregaFinal\\src\\DAOs\\mongodb\\ticket.dao.js","statementMap":{"0":{"start":{"line":5,"column":4},"end":{"line":5,"column":43}},"1":{"start":{"line":9,"column":4},"end":{"line":9,"column":79}},"2":{"start":{"line":13,"column":4},"end":{"line":13,"column":73}}},"fnMap":{"0":{"name":"(anonymous_0)","decl":{"start":{"line":4,"column":2},"end":{"line":4,"column":3}},"loc":{"start":{"line":4,"column":27},"end":{"line":6,"column":3}},"line":4},"1":{"name":"(anonymous_1)","decl":{"start":{"line":8,"column":2},"end":{"line":8,"column":3}},"loc":{"start":{"line":8,"column":26},"end":{"line":10,"column":3}},"line":8},"2":{"name":"(anonymous_2)","decl":{"start":{"line":12,"column":2},"end":{"line":12,"column":3}},"loc":{"start":{"line":12,"column":28},"end":{"line":14,"column":3}},"line":12}},"branchMap":{"0":{"loc":{"start":{"line":12,"column":15},"end":{"line":12,"column":26}},"type":"default-arg","locations":[{"start":{"line":12,"column":24},"end":{"line":12,"column":26}}],"line":12}},"s":{"0":0,"1":0,"2":0},"f":{"0":0,"1":0,"2":0},"b":{"0":[0]},"_coverageSchema":"1a1c01bbd47fc00a2c39e90264f33305004495a9","hash":"9e9bf6dd15faeb6ac6377a80dc553ed9b6642725"}
,"C:\\Users\\Usuario\\Desktop\\CURSOS CODER HOUSE\\BackEnd3\\EntregaFinal\\src\\DAOs\\mongodb\\user.dao.js": {"path":"C:\\Users\\Usuario\\Desktop\\CURSOS CODER HOUSE\\BackEnd3\\EntregaFinal\\src\\DAOs\\mongodb\\user.dao.js","statementMap":{"0":{"start":{"line":5,"column":4},"end":{"line":5,"column":34}},"1":{"start":{"line":9,"column":4},"end":{"line":9,"column":44}},"2":{"start":{"line":13,"column":4},"end":{"line":13,"column":44}},"3":{"start":{"line":17,"column":4},"end":{"line":17,"column":78}},"4":{"start":{"line":21,"column":4},"end":{"line":21,"column":53}},"5":{"start":{"line":25,"column":4},"end":{"line":25,"column":46}}},"fnMap":{"0":{"name":"(anonymous_0)","decl":{"start":{"line":4,"column":2},"end":{"line":4,"column":3}},"loc":{"start":{"line":4,"column":17},"end":{"line":6,"column":3}},"line":4},"1":{"name":"(anonymous_1)","decl":{"start":{"line":8,"column":2},"end":{"line":8,"column":3}},"loc":{"start":{"line":8,"column":24},"end":{"line":10,"column":3}},"line":8},"2":{"name":"(anonymous_2)","decl":{"start":{"line":12,"column":2},"end":{"line":12,"column":3}},"loc":{"start":{"line":12,"column":25},"end":{"line":14,"column":3}},"line":12},"3":{"name":"(anonymous_3)","decl":{"start":{"line":16,"column":2},"end":{"line":16,"column":3}},"loc":{"start":{"line":16,"column":33},"end":{"line":18,"column":3}},"line":16},"4":{"name":"(anonymous_4)","decl":{"start":{"line":20,"column":2},"end":{"line":20,"column":3}},"loc":{"start":{"line":20,"column":23},"end":{"line":22,"column":3}},"line":20},"5":{"name":"(anonymous_5)","decl":{"start":{"line":24,"column":2},"end":{"line":24,"column":3}},"loc":{"start":{"line":24,"column":27},"end":{"line":26,"column":3}},"line":24}},"branchMap":{},"s":{"0":0,"1":0,"2":0,"3":0,"4":0,"5":0},"f":{"0":0,"1":0,"2":0,"3":0,"4":0,"5":0},"b":{},"_coverageSchema":"1a1c01bbd47fc00a2c39e90264f33305004495a9","hash":"7e2688601fa16fab4ee7419031c7b64f04fdd666"}
,"C:\\Users\\Usuario\\Desktop\\CURSOS CODER HOUSE\\BackEnd3\\EntregaFinal\\src\\common\\constants\\persistence.js": {"path":"C:\\Users\\Usuario\\Desktop\\CURSOS CODER HOUSE\\BackEnd3\\EntregaFinal\\src\\common\\constants\\persistence.js","statementMap":{"0":{"start":{"line":1,"column":27},"end":{"line":4,"column":1}}},"fnMap":{},"branchMap":{},"s":{"0":4},"f":{},"b":{},"_coverageSchema":"1a1c01bbd47fc00a2c39e90264f33305004495a9","hash":"b732fdec9a4727b7a12bddd6ec281e18c2c33662"}
,"C:\\Users\\Usuario\\Desktop\\CURSOS CODER HOUSE\\BackEnd3\\EntregaFinal\\src\\config\\config.js": {"path":"C:\\Users\\Usuario\\Desktop\\CURSOS CODER HOUSE\\BackEnd3\\EntregaFinal\\src\\config\\config.js","statementMap":{"0":{"start":{"line":4,"column":0},"end":{"line":4,"column":9}},"1":{"start":{"line":6,"column":21},"end":{"line":17,"column":1}}},"fnMap":{},"branchMap":{"0":{"loc":{"start":{"line":7,"column":10},"end":{"line":7,"column":34}},"type":"binary-expr","locations":[{"start":{"line":7,"column":10},"end":{"line":7,"column":26}},{"start":{"line":7,"column":30},"end":{"line":7,"column":34}}],"line":7},"1":{"loc":{"start":{"line":9,"column":17},"end":{"line":9,"column":63}},"type":"binary-expr","locations":[{"start":{"line":9,"column":17},"end":{"line":9,"column":40}},{"start":{"line":9,"column":44},"end":{"line":9,"column":63}}],"line":9}},"s":{"0":4,"1":4},"f":{},"b":{"0":[4,0],"1":[4,0]},"_coverageSchema":"1a1c01bbd47fc00a2c39e90264f33305004495a9","hash":"449eefeaac87906dddc9653995691246a24b6842"}
,"C:\\Users\\Usuario\\Desktop\\CURSOS CODER HOUSE\\BackEnd3\\EntregaFinal\\src\\controllers\\carts.controller.js": {"path":"C:\\Users\\Usuario\\Desktop\\CURSOS CODER HOUSE\\BackEnd3\\EntregaFinal\\src\\controllers\\carts.controller.js","statementMap":{"0":{"start":{"line":8,"column":4},"end":{"line":13,"column":5}},"1":{"start":{"line":9,"column":20},"end":{"line":9,"column":51}},"2":{"start":{"line":10,"column":6},"end":{"line":10,"column":22}},"3":{"start":{"line":12,"column":6},"end":{"line":12,"column":18}},"4":{"start":{"line":17,"column":23},"end":{"line":17,"column":33}},"5":{"start":{"line":18,"column":4},"end":{"line":26,"column":5}},"6":{"start":{"line":19,"column":19},"end":{"line":19,"column":56}},"7":{"start":{"line":20,"column":6},"end":{"line":22,"column":7}},"8":{"start":{"line":21,"column":8},"end":{"line":21,"column":72}},"9":{"start":{"line":23,"column":6},"end":{"line":23,"column":21}},"10":{"start":{"line":25,"column":6},"end":{"line":25,"column":18}},"11":{"start":{"line":30,"column":4},"end":{"line":35,"column":5}},"12":{"start":{"line":31,"column":22},"end":{"line":31,"column":52}},"13":{"start":{"line":32,"column":6},"end":{"line":32,"column":36}},"14":{"start":{"line":34,"column":6},"end":{"line":34,"column":18}},"15":{"start":{"line":39,"column":34},"end":{"line":39,"column":44}},"16":{"start":{"line":40,"column":4},"end":{"line":49,"column":5}},"17":{"start":{"line":41,"column":22},"end":{"line":41,"column":62}},"18":{"start":{"line":42,"column":6},"end":{"line":44,"column":7}},"19":{"start":{"line":43,"column":8},"end":{"line":43,"column":73}},"20":{"start":{"line":45,"column":26},"end":{"line":45,"column":79}},"21":{"start":{"line":46,"column":6},"end":{"line":46,"column":28}},"22":{"start":{"line":48,"column":6},"end":{"line":48,"column":18}},"23":{"start":{"line":53,"column":23},"end":{"line":53,"column":33}},"24":{"start":{"line":54,"column":25},"end":{"line":54,"column":33}},"25":{"start":{"line":55,"column":4},"end":{"line":60,"column":5}},"26":{"start":{"line":56,"column":26},"end":{"line":56,"column":72}},"27":{"start":{"line":57,"column":6},"end":{"line":57,"column":28}},"28":{"start":{"line":59,"column":6},"end":{"line":59,"column":18}},"29":{"start":{"line":64,"column":34},"end":{"line":64,"column":44}},"30":{"start":{"line":65,"column":25},"end":{"line":65,"column":33}},"31":{"start":{"line":66,"column":4},"end":{"line":68,"column":5}},"32":{"start":{"line":67,"column":6},"end":{"line":67,"column":95}},"33":{"start":{"line":69,"column":4},"end":{"line":74,"column":5}},"34":{"start":{"line":70,"column":26},"end":{"line":70,"column":94}},"35":{"start":{"line":71,"column":6},"end":{"line":71,"column":28}},"36":{"start":{"line":73,"column":6},"end":{"line":73,"column":18}},"37":{"start":{"line":78,"column":34},"end":{"line":78,"column":44}},"38":{"start":{"line":79,"column":4},"end":{"line":84,"column":5}},"39":{"start":{"line":80,"column":26},"end":{"line":80,"column":84}},"40":{"start":{"line":81,"column":6},"end":{"line":81,"column":28}},"41":{"start":{"line":83,"column":6},"end":{"line":83,"column":18}},"42":{"start":{"line":88,"column":23},"end":{"line":88,"column":33}},"43":{"start":{"line":89,"column":4},"end":{"line":94,"column":5}},"44":{"start":{"line":90,"column":26},"end":{"line":90,"column":61}},"45":{"start":{"line":91,"column":6},"end":{"line":91,"column":87}},"46":{"start":{"line":93,"column":6},"end":{"line":93,"column":18}},"47":{"start":{"line":98,"column":23},"end":{"line":98,"column":33}},"48":{"start":{"line":99,"column":4},"end":{"line":147,"column":5}},"49":{"start":{"line":100,"column":19},"end":{"line":100,"column":56}},"50":{"start":{"line":101,"column":6},"end":{"line":103,"column":7}},"51":{"start":{"line":102,"column":8},"end":{"line":102,"column":84}},"52":{"start":{"line":105,"column":24},"end":{"line":105,"column":25}},"53":{"start":{"line":106,"column":34},"end":{"line":106,"column":36}},"54":{"start":{"line":107,"column":32},"end":{"line":107,"column":34}},"55":{"start":{"line":109,"column":6},"end":{"line":119,"column":7}},"56":{"start":{"line":110,"column":24},"end":{"line":110,"column":71}},"57":{"start":{"line":111,"column":8},"end":{"line":118,"column":9}},"58":{"start":{"line":112,"column":10},"end":{"line":112,"column":41}},"59":{"start":{"line":113,"column":10},"end":{"line":113,"column":78}},"60":{"start":{"line":114,"column":10},"end":{"line":114,"column":56}},"61":{"start":{"line":115,"column":10},"end":{"line":115,"column":89}},"62":{"start":{"line":117,"column":10},"end":{"line":117,"column":64}},"63":{"start":{"line":121,"column":6},"end":{"line":123,"column":8}},"64":{"start":{"line":122,"column":8},"end":{"line":122,"column":65}},"65":{"start":{"line":124,"column":6},"end":{"line":124,"column":58}},"66":{"start":{"line":126,"column":6},"end":{"line":144,"column":7}},"67":{"start":{"line":127,"column":27},"end":{"line":132,"column":9}},"68":{"start":{"line":133,"column":23},"end":{"line":133,"column":61}},"69":{"start":{"line":134,"column":8},"end":{"line":138,"column":11}},"70":{"start":{"line":140,"column":8},"end":{"line":143,"column":11}},"71":{"start":{"line":146,"column":6},"end":{"line":146,"column":18}},"72":{"start":{"line":151,"column":31},"end":{"line":151,"column":52}}},"fnMap":{"0":{"name":"(anonymous_0)","decl":{"start":{"line":7,"column":2},"end":{"line":7,"column":3}},"loc":{"start":{"line":7,"column":31},"end":{"line":14,"column":3}},"line":7},"1":{"name":"(anonymous_1)","decl":{"start":{"line":16,"column":2},"end":{"line":16,"column":3}},"loc":{"start":{"line":16,"column":32},"end":{"line":27,"column":3}},"line":16},"2":{"name":"(anonymous_2)","decl":{"start":{"line":29,"column":2},"end":{"line":29,"column":3}},"loc":{"start":{"line":29,"column":31},"end":{"line":36,"column":3}},"line":29},"3":{"name":"(anonymous_3)","decl":{"start":{"line":38,"column":2},"end":{"line":38,"column":3}},"loc":{"start":{"line":38,"column":41},"end":{"line":50,"column":3}},"line":38},"4":{"name":"(anonymous_4)","decl":{"start":{"line":52,"column":2},"end":{"line":52,"column":3}},"loc":{"start":{"line":52,"column":35},"end":{"line":61,"column":3}},"line":52},"5":{"name":"(anonymous_5)","decl":{"start":{"line":63,"column":2},"end":{"line":63,"column":3}},"loc":{"start":{"line":63,"column":46},"end":{"line":75,"column":3}},"line":63},"6":{"name":"(anonymous_6)","decl":{"start":{"line":77,"column":2},"end":{"line":77,"column":3}},"loc":{"start":{"line":77,"column":46},"end":{"line":85,"column":3}},"line":77},"7":{"name":"(anonymous_7)","decl":{"start":{"line":87,"column":2},"end":{"line":87,"column":3}},"loc":{"start":{"line":87,"column":34},"end":{"line":95,"column":3}},"line":87},"8":{"name":"(anonymous_8)","decl":{"start":{"line":97,"column":2},"end":{"line":97,"column":3}},"loc":{"start":{"line":97,"column":33},"end":{"line":148,"column":3}},"line":97},"9":{"name":"(anonymous_9)","decl":{"start":{"line":121,"column":43},"end":{"line":121,"column":44}},"loc":{"start":{"line":122,"column":8},"end":{"line":122,"column":65}},"line":122}},"branchMap":{"0":{"loc":{"start":{"line":20,"column":6},"end":{"line":22,"column":7}},"type":"if","locations":[{"start":{"line":20,"column":6},"end":{"line":22,"column":7}},{"start":{},"end":{}}],"line":20},"1":{"loc":{"start":{"line":42,"column":6},"end":{"line":44,"column":7}},"type":"if","locations":[{"start":{"line":42,"column":6},"end":{"line":44,"column":7}},{"start":{},"end":{}}],"line":42},"2":{"loc":{"start":{"line":66,"column":4},"end":{"line":68,"column":5}},"type":"if","locations":[{"start":{"line":66,"column":4},"end":{"line":68,"column":5}},{"start":{},"end":{}}],"line":66},"3":{"loc":{"start":{"line":66,"column":8},"end":{"line":66,"column":51}},"type":"binary-expr","locations":[{"start":{"line":66,"column":8},"end":{"line":66,"column":35}},{"start":{"line":66,"column":39},"end":{"line":66,"column":51}}],"line":66},"4":{"loc":{"start":{"line":101,"column":6},"end":{"line":103,"column":7}},"type":"if","locations":[{"start":{"line":101,"column":6},"end":{"line":103,"column":7}},{"start":{},"end":{}}],"line":101},"5":{"loc":{"start":{"line":101,"column":10},"end":{"line":101,"column":40}},"type":"binary-expr","locations":[{"start":{"line":101,"column":10},"end":{"line":101,"column":15}},{"start":{"line":101,"column":19},"end":{"line":101,"column":40}}],"line":101},"6":{"loc":{"start":{"line":111,"column":8},"end":{"line":118,"column":9}},"type":"if","locations":[{"start":{"line":111,"column":8},"end":{"line":118,"column":9}},{"start":{"line":116,"column":15},"end":{"line":118,"column":9}}],"line":111},"7":{"loc":{"start":{"line":126,"column":6},"end":{"line":144,"column":7}},"type":"if","locations":[{"start":{"line":126,"column":6},"end":{"line":144,"column":7}},{"start":{"line":139,"column":13},"end":{"line":144,"column":7}}],"line":126},"8":{"loc":{"start":{"line":137,"column":31},"end":{"line":137,"column":91}},"type":"cond-expr","locations":[{"start":{"line":137,"column":60},"end":{"line":137,"column":79}},{"start":{"line":137,"column":82},"end":{"line":137,"column":91}}],"line":137}},"s":{"0":2,"1":2,"2":1,"3":1,"4":4,"5":4,"6":4,"7":2,"8":1,"9":1,"10":2,"11":2,"12":2,"13":1,"14":1,"15":3,"16":3,"17":3,"18":3,"19":1,"20":2,"21":1,"22":1,"23":2,"24":2,"25":2,"26":2,"27":1,"28":1,"29":3,"30":3,"31":3,"32":1,"33":2,"34":2,"35":1,"36":1,"37":2,"38":2,"39":2,"40":1,"41":1,"42":2,"43":2,"44":2,"45":1,"46":1,"47":5,"48":5,"49":5,"50":4,"51":1,"52":3,"53":3,"54":3,"55":3,"56":4,"57":4,"58":2,"59":2,"60":2,"61":2,"62":2,"63":3,"64":4,"65":3,"66":3,"67":2,"68":2,"69":2,"70":1,"71":1,"72":1},"f":{"0":2,"1":4,"2":2,"3":3,"4":2,"5":3,"6":2,"7":2,"8":5,"9":4},"b":{"0":[1,1],"1":[1,2],"2":[1,2],"3":[3,3],"4":[1,3],"5":[4,4],"6":[2,2],"7":[2,1],"8":[1,1]},"_coverageSchema":"1a1c01bbd47fc00a2c39e90264f33305004495a9","hash":"060a6f3ad41cd3861b916bfe347e7ce3b48e23b0"}
,"C:\\Users\\Usuario\\Desktop\\CURSOS CODER HOUSE\\BackEnd3\\EntregaFinal\\src\\models\\carts.model.js": {"path":"C:\\Users\\Usuario\\Desktop\\CURSOS CODER HOUSE\\BackEnd3\\EntregaFinal\\src\\models\\carts.model.js","statementMap":{"0":{"start":{"line":3,"column":19},"end":{"line":14,"column":1}},"1":{"start":{"line":16,"column":13},"end":{"line":16,"column":38}}},"fnMap":{},"branchMap":{},"s":{"0":4,"1":4},"f":{},"b":{},"_coverageSchema":"1a1c01bbd47fc00a2c39e90264f33305004495a9","hash":"701a6f075530452582745b820718fb777ec0fe48"}
,"C:\\Users\\Usuario\\Desktop\\CURSOS CODER HOUSE\\BackEnd3\\EntregaFinal\\src\\models\\products.model.js": {"path":"C:\\Users\\Usuario\\Desktop\\CURSOS CODER HOUSE\\BackEnd3\\EntregaFinal\\src\\models\\products.model.js","statementMap":{"0":{"start":{"line":6,"column":22},"end":{"line":14,"column":2}},"1":{"start":{"line":16,"column":0},"end":{"line":16,"column":39}},"2":{"start":{"line":20,"column":23},"end":{"line":20,"column":54}}},"fnMap":{},"branchMap":{},"s":{"0":4,"1":4,"2":4},"f":{},"b":{},"_coverageSchema":"1a1c01bbd47fc00a2c39e90264f33305004495a9","hash":"296b4052db1eb68173d86e7f0e34026e154b595a"}
,"C:\\Users\\Usuario\\Desktop\\CURSOS CODER HOUSE\\BackEnd3\\EntregaFinal\\src\\models\\ticket.model.js": {"path":"C:\\Users\\Usuario\\Desktop\\CURSOS CODER HOUSE\\BackEnd3\\EntregaFinal\\src\\models\\ticket.model.js","statementMap":{"0":{"start":{"line":3,"column":21},"end":{"line":14,"column":2}},"1":{"start":{"line":16,"column":0},"end":{"line":21,"column":3}},"2":{"start":{"line":17,"column":2},"end":{"line":19,"column":3}},"3":{"start":{"line":18,"column":4},"end":{"line":18,"column":99}},"4":{"start":{"line":20,"column":2},"end":{"line":20,"column":9}},"5":{"start":{"line":23,"column":22},"end":{"line":23,"column":51}}},"fnMap":{"0":{"name":"(anonymous_0)","decl":{"start":{"line":16,"column":29},"end":{"line":16,"column":30}},"loc":{"start":{"line":16,"column":45},"end":{"line":21,"column":1}},"line":16}},"branchMap":{"0":{"loc":{"start":{"line":17,"column":2},"end":{"line":19,"column":3}},"type":"if","locations":[{"start":{"line":17,"column":2},"end":{"line":19,"column":3}},{"start":{},"end":{}}],"line":17}},"s":{"0":4,"1":4,"2":0,"3":0,"4":0,"5":4},"f":{"0":0},"b":{"0":[0,0]},"_coverageSchema":"1a1c01bbd47fc00a2c39e90264f33305004495a9","hash":"4f12d9d038e1b26e11e51d8a2a7e46094eaa8e29"}
,"C:\\Users\\Usuario\\Desktop\\CURSOS CODER HOUSE\\BackEnd3\\EntregaFinal\\src\\models\\user.model.js": {"path":"C:\\Users\\Usuario\\Desktop\\CURSOS CODER HOUSE\\BackEnd3\\EntregaFinal\\src\\models\\user.model.js","statementMap":{"0":{"start":{"line":3,"column":19},"end":{"line":11,"column":2}},"1":{"start":{"line":13,"column":25},"end":{"line":13,"column":50}}},"fnMap":{},"branchMap":{},"s":{"0":4,"1":4},"f":{},"b":{},"_coverageSchema":"1a1c01bbd47fc00a2c39e90264f33305004495a9","hash":"51d7aba44336d5002ab3df8f3f4285bd4738d43f"}
,"C:\\Users\\Usuario\\Desktop\\CURSOS CODER HOUSE\\BackEnd3\\EntregaFinal\\src\\services\\carts.service.js": {"path":"C:\\Users\\Usuario\\Desktop\\CURSOS CODER HOUSE\\BackEnd3\\EntregaFinal\\src\\services\\carts.service.js","statementMap":{"0":{"start":{"line":6,"column":4},"end":{"line":10,"column":5}},"1":{"start":{"line":7,"column":6},"end":{"line":7,"column":40}},"2":{"start":{"line":9,"column":6},"end":{"line":9,"column":66}},"3":{"start":{"line":14,"column":4},"end":{"line":24,"column":5}},"4":{"start":{"line":15,"column":6},"end":{"line":15,"column":72}},"5":{"start":{"line":15,"column":19},"end":{"line":15,"column":72}},"6":{"start":{"line":16,"column":19},"end":{"line":16,"column":52}},"7":{"start":{"line":17,"column":6},"end":{"line":17,"column":66}},"8":{"start":{"line":17,"column":17},"end":{"line":17,"column":66}},"9":{"start":{"line":18,"column":6},"end":{"line":18,"column":18}},"10":{"start":{"line":20,"column":6},"end":{"line":22,"column":7}},"11":{"start":{"line":21,"column":8},"end":{"line":21,"column":20}},"12":{"start":{"line":23,"column":6},"end":{"line":23,"column":68}},"13":{"start":{"line":28,"column":4},"end":{"line":32,"column":5}},"14":{"start":{"line":29,"column":6},"end":{"line":29,"column":41}},"15":{"start":{"line":31,"column":6},"end":{"line":31,"column":69}},"16":{"start":{"line":36,"column":4},"end":{"line":46,"column":5}},"17":{"start":{"line":37,"column":6},"end":{"line":37,"column":101}},"18":{"start":{"line":37,"column":33},"end":{"line":37,"column":101}},"19":{"start":{"line":38,"column":19},"end":{"line":38,"column":68}},"20":{"start":{"line":39,"column":6},"end":{"line":39,"column":66}},"21":{"start":{"line":39,"column":17},"end":{"line":39,"column":66}},"22":{"start":{"line":40,"column":6},"end":{"line":40,"column":18}},"23":{"start":{"line":42,"column":6},"end":{"line":44,"column":7}},"24":{"start":{"line":43,"column":8},"end":{"line":43,"column":20}},"25":{"start":{"line":45,"column":6},"end":{"line":45,"column":80}},"26":{"start":{"line":50,"column":4},"end":{"line":63,"column":5}},"27":{"start":{"line":51,"column":6},"end":{"line":51,"column":101}},"28":{"start":{"line":51,"column":33},"end":{"line":51,"column":101}},"29":{"start":{"line":52,"column":6},"end":{"line":54,"column":7}},"30":{"start":{"line":53,"column":8},"end":{"line":53,"column":84}},"31":{"start":{"line":55,"column":19},"end":{"line":55,"column":83}},"32":{"start":{"line":56,"column":6},"end":{"line":56,"column":77}},"33":{"start":{"line":56,"column":17},"end":{"line":56,"column":77}},"34":{"start":{"line":57,"column":6},"end":{"line":57,"column":18}},"35":{"start":{"line":59,"column":6},"end":{"line":61,"column":7}},"36":{"start":{"line":60,"column":8},"end":{"line":60,"column":20}},"37":{"start":{"line":62,"column":6},"end":{"line":62,"column":72}},"38":{"start":{"line":67,"column":4},"end":{"line":77,"column":5}},"39":{"start":{"line":68,"column":6},"end":{"line":68,"column":101}},"40":{"start":{"line":68,"column":33},"end":{"line":68,"column":101}},"41":{"start":{"line":69,"column":19},"end":{"line":69,"column":73}},"42":{"start":{"line":70,"column":6},"end":{"line":70,"column":66}},"43":{"start":{"line":70,"column":17},"end":{"line":70,"column":66}},"44":{"start":{"line":71,"column":6},"end":{"line":71,"column":18}},"45":{"start":{"line":73,"column":6},"end":{"line":75,"column":7}},"46":{"start":{"line":74,"column":8},"end":{"line":74,"column":20}},"47":{"start":{"line":76,"column":6},"end":{"line":76,"column":82}},"48":{"start":{"line":81,"column":4},"end":{"line":92,"column":5}},"49":{"start":{"line":82,"column":6},"end":{"line":82,"column":72}},"50":{"start":{"line":82,"column":19},"end":{"line":82,"column":72}},"51":{"start":{"line":83,"column":6},"end":{"line":83,"column":98}},"52":{"start":{"line":83,"column":36},"end":{"line":83,"column":98}},"53":{"start":{"line":84,"column":19},"end":{"line":84,"column":61}},"54":{"start":{"line":85,"column":6},"end":{"line":85,"column":66}},"55":{"start":{"line":85,"column":17},"end":{"line":85,"column":66}},"56":{"start":{"line":86,"column":6},"end":{"line":86,"column":18}},"57":{"start":{"line":88,"column":6},"end":{"line":90,"column":7}},"58":{"start":{"line":89,"column":8},"end":{"line":89,"column":20}},"59":{"start":{"line":91,"column":6},"end":{"line":91,"column":71}},"60":{"start":{"line":96,"column":4},"end":{"line":106,"column":5}},"61":{"start":{"line":97,"column":6},"end":{"line":97,"column":72}},"62":{"start":{"line":97,"column":19},"end":{"line":97,"column":72}},"63":{"start":{"line":98,"column":19},"end":{"line":98,"column":50}},"64":{"start":{"line":99,"column":6},"end":{"line":99,"column":66}},"65":{"start":{"line":99,"column":17},"end":{"line":99,"column":66}},"66":{"start":{"line":100,"column":6},"end":{"line":100,"column":18}},"67":{"start":{"line":102,"column":6},"end":{"line":104,"column":7}},"68":{"start":{"line":103,"column":8},"end":{"line":103,"column":20}},"69":{"start":{"line":105,"column":6},"end":{"line":105,"column":67}},"70":{"start":{"line":110,"column":27},"end":{"line":110,"column":44}}},"fnMap":{"0":{"name":"(anonymous_0)","decl":{"start":{"line":5,"column":2},"end":{"line":5,"column":3}},"loc":{"start":{"line":5,"column":21},"end":{"line":11,"column":3}},"line":5},"1":{"name":"(anonymous_1)","decl":{"start":{"line":13,"column":2},"end":{"line":13,"column":3}},"loc":{"start":{"line":13,"column":28},"end":{"line":25,"column":3}},"line":13},"2":{"name":"(anonymous_2)","decl":{"start":{"line":27,"column":2},"end":{"line":27,"column":3}},"loc":{"start":{"line":27,"column":22},"end":{"line":33,"column":3}},"line":27},"3":{"name":"(anonymous_3)","decl":{"start":{"line":35,"column":2},"end":{"line":35,"column":3}},"loc":{"start":{"line":35,"column":44},"end":{"line":47,"column":3}},"line":35},"4":{"name":"(anonymous_4)","decl":{"start":{"line":49,"column":2},"end":{"line":49,"column":3}},"loc":{"start":{"line":49,"column":59},"end":{"line":64,"column":3}},"line":49},"5":{"name":"(anonymous_5)","decl":{"start":{"line":66,"column":2},"end":{"line":66,"column":3}},"loc":{"start":{"line":66,"column":49},"end":{"line":78,"column":3}},"line":66},"6":{"name":"(anonymous_6)","decl":{"start":{"line":80,"column":2},"end":{"line":80,"column":3}},"loc":{"start":{"line":80,"column":37},"end":{"line":93,"column":3}},"line":80},"7":{"name":"(anonymous_7)","decl":{"start":{"line":95,"column":2},"end":{"line":95,"column":3}},"loc":{"start":{"line":95,"column":26},"end":{"line":107,"column":3}},"line":95}},"branchMap":{"0":{"loc":{"start":{"line":15,"column":6},"end":{"line":15,"column":72}},"type":"if","locations":[{"start":{"line":15,"column":6},"end":{"line":15,"column":72}},{"start":{},"end":{}}],"line":15},"1":{"loc":{"start":{"line":17,"column":6},"end":{"line":17,"column":66}},"type":"if","locations":[{"start":{"line":17,"column":6},"end":{"line":17,"column":66}},{"start":{},"end":{}}],"line":17},"2":{"loc":{"start":{"line":20,"column":6},"end":{"line":22,"column":7}},"type":"if","locations":[{"start":{"line":20,"column":6},"end":{"line":22,"column":7}},{"start":{},"end":{}}],"line":20},"3":{"loc":{"start":{"line":20,"column":10},"end":{"line":20,"column":76}},"type":"binary-expr","locations":[{"start":{"line":20,"column":10},"end":{"line":20,"column":40}},{"start":{"line":20,"column":44},"end":{"line":20,"column":76}}],"line":20},"4":{"loc":{"start":{"line":37,"column":6},"end":{"line":37,"column":101}},"type":"if","locations":[{"start":{"line":37,"column":6},"end":{"line":37,"column":101}},{"start":{},"end":{}}],"line":37},"5":{"loc":{"start":{"line":37,"column":10},"end":{"line":37,"column":31}},"type":"binary-expr","locations":[{"start":{"line":37,"column":10},"end":{"line":37,"column":17}},{"start":{"line":37,"column":21},"end":{"line":37,"column":31}}],"line":37},"6":{"loc":{"start":{"line":39,"column":6},"end":{"line":39,"column":66}},"type":"if","locations":[{"start":{"line":39,"column":6},"end":{"line":39,"column":66}},{"start":{},"end":{}}],"line":39},"7":{"loc":{"start":{"line":42,"column":6},"end":{"line":44,"column":7}},"type":"if","locations":[{"start":{"line":42,"column":6},"end":{"line":44,"column":7}},{"start":{},"end":{}}],"line":42},"8":{"loc":{"start":{"line":42,"column":10},"end":{"line":42,"column":76}},"type":"binary-expr","locations":[{"start":{"line":42,"column":10},"end":{"line":42,"column":40}},{"start":{"line":42,"column":44},"end":{"line":42,"column":76}}],"line":42},"9":{"loc":{"start":{"line":51,"column":6},"end":{"line":51,"column":101}},"type":"if","locations":[{"start":{"line":51,"column":6},"end":{"line":51,"column":101}},{"start":{},"end":{}}],"line":51},"10":{"loc":{"start":{"line":51,"column":10},"end":{"line":51,"column":31}},"type":"binary-expr","locations":[{"start":{"line":51,"column":10},"end":{"line":51,"column":17}},{"start":{"line":51,"column":21},"end":{"line":51,"column":31}}],"line":51},"11":{"loc":{"start":{"line":52,"column":6},"end":{"line":54,"column":7}},"type":"if","locations":[{"start":{"line":52,"column":6},"end":{"line":54,"column":7}},{"start":{},"end":{}}],"line":52},"12":{"loc":{"start":{"line":52,"column":10},"end":{"line":52,"column":53}},"type":"binary-expr","locations":[{"start":{"line":52,"column":10},"end":{"line":52,"column":37}},{"start":{"line":52,"column":41},"end":{"line":52,"column":53}}],"line":52},"13":{"loc":{"start":{"line":56,"column":6},"end":{"line":56,"column":77}},"type":"if","locations":[{"start":{"line":56,"column":6},"end":{"line":56,"column":77}},{"start":{},"end":{}}],"line":56},"14":{"loc":{"start":{"line":59,"column":6},"end":{"line":61,"column":7}},"type":"if","locations":[{"start":{"line":59,"column":6},"end":{"line":61,"column":7}},{"start":{},"end":{}}],"line":59},"15":{"loc":{"start":{"line":59,"column":10},"end":{"line":59,"column":76}},"type":"binary-expr","locations":[{"start":{"line":59,"column":10},"end":{"line":59,"column":40}},{"start":{"line":59,"column":44},"end":{"line":59,"column":76}}],"line":59},"16":{"loc":{"start":{"line":68,"column":6},"end":{"line":68,"column":101}},"type":"if","locations":[{"start":{"line":68,"column":6},"end":{"line":68,"column":101}},{"start":{},"end":{}}],"line":68},"17":{"loc":{"start":{"line":68,"column":10},"end":{"line":68,"column":31}},"type":"binary-expr","locations":[{"start":{"line":68,"column":10},"end":{"line":68,"column":17}},{"start":{"line":68,"column":21},"end":{"line":68,"column":31}}],"line":68},"18":{"loc":{"start":{"line":70,"column":6},"end":{"line":70,"column":66}},"type":"if","locations":[{"start":{"line":70,"column":6},"end":{"line":70,"column":66}},{"start":{},"end":{}}],"line":70},"19":{"loc":{"start":{"line":73,"column":6},"end":{"line":75,"column":7}},"type":"if","locations":[{"start":{"line":73,"column":6},"end":{"line":75,"column":7}},{"start":{},"end":{}}],"line":73},"20":{"loc":{"start":{"line":73,"column":10},"end":{"line":73,"column":76}},"type":"binary-expr","locations":[{"start":{"line":73,"column":10},"end":{"line":73,"column":40}},{"start":{"line":73,"column":44},"end":{"line":73,"column":76}}],"line":73},"21":{"loc":{"start":{"line":82,"column":6},"end":{"line":82,"column":72}},"type":"if","locations":[{"start":{"line":82,"column":6},"end":{"line":82,"column":72}},{"start":{},"end":{}}],"line":82},"22":{"loc":{"start":{"line":83,"column":6},"end":{"line":83,"column":98}},"type":"if","locations":[{"start":{"line":83,"column":6},"end":{"line":83,"column":98}},{"start":{},"end":{}}],"line":83},"23":{"loc":{"start":{"line":85,"column":6},"end":{"line":85,"column":66}},"type":"if","locations":[{"start":{"line":85,"column":6},"end":{"line":85,"column":66}},{"start":{},"end":{}}],"line":85},"24":{"loc":{"start":{"line":88,"column":6},"end":{"line":90,"column":7}},"type":"if","locations":[{"start":{"line":88,"column":6},"end":{"line":90,"column":7}},{"start":{},"end":{}}],"line":88},"25":{"loc":{"start":{"line":88,"column":10},"end":{"line":88,"column":76}},"type":"binary-expr","locations":[{"start":{"line":88,"column":10},"end":{"line":88,"column":40}},{"start":{"line":88,"column":44},"end":{"line":88,"column":76}}],"line":88},"26":{"loc":{"start":{"line":97,"column":6},"end":{"line":97,"column":72}},"type":"if","locations":[{"start":{"line":97,"column":6},"end":{"line":97,"column":72}},{"start":{},"end":{}}],"line":97},"27":{"loc":{"start":{"line":99,"column":6},"end":{"line":99,"column":66}},"type":"if","locations":[{"start":{"line":99,"column":6},"end":{"line":99,"column":66}},{"start":{},"end":{}}],"line":99},"28":{"loc":{"start":{"line":102,"column":6},"end":{"line":104,"column":7}},"type":"if","locations":[{"start":{"line":102,"column":6},"end":{"line":104,"column":7}},{"start":{},"end":{}}],"line":102},"29":{"loc":{"start":{"line":102,"column":10},"end":{"line":102,"column":76}},"type":"binary-expr","locations":[{"start":{"line":102,"column":10},"end":{"line":102,"column":40}},{"start":{"line":102,"column":44},"end":{"line":102,"column":76}}],"line":102}},"s":{"0":2,"1":2,"2":1,"3":3,"4":3,"5":1,"6":2,"7":2,"8":1,"9":1,"10":2,"11":2,"12":0,"13":2,"14":2,"15":1,"16":3,"17":3,"18":1,"19":2,"20":2,"21":1,"22":1,"23":2,"24":2,"25":0,"26":4,"27":4,"28":1,"29":3,"30":1,"31":2,"32":2,"33":1,"34":1,"35":3,"36":3,"37":0,"38":3,"39":3,"40":1,"41":2,"42":2,"43":1,"44":1,"45":2,"46":2,"47":0,"48":4,"49":4,"50":1,"51":3,"52":1,"53":2,"54":2,"55":1,"56":1,"57":3,"58":3,"59":0,"60":3,"61":3,"62":1,"63":2,"64":2,"65":1,"66":1,"67":2,"68":2,"69":0,"70":2},"f":{"0":2,"1":3,"2":2,"3":3,"4":4,"5":3,"6":4,"7":3},"b":{"0":[1,2],"1":[1,1],"2":[2,0],"3":[2,1],"4":[1,2],"5":[3,3],"6":[1,1],"7":[2,0],"8":[2,1],"9":[1,3],"10":[4,4],"11":[1,2],"12":[3,3],"13":[1,1],"14":[3,0],"15":[3,2],"16":[1,2],"17":[3,3],"18":[1,1],"19":[2,0],"20":[2,1],"21":[1,3],"22":[1,2],"23":[1,1],"24":[3,0],"25":[3,2],"26":[1,2],"27":[1,1],"28":[2,0],"29":[2,1]},"_coverageSchema":"1a1c01bbd47fc00a2c39e90264f33305004495a9","hash":"6d58c009af1e6f50be6d8159e4da2ce28802c0fe"}
,"C:\\Users\\Usuario\\Desktop\\CURSOS CODER HOUSE\\BackEnd3\\EntregaFinal\\src\\services\\products.service.js": {"path":"C:\\Users\\Usuario\\Desktop\\CURSOS CODER HOUSE\\BackEnd3\\EntregaFinal\\src\\services\\products.service.js","statementMap":{"0":{"start":{"line":6,"column":4},"end":{"line":6,"column":48}},"1":{"start":{"line":10,"column":4},"end":{"line":10,"column":51}},"2":{"start":{"line":14,"column":4},"end":{"line":14,"column":47}},"3":{"start":{"line":18,"column":4},"end":{"line":18,"column":48}},"4":{"start":{"line":22,"column":4},"end":{"line":24,"column":5}},"5":{"start":{"line":23,"column":6},"end":{"line":23,"column":75}},"6":{"start":{"line":25,"column":24},"end":{"line":32,"column":5}},"7":{"start":{"line":33,"column":4},"end":{"line":33,"column":48}},"8":{"start":{"line":37,"column":4},"end":{"line":37,"column":59}},"9":{"start":{"line":41,"column":4},"end":{"line":41,"column":46}},"10":{"start":{"line":45,"column":4},"end":{"line":45,"column":49}},"11":{"start":{"line":49,"column":31},"end":{"line":49,"column":52}}},"fnMap":{"0":{"name":"(anonymous_0)","decl":{"start":{"line":5,"column":2},"end":{"line":5,"column":3}},"loc":{"start":{"line":5,"column":29},"end":{"line":7,"column":3}},"line":5},"1":{"name":"(anonymous_1)","decl":{"start":{"line":9,"column":2},"end":{"line":9,"column":3}},"loc":{"start":{"line":9,"column":36},"end":{"line":11,"column":3}},"line":9},"2":{"name":"(anonymous_2)","decl":{"start":{"line":13,"column":2},"end":{"line":13,"column":3}},"loc":{"start":{"line":13,"column":27},"end":{"line":15,"column":3}},"line":13},"3":{"name":"(anonymous_3)","decl":{"start":{"line":17,"column":2},"end":{"line":17,"column":3}},"loc":{"start":{"line":17,"column":28},"end":{"line":19,"column":3}},"line":17},"4":{"name":"(anonymous_4)","decl":{"start":{"line":21,"column":2},"end":{"line":21,"column":3}},"loc":{"start":{"line":21,"column":46},"end":{"line":34,"column":3}},"line":21},"5":{"name":"(anonymous_5)","decl":{"start":{"line":36,"column":2},"end":{"line":36,"column":3}},"loc":{"start":{"line":36,"column":39},"end":{"line":38,"column":3}},"line":36},"6":{"name":"(anonymous_6)","decl":{"start":{"line":40,"column":2},"end":{"line":40,"column":3}},"loc":{"start":{"line":40,"column":26},"end":{"line":42,"column":3}},"line":40},"7":{"name":"(anonymous_7)","decl":{"start":{"line":44,"column":2},"end":{"line":44,"column":3}},"loc":{"start":{"line":44,"column":30},"end":{"line":46,"column":3}},"line":44}},"branchMap":{"0":{"loc":{"start":{"line":9,"column":23},"end":{"line":9,"column":34}},"type":"default-arg","locations":[{"start":{"line":9,"column":32},"end":{"line":9,"column":34}}],"line":9},"1":{"loc":{"start":{"line":22,"column":4},"end":{"line":24,"column":5}},"type":"if","locations":[{"start":{"line":22,"column":4},"end":{"line":24,"column":5}},{"start":{},"end":{}}],"line":22},"2":{"loc":{"start":{"line":22,"column":8},"end":{"line":22,"column":36}},"type":"binary-expr","locations":[{"start":{"line":22,"column":8},"end":{"line":22,"column":15}},{"start":{"line":22,"column":19},"end":{"line":22,"column":26}},{"start":{"line":22,"column":30},"end":{"line":22,"column":36}}],"line":22}},"s":{"0":0,"1":0,"2":0,"3":0,"4":0,"5":0,"6":0,"7":0,"8":0,"9":0,"10":0,"11":1},"f":{"0":0,"1":0,"2":0,"3":0,"4":0,"5":0,"6":0,"7":0},"b":{"0":[0],"1":[0,0],"2":[0,0,0]},"_coverageSchema":"1a1c01bbd47fc00a2c39e90264f33305004495a9","hash":"63eacff28af828c5917daf5708a3a8e0347faf80"}
,"C:\\Users\\Usuario\\Desktop\\CURSOS CODER HOUSE\\BackEnd3\\EntregaFinal\\src\\services\\ticket.service.js": {"path":"C:\\Users\\Usuario\\Desktop\\CURSOS CODER HOUSE\\BackEnd3\\EntregaFinal\\src\\services\\ticket.service.js","statementMap":{"0":{"start":{"line":5,"column":4},"end":{"line":5,"column":46}},"1":{"start":{"line":9,"column":4},"end":{"line":9,"column":45}},"2":{"start":{"line":13,"column":4},"end":{"line":13,"column":42}},"3":{"start":{"line":17,"column":29},"end":{"line":17,"column":48}}},"fnMap":{"0":{"name":"(anonymous_0)","decl":{"start":{"line":4,"column":2},"end":{"line":4,"column":3}},"loc":{"start":{"line":4,"column":27},"end":{"line":6,"column":3}},"line":4},"1":{"name":"(anonymous_1)","decl":{"start":{"line":8,"column":2},"end":{"line":8,"column":3}},"loc":{"start":{"line":8,"column":26},"end":{"line":10,"column":3}},"line":8},"2":{"name":"(anonymous_2)","decl":{"start":{"line":12,"column":2},"end":{"line":12,"column":3}},"loc":{"start":{"line":12,"column":27},"end":{"line":14,"column":3}},"line":12}},"branchMap":{"0":{"loc":{"start":{"line":12,"column":15},"end":{"line":12,"column":25}},"type":"default-arg","locations":[{"start":{"line":12,"column":23},"end":{"line":12,"column":25}}],"line":12}},"s":{"0":0,"1":0,"2":0,"3":1},"f":{"0":0,"1":0,"2":0},"b":{"0":[0]},"_coverageSchema":"1a1c01bbd47fc00a2c39e90264f33305004495a9","hash":"1fdc8af2d4b3d714f90aaddd5e54f2970e7e1ddb"}
,"C:\\Users\\Usuario\\Desktop\\CURSOS CODER HOUSE\\BackEnd3\\EntregaFinal\\src\\utils\\customErrors.js": {"path":"C:\\Users\\Usuario\\Desktop\\CURSOS CODER HOUSE\\BackEnd3\\EntregaFinal\\src\\utils\\customErrors.js","statementMap":{"0":{"start":{"line":3,"column":4},"end":{"line":3,"column":19}},"1":{"start":{"line":4,"column":4},"end":{"line":4,"column":25}},"2":{"start":{"line":5,"column":4},"end":{"line":5,"column":21}},"3":{"start":{"line":11,"column":4},"end":{"line":11,"column":41}},"4":{"start":{"line":17,"column":4},"end":{"line":17,"column":43}}},"fnMap":{"0":{"name":"(anonymous_0)","decl":{"start":{"line":2,"column":2},"end":{"line":2,"column":3}},"loc":{"start":{"line":2,"column":37},"end":{"line":6,"column":3}},"line":2},"1":{"name":"(anonymous_1)","decl":{"start":{"line":10,"column":2},"end":{"line":10,"column":3}},"loc":{"start":{"line":10,"column":49},"end":{"line":12,"column":3}},"line":10},"2":{"name":"(anonymous_2)","decl":{"start":{"line":16,"column":2},"end":{"line":16,"column":3}},"loc":{"start":{"line":16,"column":43},"end":{"line":18,"column":3}},"line":16}},"branchMap":{"0":{"loc":{"start":{"line":10,"column":14},"end":{"line":10,"column":47}},"type":"default-arg","locations":[{"start":{"line":10,"column":24},"end":{"line":10,"column":47}}],"line":10},"1":{"loc":{"start":{"line":16,"column":14},"end":{"line":16,"column":41}},"type":"default-arg","locations":[{"start":{"line":16,"column":24},"end":{"line":16,"column":41}}],"line":16}},"s":{"0":22,"1":22,"2":22,"3":13,"4":9},"f":{"0":22,"1":13,"2":9},"b":{"0":[0],"1":[0]},"_coverageSchema":"1a1c01bbd47fc00a2c39e90264f33305004495a9","hash":"39cbe2a10b8786b9fac159583e294e141cf540f2"}
}
