TN:
SF:src\DAOs\index.dao.js
FNF:0
FNH:0
DA:6,4
DA:8,4
LF:2
LH:2
BRDA:6,0,0,4
BRDA:6,0,1,0
BRF:2
BRH:1
end_of_record
TN:
SF:src\DAOs\memory\cart.dao.js
FN:6,(anonymous_0)
FN:15,(anonymous_1)
FN:16,(anonymous_2)
FN:19,(anonymous_3)
FN:23,(anonymous_4)
FN:28,(anonymous_5)
FN:40,(anonymous_6)
FN:45,(anonymous_7)
FN:54,(anonymous_8)
FN:59,(anonymous_9)
FN:64,(anonymous_10)
FN:72,(anonymous_11)
FNF:12
FNH:0
FNDA:0,(anonymous_0)
FNDA:0,(anonymous_1)
FNDA:0,(anonymous_2)
FNDA:0,(anonymous_3)
FNDA:0,(anonymous_4)
FNDA:0,(anonymous_5)
FNDA:0,(anonymous_6)
FNDA:0,(anonymous_7)
FNDA:0,(anonymous_8)
FNDA:0,(anonymous_9)
FNDA:0,(anonymous_10)
FNDA:0,(anonymous_11)
DA:3,4
DA:7,0
DA:11,0
DA:12,0
DA:16,0
DA:20,0
DA:24,0
DA:25,0
DA:27,0
DA:28,0
DA:31,0
DA:32,0
DA:34,0
DA:37,0
DA:41,0
DA:42,0
DA:44,0
DA:45,0
DA:48,0
DA:50,0
DA:51,0
DA:55,0
DA:56,0
DA:58,0
DA:59,0
DA:61,0
DA:65,0
DA:66,0
DA:68,0
DA:69,0
DA:73,0
DA:74,0
DA:76,0
DA:77,0
LF:34
LH:1
BRDA:16,0,0,0
BRDA:16,0,1,0
BRDA:25,1,0,0
BRDA:25,1,1,0
BRDA:31,2,0,0
BRDA:31,2,1,0
BRDA:42,3,0,0
BRDA:42,3,1,0
BRDA:48,4,0,0
BRDA:48,4,1,0
BRDA:56,5,0,0
BRDA:56,5,1,0
BRDA:66,6,0,0
BRDA:66,6,1,0
BRDA:74,7,0,0
BRDA:74,7,1,0
BRF:16
BRH:0
end_of_record
TN:
SF:src\DAOs\memory\index.js
FNF:0
FNH:0
DA:6,4
LF:1
LH:1
BRF:0
BRH:0
end_of_record
TN:
SF:src\DAOs\memory\product.dao.js
FN:6,(anonymous_0)
FN:18,(anonymous_1)
FN:19,(anonymous_2)
FN:22,(anonymous_3)
FN:31,(anonymous_4)
FN:32,(anonymous_5)
FN:38,(anonymous_6)
FN:39,(anonymous_7)
FN:45,(anonymous_8)
FN:49,(anonymous_9)
FN:50,(anonymous_10)
FNF:11
FNH:0
FNDA:0,(anonymous_0)
FNDA:0,(anonymous_1)
FNDA:0,(anonymous_2)
FNDA:0,(anonymous_3)
FNDA:0,(anonymous_4)
FNDA:0,(anonymous_5)
FNDA:0,(anonymous_6)
FNDA:0,(anonymous_7)
FNDA:0,(anonymous_8)
FNDA:0,(anonymous_9)
FNDA:0,(anonymous_10)
DA:3,4
DA:7,0
DA:8,0
DA:9,0
DA:19,0
DA:23,0
DA:27,0
DA:28,0
DA:32,0
DA:33,0
DA:34,0
DA:35,0
DA:39,0
DA:40,0
DA:41,0
DA:42,0
DA:46,0
DA:50,0
DA:51,0
DA:52,0
DA:53,0
LF:21
LH:1
BRDA:19,0,0,0
BRDA:19,0,1,0
BRDA:33,1,0,0
BRDA:33,1,1,0
BRDA:40,2,0,0
BRDA:40,2,1,0
BRDA:45,3,0,0
BRDA:51,4,0,0
BRDA:51,4,1,0
BRF:9
BRH:0
end_of_record
TN:
SF:src\DAOs\memory\ticket.dao.js
FN:6,(anonymous_0)
FN:17,(anonymous_1)
FN:18,(anonymous_2)
FN:21,(anonymous_3)
FN:23,(anonymous_4)
FN:24,(anonymous_5)
FNF:6
FNH:0
FNDA:0,(anonymous_0)
FNDA:0,(anonymous_1)
FNDA:0,(anonymous_2)
FNDA:0,(anonymous_3)
FNDA:0,(anonymous_4)
FNDA:0,(anonymous_5)
DA:3,4
DA:7,0
DA:13,0
DA:14,0
DA:18,0
DA:22,0
DA:23,0
DA:24,0
LF:8
LH:1
BRDA:18,0,0,0
BRDA:18,0,1,0
BRDA:21,1,0,0
BRDA:22,2,0,0
BRDA:22,2,1,0
BRF:5
BRH:0
end_of_record
TN:
SF:src\DAOs\memory\user.dao.js
FN:6,(anonymous_0)
FN:10,(anonymous_1)
FN:11,(anonymous_2)
FN:14,(anonymous_3)
FN:23,(anonymous_4)
FN:24,(anonymous_5)
FN:30,(anonymous_6)
FN:31,(anonymous_7)
FN:37,(anonymous_8)
FN:38,(anonymous_9)
FNF:10
FNH:0
FNDA:0,(anonymous_0)
FNDA:0,(anonymous_1)
FNDA:0,(anonymous_2)
FNDA:0,(anonymous_3)
FNDA:0,(anonymous_4)
FNDA:0,(anonymous_5)
FNDA:0,(anonymous_6)
FNDA:0,(anonymous_7)
FNDA:0,(anonymous_8)
FNDA:0,(anonymous_9)
DA:3,4
DA:7,0
DA:11,0
DA:15,0
DA:19,0
DA:20,0
DA:24,0
DA:25,0
DA:26,0
DA:27,0
DA:31,0
DA:32,0
DA:33,0
DA:34,0
DA:38,0
LF:15
LH:1
BRDA:11,0,0,0
BRDA:11,0,1,0
BRDA:25,1,0,0
BRDA:25,1,1,0
BRDA:32,2,0,0
BRDA:32,2,1,0
BRDA:38,3,0,0
BRDA:38,3,1,0
BRF:8
BRH:0
end_of_record
TN:
SF:src\DAOs\mongodb\cart.dao.js
FN:4,(anonymous_0)
FN:8,(anonymous_1)
FN:12,(anonymous_2)
FN:16,(anonymous_3)
FN:22,(anonymous_4)
FN:34,(anonymous_5)
FN:39,(anonymous_6)
FN:48,(anonymous_7)
FN:53,(anonymous_8)
FN:58,(anonymous_9)
FN:66,(anonymous_10)
FNF:11
FNH:0
FNDA:0,(anonymous_0)
FNDA:0,(anonymous_1)
FNDA:0,(anonymous_2)
FNDA:0,(anonymous_3)
FNDA:0,(anonymous_4)
FNDA:0,(anonymous_5)
FNDA:0,(anonymous_6)
FNDA:0,(anonymous_7)
FNDA:0,(anonymous_8)
FNDA:0,(anonymous_9)
FNDA:0,(anonymous_10)
DA:5,0
DA:9,0
DA:13,0
DA:17,0
DA:18,0
DA:20,0
DA:21,0
DA:22,0
DA:25,0
DA:26,0
DA:28,0
DA:31,0
DA:35,0
DA:36,0
DA:38,0
DA:39,0
DA:42,0
DA:44,0
DA:45,0
DA:49,0
DA:50,0
DA:52,0
DA:53,0
DA:55,0
DA:59,0
DA:60,0
DA:62,0
DA:63,0
DA:67,0
DA:68,0
DA:70,0
DA:71,0
LF:32
LH:0
BRDA:18,0,0,0
BRDA:18,0,1,0
BRDA:25,1,0,0
BRDA:25,1,1,0
BRDA:36,2,0,0
BRDA:36,2,1,0
BRDA:42,3,0,0
BRDA:42,3,1,0
BRDA:50,4,0,0
BRDA:50,4,1,0
BRDA:60,5,0,0
BRDA:60,5,1,0
BRDA:68,6,0,0
BRDA:68,6,1,0
BRF:14
BRH:0
end_of_record
TN:
SF:src\DAOs\mongodb\index.js
FNF:0
FNH:0
DA:6,4
LF:1
LH:1
BRF:0
BRH:0
end_of_record
TN:
SF:src\DAOs\mongodb\product.dao.js
FN:4,(anonymous_0)
FN:8,(anonymous_1)
FN:12,(anonymous_2)
FN:16,(anonymous_3)
FN:20,(anonymous_4)
FN:24,(anonymous_5)
FN:28,(anonymous_6)
FNF:7
FNH:0
FNDA:0,(anonymous_0)
FNDA:0,(anonymous_1)
FNDA:0,(anonymous_2)
FNDA:0,(anonymous_3)
FNDA:0,(anonymous_4)
FNDA:0,(anonymous_5)
FNDA:0,(anonymous_6)
DA:5,0
DA:9,0
DA:13,0
DA:17,0
DA:21,0
DA:25,0
DA:29,0
LF:7
LH:0
BRDA:24,0,0,0
BRF:1
BRH:0
end_of_record
TN:
SF:src\DAOs\mongodb\ticket.dao.js
FN:4,(anonymous_0)
FN:8,(anonymous_1)
FN:12,(anonymous_2)
FNF:3
FNH:0
FNDA:0,(anonymous_0)
FNDA:0,(anonymous_1)
FNDA:0,(anonymous_2)
DA:5,0
DA:9,0
DA:13,0
LF:3
LH:0
BRDA:12,0,0,0
BRF:1
BRH:0
end_of_record
TN:
SF:src\DAOs\mongodb\user.dao.js
FN:4,(anonymous_0)
FN:8,(anonymous_1)
FN:12,(anonymous_2)
FN:16,(anonymous_3)
FN:20,(anonymous_4)
FN:24,(anonymous_5)
FNF:6
FNH:0
FNDA:0,(anonymous_0)
FNDA:0,(anonymous_1)
FNDA:0,(anonymous_2)
FNDA:0,(anonymous_3)
FNDA:0,(anonymous_4)
FNDA:0,(anonymous_5)
DA:5,0
DA:9,0
DA:13,0
DA:17,0
DA:21,0
DA:25,0
LF:6
LH:0
BRF:0
BRH:0
end_of_record
TN:
SF:src\common\constants\persistence.js
FNF:0
FNH:0
DA:1,4
LF:1
LH:1
BRF:0
BRH:0
end_of_record
TN:
SF:src\config\config.js
FNF:0
FNH:0
DA:4,4
DA:6,4
LF:2
LH:2
BRDA:7,0,0,4
BRDA:7,0,1,0
BRDA:9,1,0,4
BRDA:9,1,1,0
BRF:4
BRH:2
end_of_record
TN:
SF:src\controllers\carts.controller.js
FN:7,(anonymous_0)
FN:16,(anonymous_1)
FN:29,(anonymous_2)
FN:38,(anonymous_3)
FN:52,(anonymous_4)
FN:63,(anonymous_5)
FN:77,(anonymous_6)
FN:87,(anonymous_7)
FN:97,(anonymous_8)
FN:121,(anonymous_9)
FNF:10
FNH:10
FNDA:2,(anonymous_0)
FNDA:4,(anonymous_1)
FNDA:2,(anonymous_2)
FNDA:3,(anonymous_3)
FNDA:2,(anonymous_4)
FNDA:3,(anonymous_5)
FNDA:2,(anonymous_6)
FNDA:2,(anonymous_7)
FNDA:5,(anonymous_8)
FNDA:4,(anonymous_9)
DA:8,2
DA:9,2
DA:10,1
DA:12,1
DA:17,4
DA:18,4
DA:19,4
DA:20,2
DA:21,1
DA:23,1
DA:25,2
DA:30,2
DA:31,2
DA:32,1
DA:34,1
DA:39,3
DA:40,3
DA:41,3
DA:42,3
DA:43,1
DA:45,2
DA:46,1
DA:48,1
DA:53,2
DA:54,2
DA:55,2
DA:56,2
DA:57,1
DA:59,1
DA:64,3
DA:65,3
DA:66,3
DA:67,1
DA:69,2
DA:70,2
DA:71,1
DA:73,1
DA:78,2
DA:79,2
DA:80,2
DA:81,1
DA:83,1
DA:88,2
DA:89,2
DA:90,2
DA:91,1
DA:93,1
DA:98,5
DA:99,5
DA:100,5
DA:101,4
DA:102,1
DA:105,3
DA:106,3
DA:107,3
DA:109,3
DA:110,4
DA:111,4
DA:112,2
DA:113,2
DA:114,2
DA:115,2
DA:117,2
DA:121,3
DA:122,4
DA:124,3
DA:126,3
DA:127,2
DA:133,2
DA:134,2
DA:140,1
DA:146,1
DA:151,1
LF:73
LH:73
BRDA:20,0,0,1
BRDA:20,0,1,1
BRDA:42,1,0,1
BRDA:42,1,1,2
BRDA:66,2,0,1
BRDA:66,2,1,2
BRDA:66,3,0,3
BRDA:66,3,1,3
BRDA:101,4,0,1
BRDA:101,4,1,3
BRDA:101,5,0,4
BRDA:101,5,1,4
BRDA:111,6,0,2
BRDA:111,6,1,2
BRDA:126,7,0,2
BRDA:126,7,1,1
BRDA:137,8,0,1
BRDA:137,8,1,1
BRF:18
BRH:18
end_of_record
TN:
SF:src\models\carts.model.js
FNF:0
FNH:0
DA:3,4
DA:16,4
LF:2
LH:2
BRF:0
BRH:0
end_of_record
TN:
SF:src\models\products.model.js
FNF:0
FNH:0
DA:6,4
DA:16,4
DA:20,4
LF:3
LH:3
BRF:0
BRH:0
end_of_record
TN:
SF:src\models\ticket.model.js
FN:16,(anonymous_0)
FNF:1
FNH:0
FNDA:0,(anonymous_0)
DA:3,4
DA:16,4
DA:17,0
DA:18,0
DA:20,0
DA:23,4
LF:6
LH:3
BRDA:17,0,0,0
BRDA:17,0,1,0
BRF:2
BRH:0
end_of_record
TN:
SF:src\models\user.model.js
FNF:0
FNH:0
DA:3,4
DA:13,4
LF:2
LH:2
BRF:0
BRH:0
end_of_record
TN:
SF:src\services\carts.service.js
FN:5,(anonymous_0)
FN:13,(anonymous_1)
FN:27,(anonymous_2)
FN:35,(anonymous_3)
FN:49,(anonymous_4)
FN:66,(anonymous_5)
FN:80,(anonymous_6)
FN:95,(anonymous_7)
FNF:8
FNH:8
FNDA:2,(anonymous_0)
FNDA:3,(anonymous_1)
FNDA:2,(anonymous_2)
FNDA:3,(anonymous_3)
FNDA:4,(anonymous_4)
FNDA:3,(anonymous_5)
FNDA:4,(anonymous_6)
FNDA:3,(anonymous_7)
DA:6,2
DA:7,2
DA:9,1
DA:14,3
DA:15,3
DA:16,2
DA:17,2
DA:18,1
DA:20,2
DA:21,2
DA:23,0
DA:28,2
DA:29,2
DA:31,1
DA:36,3
DA:37,3
DA:38,2
DA:39,2
DA:40,1
DA:42,2
DA:43,2
DA:45,0
DA:50,4
DA:51,4
DA:52,3
DA:53,1
DA:55,2
DA:56,2
DA:57,1
DA:59,3
DA:60,3
DA:62,0
DA:67,3
DA:68,3
DA:69,2
DA:70,2
DA:71,1
DA:73,2
DA:74,2
DA:76,0
DA:81,4
DA:82,4
DA:83,3
DA:84,2
DA:85,2
DA:86,1
DA:88,3
DA:89,3
DA:91,0
DA:96,3
DA:97,3
DA:98,2
DA:99,2
DA:100,1
DA:102,2
DA:103,2
DA:105,0
DA:110,2
LF:58
LH:52
BRDA:15,0,0,1
BRDA:15,0,1,2
BRDA:17,1,0,1
BRDA:17,1,1,1
BRDA:20,2,0,2
BRDA:20,2,1,0
BRDA:20,3,0,2
BRDA:20,3,1,1
BRDA:37,4,0,1
BRDA:37,4,1,2
BRDA:37,5,0,3
BRDA:37,5,1,3
BRDA:39,6,0,1
BRDA:39,6,1,1
BRDA:42,7,0,2
BRDA:42,7,1,0
BRDA:42,8,0,2
BRDA:42,8,1,1
BRDA:51,9,0,1
BRDA:51,9,1,3
BRDA:51,10,0,4
BRDA:51,10,1,4
BRDA:52,11,0,1
BRDA:52,11,1,2
BRDA:52,12,0,3
BRDA:52,12,1,3
BRDA:56,13,0,1
BRDA:56,13,1,1
BRDA:59,14,0,3
BRDA:59,14,1,0
BRDA:59,15,0,3
BRDA:59,15,1,2
BRDA:68,16,0,1
BRDA:68,16,1,2
BRDA:68,17,0,3
BRDA:68,17,1,3
BRDA:70,18,0,1
BRDA:70,18,1,1
BRDA:73,19,0,2
BRDA:73,19,1,0
BRDA:73,20,0,2
BRDA:73,20,1,1
BRDA:82,21,0,1
BRDA:82,21,1,3
BRDA:83,22,0,1
BRDA:83,22,1,2
BRDA:85,23,0,1
BRDA:85,23,1,1
BRDA:88,24,0,3
BRDA:88,24,1,0
BRDA:88,25,0,3
BRDA:88,25,1,2
BRDA:97,26,0,1
BRDA:97,26,1,2
BRDA:99,27,0,1
BRDA:99,27,1,1
BRDA:102,28,0,2
BRDA:102,28,1,0
BRDA:102,29,0,2
BRDA:102,29,1,1
BRF:60
BRH:54
end_of_record
TN:
SF:src\services\products.service.js
FN:5,(anonymous_0)
FN:9,(anonymous_1)
FN:13,(anonymous_2)
FN:17,(anonymous_3)
FN:21,(anonymous_4)
FN:36,(anonymous_5)
FN:40,(anonymous_6)
FN:44,(anonymous_7)
FNF:8
FNH:0
FNDA:0,(anonymous_0)
FNDA:0,(anonymous_1)
FNDA:0,(anonymous_2)
FNDA:0,(anonymous_3)
FNDA:0,(anonymous_4)
FNDA:0,(anonymous_5)
FNDA:0,(anonymous_6)
FNDA:0,(anonymous_7)
DA:6,0
DA:10,0
DA:14,0
DA:18,0
DA:22,0
DA:23,0
DA:25,0
DA:33,0
DA:37,0
DA:41,0
DA:45,0
DA:49,1
LF:12
LH:1
BRDA:9,0,0,0
BRDA:22,1,0,0
BRDA:22,1,1,0
BRDA:22,2,0,0
BRDA:22,2,1,0
BRDA:22,2,2,0
BRF:6
BRH:0
end_of_record
TN:
SF:src\services\ticket.service.js
FN:4,(anonymous_0)
FN:8,(anonymous_1)
FN:12,(anonymous_2)
FNF:3
FNH:0
FNDA:0,(anonymous_0)
FNDA:0,(anonymous_1)
FNDA:0,(anonymous_2)
DA:5,0
DA:9,0
DA:13,0
DA:17,1
LF:4
LH:1
BRDA:12,0,0,0
BRF:1
BRH:0
end_of_record
TN:
SF:src\utils\customErrors.js
FN:2,(anonymous_0)
FN:10,(anonymous_1)
FN:16,(anonymous_2)
FNF:3
FNH:3
FNDA:22,(anonymous_0)
FNDA:13,(anonymous_1)
FNDA:9,(anonymous_2)
DA:3,22
DA:4,22
DA:5,22
DA:11,13
DA:17,9
LF:5
LH:5
BRDA:10,0,0,0
BRDA:16,1,0,0
BRF:2
BRH:0
end_of_record
